[0.003645] INIT: Logger started :)
[0.004003] EVENT: Parameters parsed for blob detector
[0.004170] EVENT: Parameters parsed for math config
[0.004282] EVENT: Parameters parsed for color detection
[0.004365] EVENT: Parameters parsed for system config
[0.226565] EVENT: Camera Initialized Successfully
[0.764652] EVENT: Serial port /dev/ttyACM1 opened
[0.765007] EVENT: Starting Flight controller loop
[0.765623] EVENT: IMU serial port /dev/ttyACM0 opened
[0.765861] EVENT: IMU sensor data loop started
[1.867797] EVENT: Tracking loop started
[2.438873] DEBUG: Frame 0 process time: 0.570844s
[2.564192] DEBUG: Frame 1 process time: 0.072498s
[2.676186] DEBUG: Frame 2 process time: 0.072523s
[2.820680] DEBUG: Frame 3 process time: 0.072966s
[2.953113] DEBUG: Frame 4 process time: 0.073421s
[3.089040] DEBUG: Frame 5 process time: 0.073345s
[3.253270] DEBUG: Frame 6 process time: 0.073242s
[3.755225] DEBUG: Frame 7 process time: 0.073368s
[3.901536] DEBUG: Frame 8 process time: 0.073810s
[4.031674] DEBUG: Frame 9 process time: 0.083769s
[4.213362] DEBUG: Frame 10 process time: 0.073365s
[4.328053] DEBUG: Frame 11 process time: 0.083947s
[4.545121] DEBUG: Frame 12 process time: 0.073457s
[4.656893] DEBUG: Frame 13 process time: 0.081110s
[4.841103] DEBUG: Frame 14 process time: 0.073321s
[4.965519] DEBUG: Frame 15 process time: 0.093849s
[5.125841] DEBUG: Frame 16 process time: 0.073556s
[7.801663] DEBUG: Frame 17 process time: 0.073982s
[7.920869] DEBUG: Frame 18 process time: 0.073124s
[8.038774] DEBUG: Frame 19 process time: 0.074400s
[8.153168] DEBUG: Frame 20 process time: 0.073411s
[8.276977] DEBUG: Frame 21 process time: 0.072842s
[8.390795] DEBUG: Frame 22 process time: 0.075023s
[8.515408] DEBUG: Frame 23 process time: 0.075203s
[8.636097] DEBUG: Frame 24 process time: 0.076332s
[8.755696] DEBUG: Frame 25 process time: 0.075964s
[8.879985] DEBUG: Frame 26 process time: 0.075883s
[8.996145] DEBUG: Frame 27 process time: 0.076255s
[9.118064] DEBUG: Frame 28 process time: 0.073918s
[9.245502] DEBUG: Frame 29 process time: 0.081776s
[9.363871] DEBUG: Frame 30 process time: 0.075937s
[9.488723] DEBUG: Frame 31 process time: 0.076584s
[9.608346] DEBUG: Frame 32 process time: 0.076459s
[9.736845] DEBUG: Frame 33 process time: 0.077068s
[9.856543] DEBUG: Frame 34 process time: 0.076784s
[9.976101] DEBUG: Frame 35 process time: 0.076320s
[10.092424] DEBUG: Frame 36 process time: 0.076563s
[10.211069] DEBUG: Frame 37 process time: 0.075219s
[10.328570] DEBUG: Frame 38 process time: 0.076774s
[10.444348] DEBUG: Frame 39 process time: 0.076582s
[10.564451] DEBUG: Frame 40 process time: 0.076206s
[10.688588] DEBUG: Frame 41 process time: 0.076871s
[10.808525] DEBUG: Frame 42 process time: 0.076395s
[10.924151] DEBUG: Frame 43 process time: 0.076329s
[11.049368] DEBUG: Frame 44 process time: 0.094366s
[11.172004] DEBUG: Frame 45 process time: 0.092327s
[11.289442] DEBUG: Frame 46 process time: 0.086533s
[11.462761] DEBUG: Frame 47 process time: 0.074780s
[11.574784] DEBUG: Frame 48 process time: 0.081686s
[11.685670] DEBUG: Frame 49 process time: 0.080656s
[11.887550] DEBUG: Frame 50 process time: 0.075486s
[11.999305] DEBUG: Frame 51 process time: 0.081276s
[12.175928] DEBUG: Frame 52 process time: 0.075529s
[12.288121] DEBUG: Frame 53 process time: 0.081654s
[12.460138] DEBUG: Frame 54 process time: 0.076370s
[12.572528] DEBUG: Frame 55 process time: 0.081130s
[12.682786] DEBUG: Frame 56 process time: 0.080052s
[12.794735] DEBUG: Frame 57 process time: 0.081028s
[13.023360] DEBUG: Frame 58 process time: 0.075434s
[13.136621] DEBUG: Frame 59 process time: 0.082009s
[13.246785] DEBUG: Frame 60 process time: 0.079941s
[13.391400] DEBUG: Frame 61 process time: 0.075422s
[13.513034] DEBUG: Frame 62 process time: 0.090804s
[13.621492] DEBUG: Frame 63 process time: 0.078242s
[13.734281] DEBUG: Frame 64 process time: 0.082527s
[13.844262] DEBUG: Frame 65 process time: 0.079755s
[13.978932] DEBUG: Frame 66 process time: 0.075122s
[14.089487] DEBUG: Frame 67 process time: 0.080028s
[14.198234] DEBUG: Frame 68 process time: 0.078526s
[14.312817] DEBUG: Frame 69 process time: 0.082735s
[14.426568] DEBUG: Frame 70 process time: 0.080769s
[14.551902] DEBUG: Frame 71 process time: 0.076063s
[14.665184] DEBUG: Frame 72 process time: 0.082375s
[14.776930] DEBUG: Frame 73 process time: 0.081523s
[14.890990] DEBUG: Frame 74 process time: 0.082810s
[15.002438] DEBUG: Frame 75 process time: 0.081165s
[15.111036] DEBUG: Frame 76 process time: 0.075220s
[15.223942] DEBUG: Frame 77 process time: 0.081988s
[15.403861] DEBUG: Frame 78 process time: 0.075528s
[15.522272] DEBUG: Frame 79 process time: 0.082875s
[15.633339] DEBUG: Frame 80 process time: 0.080790s
[15.863603] DEBUG: Frame 81 process time: 0.075802s
[15.976794] DEBUG: Frame 82 process time: 0.082427s
[16.159585] DEBUG: Frame 83 process time: 0.075795s
[16.278259] DEBUG: Frame 84 process time: 0.087898s
[16.463160] DEBUG: Frame 85 process time: 0.075292s
[16.577611] DEBUG: Frame 86 process time: 0.083662s
[16.688091] DEBUG: Frame 87 process time: 0.080156s
[16.895182] DEBUG: Frame 88 process time: 0.075281s
[17.008125] DEBUG: Frame 89 process time: 0.081920s
[17.117735] DEBUG: Frame 90 process time: 0.079383s
[17.239869] DEBUG: Frame 91 process time: 0.087588s
[17.351048] DEBUG: Frame 92 process time: 0.080967s
[17.475950] DEBUG: Frame 93 process time: 0.083912s
[17.586306] DEBUG: Frame 94 process time: 0.080149s
[17.703010] DEBUG: Frame 95 process time: 0.082997s
[17.812488] DEBUG: Frame 96 process time: 0.079234s
[18.022191] DEBUG: Frame 97 process time: 0.075346s
[18.133790] DEBUG: Frame 98 process time: 0.080708s
[18.243788] DEBUG: Frame 99 process time: 0.079780s
[18.280215] EVENT: Calculated point:  5.17378 -1.14718        0
[18.280264] CLOSE: Closing Logger :)
