[1.021790] INIT: Logger started :)
[1.024480] EVENT: Parameters parsed for blob detector
[1.024922] EVENT: Parameters parsed for math config
[1.025190] EVENT: Parameters parsed for color detection
[1.025390] EVENT: Parameters parsed for system config
[1.307436] EVENT: Camera Initialized Successfully
[2.201679] EVENT: Serial port /dev/serial0 opened
[2.202014] EVENT: Starting Flight controller loop
[2.204304] EVENT: IMU serial port /dev/ttyACM0 opened
[2.204613] EVENT: IMU sensor data loop started
[2.405706] EVENT: Tracking loop started
[2.922559] DEBUG: Frame 0 process time: 0.516495s
[3.060898] DEBUG: Frame 1 process time: 0.095167s
[3.196712] DEBUG: Frame 2 process time: 0.104840s
[3.324391] DEBUG: Frame 3 process time: 0.079631s
[3.441971] DEBUG: Frame 4 process time: 0.086295s
[3.551238] DEBUG: Frame 5 process time: 0.077907s
[3.664613] DEBUG: Frame 6 process time: 0.082125s
[3.774795] DEBUG: Frame 7 process time: 0.078989s
[3.883137] DEBUG: Frame 8 process time: 0.077365s
[3.992020] DEBUG: Frame 9 process time: 0.077893s
[4.100551] DEBUG: Frame 10 process time: 0.077206s
[4.210645] DEBUG: Frame 11 process time: 0.079450s
[4.318763] DEBUG: Frame 12 process time: 0.076908s
[4.429713] DEBUG: Frame 13 process time: 0.080237s
[4.547373] DEBUG: Frame 14 process time: 0.086458s
[4.661429] DEBUG: Frame 15 process time: 0.082757s
[4.770602] DEBUG: Frame 16 process time: 0.078517s
[4.878929] DEBUG: Frame 17 process time: 0.077748s
[4.986875] DEBUG: Frame 18 process time: 0.077192s
[5.118862] DEBUG: Frame 19 process time: 0.100344s
[5.238852] DEBUG: Frame 20 process time: 0.082518s
[5.347645] DEBUG: Frame 21 process time: 0.077530s
[5.457429] DEBUG: Frame 22 process time: 0.079145s
[5.567567] DEBUG: Frame 23 process time: 0.079134s
[5.679338] DEBUG: Frame 24 process time: 0.080613s
[5.790545] DEBUG: Frame 25 process time: 0.080531s
[5.901151] DEBUG: Frame 26 process time: 0.079337s
[6.012749] DEBUG: Frame 27 process time: 0.080516s
[6.143359] DEBUG: Frame 28 process time: 0.099353s
[6.251670] DEBUG: Frame 29 process time: 0.076989s
[6.358817] DEBUG: Frame 30 process time: 0.076180s
[6.467024] DEBUG: Frame 31 process time: 0.077202s
[6.574859] DEBUG: Frame 32 process time: 0.077423s
[6.696436] DEBUG: Frame 33 process time: 0.090268s
[6.809881] DEBUG: Frame 34 process time: 0.081865s
[6.917478] DEBUG: Frame 35 process time: 0.076674s
[7.027085] DEBUG: Frame 36 process time: 0.078866s
[7.149109] DEBUG: Frame 37 process time: 0.091290s
[7.261503] DEBUG: Frame 38 process time: 0.081253s
[7.369644] DEBUG: Frame 39 process time: 0.077658s
[7.479081] DEBUG: Frame 40 process time: 0.078406s
[7.597130] DEBUG: Frame 41 process time: 0.078929s
[7.711658] DEBUG: Frame 42 process time: 0.083648s
[7.818860] DEBUG: Frame 43 process time: 0.076774s
[7.928258] DEBUG: Frame 44 process time: 0.078668s
[8.038936] DEBUG: Frame 45 process time: 0.079575s
[8.158343] DEBUG: Frame 46 process time: 0.088263s
[8.272752] DEBUG: Frame 47 process time: 0.083761s
[8.383163] DEBUG: Frame 48 process time: 0.079940s
[8.490805] DEBUG: Frame 49 process time: 0.076516s
[8.598362] DEBUG: Frame 50 process time: 0.076854s
[8.710833] DEBUG: Frame 51 process time: 0.081493s
[8.819475] DEBUG: Frame 52 process time: 0.077906s
[8.928355] DEBUG: Frame 53 process time: 0.077611s
[9.037387] DEBUG: Frame 54 process time: 0.077644s
[9.150432] DEBUG: Frame 55 process time: 0.082465s
[9.259402] DEBUG: Frame 56 process time: 0.078014s
[9.367500] DEBUG: Frame 57 process time: 0.076750s
[9.475141] DEBUG: Frame 58 process time: 0.076224s
[9.582730] DEBUG: Frame 59 process time: 0.076570s
[9.698192] DEBUG: Frame 60 process time: 0.084292s
[9.805762] DEBUG: Frame 61 process time: 0.077080s
[9.913754] DEBUG: Frame 62 process time: 0.076645s
[10.042262] DEBUG: Frame 63 process time: 0.097095s
[10.174529] DEBUG: Frame 64 process time: 0.100937s
[11.128450] DEBUG: Frame 65 process time: 0.080929s
[11.236505] DEBUG: Frame 66 process time: 0.077036s
[11.348911] DEBUG: Frame 67 process time: 0.081345s
[11.455647] DEBUG: Frame 68 process time: 0.076125s
[11.563192] DEBUG: Frame 69 process time: 0.077186s
[11.670901] DEBUG: Frame 70 process time: 0.076743s
[11.780173] DEBUG: Frame 71 process time: 0.078708s
[11.887394] DEBUG: Frame 72 process time: 0.076860s
[11.993956] DEBUG: Frame 73 process time: 0.075837s
[12.101039] DEBUG: Frame 74 process time: 0.075983s
[12.214068] DEBUG: Frame 75 process time: 0.081793s
[12.321710] DEBUG: Frame 76 process time: 0.076549s
[12.429482] DEBUG: Frame 77 process time: 0.076853s
[12.536626] DEBUG: Frame 78 process time: 0.076017s
[12.652139] DEBUG: Frame 79 process time: 0.084521s
[12.758267] DEBUG: Frame 80 process time: 0.075161s
[12.865225] DEBUG: Frame 81 process time: 0.076470s
[12.974379] DEBUG: Frame 82 process time: 0.078599s
[13.081434] DEBUG: Frame 83 process time: 0.075985s
[13.195326] DEBUG: Frame 84 process time: 0.082772s
[13.303141] DEBUG: Frame 85 process time: 0.076805s
[13.410552] DEBUG: Frame 86 process time: 0.076806s
[13.517513] DEBUG: Frame 87 process time: 0.076020s
[13.624776] DEBUG: Frame 88 process time: 0.075937s
[13.738961] DEBUG: Frame 89 process time: 0.082822s
[13.846750] DEBUG: Frame 90 process time: 0.076627s
[13.954481] DEBUG: Frame 91 process time: 0.077204s
[14.062289] DEBUG: Frame 92 process time: 0.076528s
[14.204931] DEBUG: Frame 93 process time: 0.111705s
[14.331607] DEBUG: Frame 94 process time: 0.096073s
[14.439282] DEBUG: Frame 95 process time: 0.076872s
[14.546081] DEBUG: Frame 96 process time: 0.075518s
[14.659210] DEBUG: Frame 97 process time: 0.082639s
[14.770843] DEBUG: Frame 98 process time: 0.081056s
[14.903137] DEBUG: Frame 99 process time: 0.101858s
[14.933851] EVENT: Calculated point: nan nan nan
[14.934004] EVENT: Sent [LAT:nan] to Ground Station
[14.934044] EVENT: Sent [LON:nan] to Ground Station
[14.934485] CLOSE: Closing Logger :)
