[0.000415] INIT: Logger started :)
[0.000761] EVENT: Parameters parsed for blob detector
[0.000924] EVENT: Parameters parsed for math config
[0.001051] EVENT: Parameters parsed for color detection
[0.001147] EVENT: Parameters parsed for system config
[0.223220] EVENT: Camera Initialized Successfully
[0.759466] EVENT: Serial port /dev/ttyACM1 opened
[0.759877] EVENT: Starting Flight controller loop
[0.759877] EVENT: Starting Flight controller loop
[0.762197] EVENT: IMU serial port /dev/ttyACM0 opened
[0.789949] EVENT: IMU sensor data loop started
[1.886780] EVENT: Tracking loop started
[2.452787] DEBUG: Frame 0 process time: 0.565849s
[2.572786] DEBUG: Frame 1 process time: 0.074163s
[2.694424] DEBUG: Frame 2 process time: 0.075498s
[2.843630] DEBUG: Frame 3 process time: 0.077020s
[2.975185] DEBUG: Frame 4 process time: 0.076615s
[3.110833] DEBUG: Frame 5 process time: 0.076233s
[3.270253] DEBUG: Frame 6 process time: 0.075959s
[3.640663] DEBUG: Frame 7 process time: 0.092378s
[3.831171] DEBUG: Frame 8 process time: 0.076558s
[3.956416] DEBUG: Frame 9 process time: 0.081286s
[4.079965] DEBUG: Frame 10 process time: 0.093246s
[4.196344] DEBUG: Frame 11 process time: 0.085788s
[4.308577] DEBUG: Frame 12 process time: 0.081891s
[4.514146] DEBUG: Frame 13 process time: 0.075614s
[4.624437] DEBUG: Frame 14 process time: 0.079671s
[4.794976] DEBUG: Frame 15 process time: 0.076142s
[4.907114] DEBUG: Frame 16 process time: 0.081144s
[5.017854] DEBUG: Frame 17 process time: 0.080517s
[5.132353] DEBUG: Frame 18 process time: 0.081613s
[5.240737] DEBUG: Frame 19 process time: 0.078076s
[5.358604] DEBUG: Frame 20 process time: 0.075960s
[5.469322] DEBUG: Frame 21 process time: 0.080411s
[5.577173] DEBUG: Frame 22 process time: 0.077631s
[5.685989] DEBUG: Frame 23 process time: 0.078590s
[5.800130] DEBUG: Frame 24 process time: 0.083336s
[5.916112] DEBUG: Frame 25 process time: 0.080994s
[6.127802] DEBUG: Frame 26 process time: 0.077264s
[6.244352] DEBUG: Frame 27 process time: 0.085998s
[6.352200] DEBUG: Frame 28 process time: 0.077626s
[7.459345] DEBUG: Frame 29 process time: 0.076255s
[9.399053] DEBUG: Frame 30 process time: 0.076322s
[9.513166] DEBUG: Frame 31 process time: 0.083799s
[9.621324] DEBUG: Frame 32 process time: 0.077923s
[9.729296] DEBUG: Frame 33 process time: 0.077757s
[10.035105] DEBUG: Frame 34 process time: 0.076366s
[10.170576] DEBUG: Frame 35 process time: 0.075801s
[10.281492] DEBUG: Frame 36 process time: 0.080296s
[10.389919] DEBUG: Frame 37 process time: 0.078131s
[10.496352] DEBUG: Frame 38 process time: 0.076214s
[10.603473] DEBUG: Frame 39 process time: 0.076902s
[11.782234] DEBUG: Frame 40 process time: 0.915610s
[11.890261] DEBUG: Frame 41 process time: 0.077472s
[11.998774] DEBUG: Frame 42 process time: 0.078294s
[12.105838] DEBUG: Frame 43 process time: 0.076852s
[12.212654] DEBUG: Frame 44 process time: 0.076609s
[12.321450] DEBUG: Frame 45 process time: 0.078579s
[12.427508] DEBUG: Frame 46 process time: 0.075837s
[12.534830] DEBUG: Frame 47 process time: 0.077096s
[12.642842] DEBUG: Frame 48 process time: 0.077796s
[12.749306] DEBUG: Frame 49 process time: 0.076242s
[13.239002] DEBUG: Frame 50 process time: 0.075745s
[13.624072] DEBUG: Frame 51 process time: 0.077019s
[13.737836] DEBUG: Frame 52 process time: 0.082641s
[13.847161] DEBUG: Frame 53 process time: 0.079089s
[14.062981] DEBUG: Frame 54 process time: 0.076395s
[14.179116] DEBUG: Frame 55 process time: 0.076478s
[14.660940] DEBUG: Frame 56 process time: 0.077605s
[15.090484] DEBUG: Frame 57 process time: 0.075853s
[15.202459] DEBUG: Frame 58 process time: 0.080837s
[15.313141] DEBUG: Frame 59 process time: 0.080473s
[15.479141] DEBUG: Frame 60 process time: 0.076465s
[15.591666] DEBUG: Frame 61 process time: 0.081467s
[15.701979] DEBUG: Frame 62 process time: 0.080095s
[15.843263] DEBUG: Frame 63 process time: 0.076783s
[15.956313] DEBUG: Frame 64 process time: 0.082552s
[16.071659] DEBUG: Frame 65 process time: 0.080408s
[16.226640] DEBUG: Frame 66 process time: 0.075941s
[16.337264] DEBUG: Frame 67 process time: 0.080332s
[16.447937] DEBUG: Frame 68 process time: 0.080449s
[16.603458] DEBUG: Frame 69 process time: 0.076335s
[16.717898] DEBUG: Frame 70 process time: 0.083590s
[16.828422] DEBUG: Frame 71 process time: 0.080308s
[16.961264] DEBUG: Frame 72 process time: 0.077648s
[17.074243] DEBUG: Frame 73 process time: 0.082255s
[17.183605] DEBUG: Frame 74 process time: 0.079122s
[17.311807] DEBUG: Frame 75 process time: 0.076710s
[17.426546] DEBUG: Frame 76 process time: 0.083891s
[17.536300] DEBUG: Frame 77 process time: 0.079537s
[17.679390] DEBUG: Frame 78 process time: 0.076670s
[17.791531] DEBUG: Frame 79 process time: 0.081611s
[17.901464] DEBUG: Frame 80 process time: 0.079737s
[18.055577] DEBUG: Frame 81 process time: 0.076750s
[18.169302] DEBUG: Frame 82 process time: 0.083409s
[18.279763] DEBUG: Frame 83 process time: 0.080249s
[18.440110] DEBUG: Frame 84 process time: 0.076094s
[18.553652] DEBUG: Frame 85 process time: 0.083134s
[18.665739] DEBUG: Frame 86 process time: 0.081869s
[18.819691] DEBUG: Frame 87 process time: 0.076826s
[18.933323] DEBUG: Frame 88 process time: 0.082500s
[19.045196] DEBUG: Frame 89 process time: 0.081647s
[19.182912] DEBUG: Frame 90 process time: 0.075891s
[19.294710] DEBUG: Frame 91 process time: 0.080954s
[19.405045] DEBUG: Frame 92 process time: 0.080112s
[19.546959] DEBUG: Frame 93 process time: 0.076056s
[19.662270] DEBUG: Frame 94 process time: 0.084895s
[19.773582] DEBUG: Frame 95 process time: 0.081107s
[19.890865] DEBUG: Frame 96 process time: 0.076435s
[20.004566] DEBUG: Frame 97 process time: 0.082737s
[20.116319] DEBUG: Frame 98 process time: 0.081544s
[20.246976] DEBUG: Frame 99 process time: 0.076215s
[20.278062] EVENT: Calculated point:  2.84179 0.341252        0
[20.278121] CLOSE: Closing Logger :)
