[0.000471] INIT: Logger started :)
[0.000858] EVENT: Parameters parsed for blob detector
[0.001068] EVENT: Parameters parsed for math config
[0.001219] EVENT: Parameters parsed for color detection
[0.001320] EVENT: Parameters parsed for system config
[0.254600] EVENT: Camera Initialized Successfully
[1.265112] EVENT: Serial port /dev/serial0 opened
[1.265544] EVENT: Starting Flight controller loop
[1.266902] EVENT: IMU serial port /dev/ttyACM0 opened
[1.267179] EVENT: IMU sensor data loop started
[1.465916] EVENT: Tracking loop started
[1.997231] DEBUG: Frame 0 process time: 0.531048s
[2.153623] DEBUG: Frame 1 process time: 0.102240s
[2.287890] DEBUG: Frame 2 process time: 0.103373s
[2.424573] DEBUG: Frame 3 process time: 0.097356s
[2.547643] DEBUG: Frame 4 process time: 0.091740s
[2.673136] DEBUG: Frame 5 process time: 0.094204s
[2.796433] DEBUG: Frame 6 process time: 0.092456s
[2.917910] DEBUG: Frame 7 process time: 0.091045s
[3.041477] DEBUG: Frame 8 process time: 0.093010s
[3.171480] DEBUG: Frame 9 process time: 0.098823s
[3.292312] DEBUG: Frame 10 process time: 0.090396s
[3.412387] DEBUG: Frame 11 process time: 0.089700s
[3.531134] DEBUG: Frame 12 process time: 0.088276s
[3.654957] DEBUG: Frame 13 process time: 0.093376s
[3.781596] DEBUG: Frame 14 process time: 0.096233s
[3.904654] DEBUG: Frame 15 process time: 0.092014s
[4.026986] DEBUG: Frame 16 process time: 0.091825s
[4.148584] DEBUG: Frame 17 process time: 0.090498s
[4.269506] DEBUG: Frame 18 process time: 0.090232s
[4.390465] DEBUG: Frame 19 process time: 0.090236s
[4.511655] DEBUG: Frame 20 process time: 0.090750s
[4.633409] DEBUG: Frame 21 process time: 0.091261s
[4.757225] DEBUG: Frame 22 process time: 0.093434s
[4.877755] DEBUG: Frame 23 process time: 0.090177s
[4.997659] DEBUG: Frame 24 process time: 0.088788s
[5.144326] DEBUG: Frame 25 process time: 0.112055s
[5.269844] DEBUG: Frame 26 process time: 0.094913s
[5.392171] DEBUG: Frame 27 process time: 0.091797s
[5.515466] DEBUG: Frame 28 process time: 0.092309s
[5.635151] DEBUG: Frame 29 process time: 0.089154s
[5.758064] DEBUG: Frame 30 process time: 0.092440s
[5.844722] EVENT: Received [T:88.096901]
[5.883071] DEBUG: Frame 31 process time: 0.094659s
[6.011387] DEBUG: Frame 32 process time: 0.097141s
[6.139175] DEBUG: Frame 33 process time: 0.097397s
[6.265296] DEBUG: Frame 34 process time: 0.095053s
[6.389251] DEBUG: Frame 35 process time: 0.093451s
[6.512317] DEBUG: Frame 36 process time: 0.092755s
[6.636398] DEBUG: Frame 37 process time: 0.092944s
[6.762333] DEBUG: Frame 38 process time: 0.094874s
[6.885440] DEBUG: Frame 39 process time: 0.091893s
[7.007250] DEBUG: Frame 40 process time: 0.091254s
[7.130940] DEBUG: Frame 41 process time: 0.092479s
[7.261556] DEBUG: Frame 42 process time: 0.100202s
[7.384749] DEBUG: Frame 43 process time: 0.092747s
[7.510644] DEBUG: Frame 44 process time: 0.095243s
[7.636704] DEBUG: Frame 45 process time: 0.095765s
[7.769704] DEBUG: Frame 46 process time: 0.101735s
[7.894588] DEBUG: Frame 47 process time: 0.093851s
[8.017206] DEBUG: Frame 48 process time: 0.091887s
[8.140080] DEBUG: Frame 49 process time: 0.092203s
[8.267448] DEBUG: Frame 50 process time: 0.096329s
[8.390226] DEBUG: Frame 51 process time: 0.092504s
[8.514048] DEBUG: Frame 52 process time: 0.093573s
[8.637424] DEBUG: Frame 53 process time: 0.092219s
[8.767569] DEBUG: Frame 54 process time: 0.097078s
[8.887937] DEBUG: Frame 55 process time: 0.089148s
[9.008076] DEBUG: Frame 56 process time: 0.089558s
[9.128230] DEBUG: Frame 57 process time: 0.089846s
[9.258246] DEBUG: Frame 58 process time: 0.099419s
[9.382084] DEBUG: Frame 59 process time: 0.092619s
[9.508262] DEBUG: Frame 60 process time: 0.094936s
[9.633112] DEBUG: Frame 61 process time: 0.094549s
[9.767377] DEBUG: Frame 62 process time: 0.103963s
[9.891856] DEBUG: Frame 63 process time: 0.093330s
[10.016809] DEBUG: Frame 64 process time: 0.094677s
[10.159910] DEBUG: Frame 65 process time: 0.112451s
[10.283871] DEBUG: Frame 66 process time: 0.093221s
[10.409059] DEBUG: Frame 67 process time: 0.094653s
[10.532242] DEBUG: Frame 68 process time: 0.092715s
[10.656775] DEBUG: Frame 69 process time: 0.093965s
[10.781999] DEBUG: Frame 70 process time: 0.094423s
[10.907176] DEBUG: Frame 71 process time: 0.094508s
[11.031472] DEBUG: Frame 72 process time: 0.093840s
[11.158606] DEBUG: Frame 73 process time: 0.095774s
[11.284116] DEBUG: Frame 74 process time: 0.094717s
[11.406925] DEBUG: Frame 75 process time: 0.092295s
[11.531640] DEBUG: Frame 76 process time: 0.093924s
[11.655270] DEBUG: Frame 77 process time: 0.093066s
[11.781937] DEBUG: Frame 78 process time: 0.095443s
[11.907437] DEBUG: Frame 79 process time: 0.094562s
[12.033069] DEBUG: Frame 80 process time: 0.094630s
[12.156436] DEBUG: Frame 81 process time: 0.092574s
[12.282520] DEBUG: Frame 82 process time: 0.094764s
[12.406641] DEBUG: Frame 83 process time: 0.093565s
[12.531187] DEBUG: Frame 84 process time: 0.093610s
[12.656352] DEBUG: Frame 85 process time: 0.094161s
[12.781184] DEBUG: Frame 86 process time: 0.094213s
[12.905221] DEBUG: Frame 87 process time: 0.093012s
[13.029969] DEBUG: Frame 88 process time: 0.094390s
[13.153642] DEBUG: Frame 89 process time: 0.092869s
[13.279854] DEBUG: Frame 90 process time: 0.095739s
[13.403687] DEBUG: Frame 91 process time: 0.092773s
[13.527118] DEBUG: Frame 92 process time: 0.093013s
[13.653399] DEBUG: Frame 93 process time: 0.095096s
[13.779818] DEBUG: Frame 94 process time: 0.096119s
[13.905268] DEBUG: Frame 95 process time: 0.094230s
[14.029743] DEBUG: Frame 96 process time: 0.093146s
[14.153884] DEBUG: Frame 97 process time: 0.092866s
[14.280544] DEBUG: Frame 98 process time: 0.095680s
[14.406124] DEBUG: Frame 99 process time: 0.095072s
[14.436791] EVENT: Calculated point:    -53.0627     5.05627 6.83214e-17
[14.436882] EVENT: Sent [LAT:-53.062691] to Ground Station
[14.436940] EVENT: Sent [LON:5.056267] to Ground Station
[14.436966] CLOSE: Closing Logger :)
