[0.000421] INIT: Logger started :)
[0.000820] EVENT: Parameters parsed for blob detector
[0.000989] EVENT: Parameters parsed for math config
[0.001099] EVENT: Parameters parsed for color detection
[0.001180] EVENT: Parameters parsed for system config
[0.223486] EVENT: Camera Initialized Successfully
[0.757408] EVENT: Serial port /dev/ttyACM1 opened
[0.757753] EVENT: Starting Flight controller loop
[0.757753] EVENT: Starting Flight controller loop
[0.759897] EVENT: IMU serial port /dev/ttyACM0 opened
[2.297444] EVENT: IMU sensor data loop started
[3.399919] EVENT: Tracking loop started
[3.964593] DEBUG: Frame 0 process time: 0.564461s
[4.104859] DEBUG: Frame 1 process time: 0.073062s
[4.272719] DEBUG: Frame 2 process time: 0.077068s
[4.416147] DEBUG: Frame 3 process time: 0.076435s
[4.546814] DEBUG: Frame 4 process time: 0.075133s
[4.703198] DEBUG: Frame 5 process time: 0.075738s
[5.267468] DEBUG: Frame 6 process time: 0.075808s
[5.402165] DEBUG: Frame 7 process time: 0.081993s
[5.514328] DEBUG: Frame 8 process time: 0.081895s
[5.719251] DEBUG: Frame 9 process time: 0.074936s
[5.834998] DEBUG: Frame 10 process time: 0.084733s
[5.949523] DEBUG: Frame 11 process time: 0.080733s
[6.070124] DEBUG: Frame 12 process time: 0.090196s
[6.180788] DEBUG: Frame 13 process time: 0.080380s
[6.304540] DEBUG: Frame 14 process time: 0.093443s
[6.415220] DEBUG: Frame 15 process time: 0.080359s
[6.526966] DEBUG: Frame 16 process time: 0.080870s
[6.638177] DEBUG: Frame 17 process time: 0.080990s
[6.767418] DEBUG: Frame 18 process time: 0.075672s
[6.878842] DEBUG: Frame 19 process time: 0.080764s
[6.995422] DEBUG: Frame 20 process time: 0.086361s
[7.110148] DEBUG: Frame 21 process time: 0.080210s
[7.227361] DEBUG: Frame 22 process time: 0.075649s
[7.339174] DEBUG: Frame 23 process time: 0.081211s
[7.447340] DEBUG: Frame 24 process time: 0.077945s
[7.557863] DEBUG: Frame 25 process time: 0.079624s
[7.695157] DEBUG: Frame 26 process time: 0.075740s
[7.807743] DEBUG: Frame 27 process time: 0.081913s
[7.916351] DEBUG: Frame 28 process time: 0.078394s
[8.035895] DEBUG: Frame 29 process time: 0.075895s
[8.145517] DEBUG: Frame 30 process time: 0.079224s
[8.291856] DEBUG: Frame 31 process time: 0.116109s
[8.446388] DEBUG: Frame 32 process time: 0.122505s
[8.617916] DEBUG: Frame 33 process time: 0.102138s
[8.747221] DEBUG: Frame 34 process time: 0.098371s
[8.862132] DEBUG: Frame 35 process time: 0.084419s
[8.989372] DEBUG: Frame 36 process time: 0.088583s
[9.105242] DEBUG: Frame 37 process time: 0.085564s
[9.237169] DEBUG: Frame 38 process time: 0.100777s
[9.377265] DEBUG: Frame 39 process time: 0.098871s
[9.493096] DEBUG: Frame 40 process time: 0.085499s
[9.613880] DEBUG: Frame 41 process time: 0.090140s
[9.870005] DEBUG: Frame 42 process time: 0.078174s
[9.991637] DEBUG: Frame 43 process time: 0.075851s
[10.368017] DEBUG: Frame 44 process time: 0.076296s
[10.500765] DEBUG: Frame 45 process time: 0.088231s
[10.617340] DEBUG: Frame 46 process time: 0.086303s
[10.819766] DEBUG: Frame 47 process time: 0.075976s
[10.947087] DEBUG: Frame 48 process time: 0.096155s
[11.063654] DEBUG: Frame 49 process time: 0.082907s
[11.185458] DEBUG: Frame 50 process time: 0.088749s
[11.301334] DEBUG: Frame 51 process time: 0.085647s
[11.424377] DEBUG: Frame 52 process time: 0.087613s
[11.539642] DEBUG: Frame 53 process time: 0.084967s
[11.665292] DEBUG: Frame 54 process time: 0.089901s
[11.780661] DEBUG: Frame 55 process time: 0.085058s
[11.984347] DEBUG: Frame 56 process time: 0.076707s
[12.101768] DEBUG: Frame 57 process time: 0.086170s
[12.268775] DEBUG: Frame 58 process time: 0.077014s
[12.388308] DEBUG: Frame 59 process time: 0.088476s
[12.503339] DEBUG: Frame 60 process time: 0.084794s
[12.621505] DEBUG: Frame 61 process time: 0.087303s
[12.738738] DEBUG: Frame 62 process time: 0.086948s
[12.866467] DEBUG: Frame 63 process time: 0.089823s
[12.982439] DEBUG: Frame 64 process time: 0.085543s
[13.105133] DEBUG: Frame 65 process time: 0.088541s
[13.219216] DEBUG: Frame 66 process time: 0.083842s
[13.339588] DEBUG: Frame 67 process time: 0.089269s
[13.454981] DEBUG: Frame 68 process time: 0.085067s
[13.571627] DEBUG: Frame 69 process time: 0.086348s
[13.685069] DEBUG: Frame 70 process time: 0.083214s
[13.828864] DEBUG: Frame 71 process time: 0.075834s
[13.947148] DEBUG: Frame 72 process time: 0.087625s
[14.059803] DEBUG: Frame 73 process time: 0.082421s
[14.194843] DEBUG: Frame 74 process time: 0.086596s
[14.308679] DEBUG: Frame 75 process time: 0.083576s
[14.425913] DEBUG: Frame 76 process time: 0.086970s
[14.549169] DEBUG: Frame 77 process time: 0.092893s
[14.693935] DEBUG: Frame 78 process time: 0.103304s
[14.808062] DEBUG: Frame 79 process time: 0.083897s
[14.939519] DEBUG: Frame 80 process time: 0.091013s
[15.111402] DEBUG: Frame 81 process time: 0.075635s
[15.237288] DEBUG: Frame 82 process time: 0.094716s
[15.395925] DEBUG: Frame 83 process time: 0.076213s
[15.514796] DEBUG: Frame 84 process time: 0.087970s
[15.628743] DEBUG: Frame 85 process time: 0.083707s
[15.748594] DEBUG: Frame 86 process time: 0.087400s
[15.863335] DEBUG: Frame 87 process time: 0.084438s
[15.982701] DEBUG: Frame 88 process time: 0.088988s
[16.101465] DEBUG: Frame 89 process time: 0.083747s
[16.229284] DEBUG: Frame 90 process time: 0.089091s
[16.345243] DEBUG: Frame 91 process time: 0.085733s
[16.532260] DEBUG: Frame 92 process time: 0.076530s
[16.652348] DEBUG: Frame 93 process time: 0.088932s
[16.819719] DEBUG: Frame 94 process time: 0.075962s
[16.947854] DEBUG: Frame 95 process time: 0.097356s
[17.109388] DEBUG: Frame 96 process time: 0.077468s
[17.245538] DEBUG: Frame 97 process time: 0.105061s
[17.406684] DEBUG: Frame 98 process time: 0.079280s
[17.522808] DEBUG: Frame 99 process time: 0.081913s
[17.553224] EVENT: Calculated point:  4.96438 0.107487        0
[17.553276] CLOSE: Closing Logger :)
