[0.000533] INIT: Logger started :)
[0.000973] EVENT: Parameters parsed for blob detector
[0.001189] EVENT: Parameters parsed for math config
[0.001336] EVENT: Parameters parsed for color detection
[0.001436] EVENT: Parameters parsed for system config
[0.258497] EVENT: Camera Initialized Successfully
[0.841408] EVENT: Serial port /dev/serial0 opened
[0.841836] EVENT: Starting Flight controller loop
[0.842826] EVENT: IMU serial port /dev/ttyACM0 opened
[0.843146] EVENT: IMU sensor data loop started
[1.041304] EVENT: Tracking loop started
[1.554234] DEBUG: Frame 0 process time: 0.512672s
[1.696805] DEBUG: Frame 1 process time: 0.084736s
[1.818427] DEBUG: Frame 2 process time: 0.091015s
[1.941137] DEBUG: Frame 3 process time: 0.078912s
[2.054082] DEBUG: Frame 4 process time: 0.081696s
[2.160604] DEBUG: Frame 5 process time: 0.075812s
[2.267659] DEBUG: Frame 6 process time: 0.076113s
[2.374631] DEBUG: Frame 7 process time: 0.075513s
[2.481158] DEBUG: Frame 8 process time: 0.075748s
[2.589124] DEBUG: Frame 9 process time: 0.076777s
[2.695876] DEBUG: Frame 10 process time: 0.075472s
[2.803297] DEBUG: Frame 11 process time: 0.076555s
[2.910281] DEBUG: Frame 12 process time: 0.075981s
[3.019018] DEBUG: Frame 13 process time: 0.078308s
[3.126237] DEBUG: Frame 14 process time: 0.076737s
[3.234926] DEBUG: Frame 15 process time: 0.077978s
[3.344771] DEBUG: Frame 16 process time: 0.078410s
[3.454114] DEBUG: Frame 17 process time: 0.078593s
[3.568967] DEBUG: Frame 18 process time: 0.084202s
[3.676454] DEBUG: Frame 19 process time: 0.076591s
[3.790106] DEBUG: Frame 20 process time: 0.082733s
[3.895983] DEBUG: Frame 21 process time: 0.075215s
[4.001444] DEBUG: Frame 22 process time: 0.074741s
[4.108194] DEBUG: Frame 23 process time: 0.075375s
[4.214372] DEBUG: Frame 24 process time: 0.075546s
[4.322616] DEBUG: Frame 25 process time: 0.077796s
[4.429101] DEBUG: Frame 26 process time: 0.075055s
[4.535592] DEBUG: Frame 27 process time: 0.075974s
[4.643925] DEBUG: Frame 28 process time: 0.077603s
[4.753213] DEBUG: Frame 29 process time: 0.078624s
[4.862463] DEBUG: Frame 30 process time: 0.077886s
[4.971564] DEBUG: Frame 31 process time: 0.077847s
[5.095699] DEBUG: Frame 32 process time: 0.093415s
[5.215443] DEBUG: Frame 33 process time: 0.082826s
[5.327419] DEBUG: Frame 34 process time: 0.080640s
[5.436611] DEBUG: Frame 35 process time: 0.078376s
[5.543094] DEBUG: Frame 36 process time: 0.075821s
[5.651043] DEBUG: Frame 37 process time: 0.076540s
[5.762679] DEBUG: Frame 38 process time: 0.081201s
[5.871824] DEBUG: Frame 39 process time: 0.078412s
[5.981305] DEBUG: Frame 40 process time: 0.078391s
[6.089505] DEBUG: Frame 41 process time: 0.076988s
[6.198338] DEBUG: Frame 42 process time: 0.077471s
[6.310108] DEBUG: Frame 43 process time: 0.081293s
[6.417450] DEBUG: Frame 44 process time: 0.075949s
[6.525301] DEBUG: Frame 45 process time: 0.077319s
[6.635347] DEBUG: Frame 46 process time: 0.078768s
[6.746822] DEBUG: Frame 47 process time: 0.080770s
[6.855217] DEBUG: Frame 48 process time: 0.076989s
[6.962308] DEBUG: Frame 49 process time: 0.075830s
[7.071878] DEBUG: Frame 50 process time: 0.078508s
[7.180709] DEBUG: Frame 51 process time: 0.077780s
[7.302102] DEBUG: Frame 52 process time: 0.090903s
[7.410225] DEBUG: Frame 53 process time: 0.077039s
[7.520368] DEBUG: Frame 54 process time: 0.079048s
[7.632538] DEBUG: Frame 55 process time: 0.080919s
[7.741704] DEBUG: Frame 56 process time: 0.078097s
[7.855264] DEBUG: Frame 57 process time: 0.082484s
[7.964369] DEBUG: Frame 58 process time: 0.078520s
[8.074403] DEBUG: Frame 59 process time: 0.078918s
[8.185131] DEBUG: Frame 60 process time: 0.080130s
[8.302506] DEBUG: Frame 61 process time: 0.085983s
[8.410661] DEBUG: Frame 62 process time: 0.077048s
[8.519995] DEBUG: Frame 63 process time: 0.078124s
[8.628386] DEBUG: Frame 64 process time: 0.077304s
[8.737387] DEBUG: Frame 65 process time: 0.077647s
[8.846386] DEBUG: Frame 66 process time: 0.077656s
[8.954177] DEBUG: Frame 67 process time: 0.077289s
[9.061728] DEBUG: Frame 68 process time: 0.076390s
[9.170185] DEBUG: Frame 69 process time: 0.077516s
[9.285930] DEBUG: Frame 70 process time: 0.084527s
[9.395504] DEBUG: Frame 71 process time: 0.078974s
[9.504228] DEBUG: Frame 72 process time: 0.078339s
[9.613839] DEBUG: Frame 73 process time: 0.079081s
[9.725557] DEBUG: Frame 74 process time: 0.080636s
[9.838827] DEBUG: Frame 75 process time: 0.082268s
[9.949109] DEBUG: Frame 76 process time: 0.079313s
[10.068383] DEBUG: Frame 77 process time: 0.088554s
[10.186703] DEBUG: Frame 78 process time: 0.087350s
[10.306109] DEBUG: Frame 79 process time: 0.085992s
[10.415215] DEBUG: Frame 80 process time: 0.078032s
[10.523836] DEBUG: Frame 81 process time: 0.077355s
[10.632306] DEBUG: Frame 82 process time: 0.077291s
[10.740978] DEBUG: Frame 83 process time: 0.078197s
[10.853253] DEBUG: Frame 84 process time: 0.081616s
[10.961919] DEBUG: Frame 85 process time: 0.077327s
[11.071081] DEBUG: Frame 86 process time: 0.077835s
[11.181525] DEBUG: Frame 87 process time: 0.079325s
[11.298079] DEBUG: Frame 88 process time: 0.085285s
[11.406313] DEBUG: Frame 89 process time: 0.077728s
[11.514083] DEBUG: Frame 90 process time: 0.077060s
[11.622377] DEBUG: Frame 91 process time: 0.076883s
[11.732786] DEBUG: Frame 92 process time: 0.078991s
[11.843796] DEBUG: Frame 93 process time: 0.080338s
[11.951972] DEBUG: Frame 94 process time: 0.077279s
[12.060213] DEBUG: Frame 95 process time: 0.076990s
[12.168550] DEBUG: Frame 96 process time: 0.077286s
[12.281340] DEBUG: Frame 97 process time: 0.082134s
[12.391578] DEBUG: Frame 98 process time: 0.079450s
[12.500159] DEBUG: Frame 99 process time: 0.077920s
[12.531409] EVENT: Calculated point: nan nan nan
[12.531533] EVENT: Sent [LAT:nan] to Ground Station
[12.531770] EVENT: Sent [LON:nan] to Ground Station
[12.531799] CLOSE: Closing Logger :)
