[0.000874] INIT: Logger started :)
[0.001372] EVENT: Parameters parsed for blob detector
[0.002079] EVENT: Parameters parsed for math config
[0.002249] EVENT: Parameters parsed for color detection
[0.002341] EVENT: Parameters parsed for system config
[0.251577] EVENT: Camera Initialized Successfully
[3.184494] EVENT: Serial port /dev/serial0 opened
[3.184839] EVENT: Starting Flight controller loop
[3.185870] EVENT: IMU serial port /dev/ttyACM0 opened
[3.186230] EVENT: IMU sensor data loop started
[3.385646] EVENT: Tracking loop started
[3.943903] DEBUG: Frame 0 process time: 0.557997s
[4.115512] DEBUG: Frame 1 process time: 0.121473s
[4.271968] DEBUG: Frame 2 process time: 0.118628s
[4.423762] DEBUG: Frame 3 process time: 0.112982s
[4.563663] DEBUG: Frame 4 process time: 0.108797s
[4.698447] DEBUG: Frame 5 process time: 0.103785s
[4.828751] DEBUG: Frame 6 process time: 0.099727s
[4.956287] DEBUG: Frame 7 process time: 0.096616s
[5.094160] DEBUG: Frame 8 process time: 0.106936s
[5.225559] DEBUG: Frame 9 process time: 0.101034s
[5.354731] DEBUG: Frame 10 process time: 0.098300s
[5.483945] DEBUG: Frame 11 process time: 0.098467s
[5.619092] DEBUG: Frame 12 process time: 0.103947s
[5.751463] DEBUG: Frame 13 process time: 0.101709s
[5.888753] DEBUG: Frame 14 process time: 0.106402s
[6.037229] DEBUG: Frame 15 process time: 0.117608s
[6.185908] DEBUG: Frame 16 process time: 0.117318s
[6.334793] DEBUG: Frame 17 process time: 0.117718s
[6.477844] DEBUG: Frame 18 process time: 0.112002s
[6.602654] DEBUG: Frame 19 process time: 0.094265s
[6.724835] DEBUG: Frame 20 process time: 0.091795s
[6.852403] DEBUG: Frame 21 process time: 0.096948s
[6.980772] DEBUG: Frame 22 process time: 0.098001s
[7.100722] DEBUG: Frame 23 process time: 0.089396s
[7.213770] DEBUG: Frame 24 process time: 0.081937s
[7.322731] DEBUG: Frame 25 process time: 0.077924s
[7.430286] DEBUG: Frame 26 process time: 0.077180s
[7.547483] DEBUG: Frame 27 process time: 0.086786s
[7.656184] DEBUG: Frame 28 process time: 0.078184s
[7.767994] DEBUG: Frame 29 process time: 0.080629s
[7.876998] DEBUG: Frame 30 process time: 0.078473s
[7.997486] DEBUG: Frame 31 process time: 0.089731s
[8.110461] DEBUG: Frame 32 process time: 0.081754s
[8.220722] DEBUG: Frame 33 process time: 0.079827s
[8.329713] DEBUG: Frame 34 process time: 0.078808s
[8.438309] DEBUG: Frame 35 process time: 0.077425s
[8.548653] DEBUG: Frame 36 process time: 0.080018s
[8.657554] DEBUG: Frame 37 process time: 0.078634s
[8.767606] DEBUG: Frame 38 process time: 0.078862s
[8.877509] DEBUG: Frame 39 process time: 0.078856s
[8.986365] DEBUG: Frame 40 process time: 0.077648s
[9.097095] DEBUG: Frame 41 process time: 0.079534s
[9.206456] DEBUG: Frame 42 process time: 0.078228s
[9.275944] EVENT: Received [T:88.096901]
[9.315698] DEBUG: Frame 43 process time: 0.078080s
[9.424679] DEBUG: Frame 44 process time: 0.078530s
[9.534990] DEBUG: Frame 45 process time: 0.079695s
[9.644252] DEBUG: Frame 46 process time: 0.078623s
[9.752988] DEBUG: Frame 47 process time: 0.077975s
[9.861751] DEBUG: Frame 48 process time: 0.078449s
[9.971206] DEBUG: Frame 49 process time: 0.078907s
[10.092394] DEBUG: Frame 50 process time: 0.090525s
[10.200856] DEBUG: Frame 51 process time: 0.077563s
[11.884972] DEBUG: Frame 52 process time: 0.077587s
[11.994046] DEBUG: Frame 53 process time: 0.078519s
[12.103287] DEBUG: Frame 54 process time: 0.078302s
[12.212291] DEBUG: Frame 55 process time: 0.078008s
[12.319663] DEBUG: Frame 56 process time: 0.076877s
[12.446075] DEBUG: Frame 57 process time: 0.096080s
[12.569957] DEBUG: Frame 58 process time: 0.092831s
[12.687792] DEBUG: Frame 59 process time: 0.086794s
[12.804194] DEBUG: Frame 60 process time: 0.085248s
[12.929064] DEBUG: Frame 61 process time: 0.093827s
[13.049563] DEBUG: Frame 62 process time: 0.089257s
[13.166298] DEBUG: Frame 63 process time: 0.086149s
[13.287859] DEBUG: Frame 64 process time: 0.090902s
[13.410780] DEBUG: Frame 65 process time: 0.091698s
[13.538907] DEBUG: Frame 66 process time: 0.097522s
[13.666236] DEBUG: Frame 67 process time: 0.097033s
[13.787787] DEBUG: Frame 68 process time: 0.090987s
[13.909967] DEBUG: Frame 69 process time: 0.091568s
[14.036132] DEBUG: Frame 70 process time: 0.095754s
[14.158602] DEBUG: Frame 71 process time: 0.091707s
[14.285411] DEBUG: Frame 72 process time: 0.096279s
[14.410081] DEBUG: Frame 73 process time: 0.093459s
[14.535232] DEBUG: Frame 74 process time: 0.094619s
[14.664524] DEBUG: Frame 75 process time: 0.098598s
[14.791557] DEBUG: Frame 76 process time: 0.096307s
[14.913486] DEBUG: Frame 77 process time: 0.091473s
[15.039107] DEBUG: Frame 78 process time: 0.095152s
[15.158233] DEBUG: Frame 79 process time: 0.088597s
[15.264836] DEBUG: Frame 80 process time: 0.076003s
[15.372329] DEBUG: Frame 81 process time: 0.076713s
[15.479705] DEBUG: Frame 82 process time: 0.076192s
[15.589846] DEBUG: Frame 83 process time: 0.079259s
[15.697907] DEBUG: Frame 84 process time: 0.077297s
[15.806470] DEBUG: Frame 85 process time: 0.077928s
[15.914925] DEBUG: Frame 86 process time: 0.077930s
[16.028105] DEBUG: Frame 87 process time: 0.082652s
[16.134951] DEBUG: Frame 88 process time: 0.076614s
[16.243779] DEBUG: Frame 89 process time: 0.077534s
[16.295835] EVENT: Received [T:88.096901]
[16.353955] DEBUG: Frame 90 process time: 0.079432s
[16.464812] DEBUG: Frame 91 process time: 0.079642s
[16.575605] DEBUG: Frame 92 process time: 0.080183s
[16.685374] DEBUG: Frame 93 process time: 0.079435s
[16.798070] DEBUG: Frame 94 process time: 0.081457s
[16.910418] DEBUG: Frame 95 process time: 0.081736s
[17.021299] DEBUG: Frame 96 process time: 0.080303s
[17.134819] DEBUG: Frame 97 process time: 0.082313s
[17.245615] DEBUG: Frame 98 process time: 0.079872s
[17.361472] DEBUG: Frame 99 process time: 0.085276s
[17.391801] EVENT: Calculated point:     -16.8887     -6.15327 -4.03717e-17
[17.391888] EVENT: Sent [LAT:-16.888687] to Ground Station
[17.392867] EVENT: Sent [LON:-6.153267] to Ground Station
[17.392887] CLOSE: Closing Logger :)
