[0.000446] INIT: Logger started :)
[0.000827] EVENT: Parameters parsed for blob detector
[0.000992] EVENT: Parameters parsed for math config
[0.001103] EVENT: Parameters parsed for color detection
[0.001185] EVENT: Parameters parsed for system config
[0.224009] EVENT: Camera Initialized Successfully
[0.758581] EVENT: Serial port /dev/ttyACM1 opened
[0.758934] EVENT: Starting Flight controller loop
[0.758934] EVENT: Starting Flight controller loop
[0.761440] EVENT: IMU serial port /dev/ttyACM0 opened
[0.763041] EVENT: IMU sensor data loop started
[1.827903] EVENT: Tracking loop started
[2.491719] DEBUG: Frame 0 process time: 0.663596s
[2.623860] DEBUG: Frame 1 process time: 0.072217s
[2.740969] DEBUG: Frame 2 process time: 0.073363s
[2.888576] DEBUG: Frame 3 process time: 0.073003s
[3.024476] DEBUG: Frame 4 process time: 0.072894s
[3.156703] DEBUG: Frame 5 process time: 0.073299s
[3.305199] DEBUG: Frame 6 process time: 0.073435s
[3.413223] DEBUG: Frame 7 process time: 0.073596s
[4.040910] DEBUG: Frame 8 process time: 0.073278s
[4.184630] DEBUG: Frame 9 process time: 0.081113s
[4.294474] DEBUG: Frame 10 process time: 0.079495s
[4.402397] DEBUG: Frame 11 process time: 0.074310s
[4.513976] DEBUG: Frame 12 process time: 0.080751s
[4.761003] DEBUG: Frame 13 process time: 0.073444s
[4.874783] DEBUG: Frame 14 process time: 0.083137s
[5.056465] DEBUG: Frame 15 process time: 0.072586s
[5.167431] DEBUG: Frame 16 process time: 0.080292s
[5.378046] DEBUG: Frame 17 process time: 0.074145s
[5.489102] DEBUG: Frame 18 process time: 0.080631s
[5.599283] DEBUG: Frame 19 process time: 0.079437s
[5.706926] DEBUG: Frame 20 process time: 0.074930s
[5.819975] DEBUG: Frame 21 process time: 0.082656s
[5.929862] DEBUG: Frame 22 process time: 0.078702s
[6.038868] DEBUG: Frame 23 process time: 0.074841s
[6.150857] DEBUG: Frame 24 process time: 0.081118s
[6.338026] DEBUG: Frame 25 process time: 0.074044s
[6.449512] DEBUG: Frame 26 process time: 0.080305s
[6.642610] DEBUG: Frame 27 process time: 0.074965s
[6.766981] DEBUG: Frame 28 process time: 0.074635s
[7.116124] DEBUG: Frame 29 process time: 0.076245s
[7.439231] DEBUG: Frame 30 process time: 0.075463s
[7.553485] DEBUG: Frame 31 process time: 0.083327s
[7.662895] DEBUG: Frame 32 process time: 0.079192s
[7.791228] DEBUG: Frame 33 process time: 0.075495s
[7.904907] DEBUG: Frame 34 process time: 0.083062s
[8.082523] DEBUG: Frame 35 process time: 0.074682s
[8.196228] DEBUG: Frame 36 process time: 0.083105s
[8.387711] DEBUG: Frame 37 process time: 0.075704s
[8.500965] DEBUG: Frame 38 process time: 0.082869s
[8.684151] DEBUG: Frame 39 process time: 0.076188s
[8.792579] DEBUG: Frame 40 process time: 0.077342s
[8.898060] DEBUG: Frame 41 process time: 0.075159s
[9.002046] DEBUG: Frame 42 process time: 0.073683s
[9.106944] DEBUG: Frame 43 process time: 0.074531s
[9.210482] DEBUG: Frame 44 process time: 0.073221s
[9.313930] DEBUG: Frame 45 process time: 0.073113s
[9.419254] DEBUG: Frame 46 process time: 0.075049s
[9.523061] DEBUG: Frame 47 process time: 0.073541s
[9.627883] DEBUG: Frame 48 process time: 0.074484s
[9.736752] DEBUG: Frame 49 process time: 0.078543s
[9.845373] DEBUG: Frame 50 process time: 0.078314s
[9.953600] DEBUG: Frame 51 process time: 0.073719s
[10.063846] DEBUG: Frame 52 process time: 0.078928s
[10.173726] DEBUG: Frame 53 process time: 0.079521s
[10.284994] DEBUG: Frame 54 process time: 0.080157s
[10.397478] DEBUG: Frame 55 process time: 0.073720s
[10.509082] DEBUG: Frame 56 process time: 0.080939s
[10.709663] DEBUG: Frame 57 process time: 0.074081s
[10.820705] DEBUG: Frame 58 process time: 0.080513s
[10.928324] DEBUG: Frame 59 process time: 0.077322s
[11.038204] DEBUG: Frame 60 process time: 0.074397s
[11.151677] DEBUG: Frame 61 process time: 0.082583s
[11.257887] DEBUG: Frame 62 process time: 0.075921s
[11.386302] DEBUG: Frame 63 process time: 0.074635s
[11.498138] DEBUG: Frame 64 process time: 0.080986s
[11.687598] DEBUG: Frame 65 process time: 0.075450s
[11.796372] DEBUG: Frame 66 process time: 0.078085s
[11.906759] DEBUG: Frame 67 process time: 0.080059s
[12.029360] DEBUG: Frame 68 process time: 0.085490s
[12.137990] DEBUG: Frame 69 process time: 0.078315s
[12.251669] DEBUG: Frame 70 process time: 0.075922s
[12.363178] DEBUG: Frame 71 process time: 0.080609s
[12.535120] DEBUG: Frame 72 process time: 0.074992s
[12.647785] DEBUG: Frame 73 process time: 0.081821s
[12.758356] DEBUG: Frame 74 process time: 0.080266s
[12.867719] DEBUG: Frame 75 process time: 0.075362s
[12.980355] DEBUG: Frame 76 process time: 0.082175s
[13.090348] DEBUG: Frame 77 process time: 0.079608s
[13.317792] DEBUG: Frame 78 process time: 0.073876s
[13.430079] DEBUG: Frame 79 process time: 0.081074s
[13.539653] DEBUG: Frame 80 process time: 0.079262s
[13.661760] DEBUG: Frame 81 process time: 0.081778s
[13.852778] DEBUG: Frame 82 process time: 0.072949s
[13.963630] DEBUG: Frame 83 process time: 0.080483s
[14.073813] DEBUG: Frame 84 process time: 0.079875s
[14.185503] DEBUG: Frame 85 process time: 0.081408s
[14.294528] DEBUG: Frame 86 process time: 0.078665s
[14.501565] DEBUG: Frame 87 process time: 0.074826s
[14.710490] DEBUG: Frame 88 process time: 0.081916s
[14.822310] DEBUG: Frame 89 process time: 0.074396s
[14.934302] DEBUG: Frame 90 process time: 0.081181s
[15.043142] DEBUG: Frame 91 process time: 0.078613s
[15.271660] DEBUG: Frame 92 process time: 0.075736s
[15.383332] DEBUG: Frame 93 process time: 0.081135s
[15.491329] DEBUG: Frame 94 process time: 0.077724s
[15.599454] DEBUG: Frame 95 process time: 0.075787s
[15.708657] DEBUG: Frame 96 process time: 0.078700s
[15.818081] DEBUG: Frame 97 process time: 0.079078s
[15.935547] DEBUG: Frame 98 process time: 0.083818s
[16.044494] DEBUG: Frame 99 process time: 0.078687s
[16.095881] EVENT: Calculated point:      5.50578     0.214546 -7.40149e-17
[16.095937] CLOSE: Closing Logger :)
