[0.000479] INIT: Logger started :)
[0.000838] EVENT: Parameters parsed for blob detector
[0.001003] EVENT: Parameters parsed for math config
[0.001113] EVENT: Parameters parsed for color detection
[0.001196] EVENT: Parameters parsed for system config
[0.224012] EVENT: Camera Initialized Successfully
[0.687712] EVENT: Serial port /dev/ttyACM1 opened
[0.688040] EVENT: Starting Flight controller loop
[0.688819] EVENT: IMU serial port /dev/ttyACM0 opened
[0.689118] EVENT: IMU sensor data loop started
[1.734209] EVENT: Tracking loop started
[2.303926] DEBUG: Frame 0 process time: 0.569587s
[2.425659] DEBUG: Frame 1 process time: 0.075479s
[2.558295] DEBUG: Frame 2 process time: 0.076201s
[2.710326] DEBUG: Frame 3 process time: 0.076253s
[2.842069] DEBUG: Frame 4 process time: 0.075981s
[2.974573] DEBUG: Frame 5 process time: 0.076471s
[3.131382] DEBUG: Frame 6 process time: 0.077244s
[3.698729] DEBUG: Frame 7 process time: 0.076487s
[3.826576] DEBUG: Frame 8 process time: 0.084485s
[3.936684] DEBUG: Frame 9 process time: 0.079857s
[4.060855] DEBUG: Frame 10 process time: 0.082733s
[4.173404] DEBUG: Frame 11 process time: 0.082321s
[4.288634] DEBUG: Frame 12 process time: 0.084310s
[4.399180] DEBUG: Frame 13 process time: 0.080333s
[4.515588] DEBUG: Frame 14 process time: 0.085473s
[4.626832] DEBUG: Frame 15 process time: 0.081044s
[4.747761] DEBUG: Frame 16 process time: 0.085260s
[4.858605] DEBUG: Frame 17 process time: 0.080629s
[4.979024] DEBUG: Frame 18 process time: 0.084542s
[5.089609] DEBUG: Frame 19 process time: 0.080359s
[5.214904] DEBUG: Frame 20 process time: 0.084665s
[5.325397] DEBUG: Frame 21 process time: 0.080292s
[5.451338] DEBUG: Frame 22 process time: 0.076913s
[5.843193] DEBUG: Frame 23 process time: 0.077319s
[5.966339] DEBUG: Frame 24 process time: 0.083321s
[6.078753] DEBUG: Frame 25 process time: 0.082136s
[6.279553] DEBUG: Frame 26 process time: 0.077183s
[6.393199] DEBUG: Frame 27 process time: 0.082374s
[6.505482] DEBUG: Frame 28 process time: 0.082060s
[6.624967] DEBUG: Frame 29 process time: 0.082533s
[6.735913] DEBUG: Frame 30 process time: 0.080726s
[6.853843] DEBUG: Frame 31 process time: 0.083175s
[6.967817] DEBUG: Frame 32 process time: 0.083759s
[7.187074] DEBUG: Frame 33 process time: 0.076780s
[7.299922] DEBUG: Frame 34 process time: 0.082361s
[7.410672] DEBUG: Frame 35 process time: 0.080530s
[7.523008] DEBUG: Frame 36 process time: 0.081507s
[7.735447] DEBUG: Frame 37 process time: 0.076657s
[7.849020] DEBUG: Frame 38 process time: 0.082922s
[8.043782] DEBUG: Frame 39 process time: 0.077495s
[8.156615] DEBUG: Frame 40 process time: 0.082305s
[8.268724] DEBUG: Frame 41 process time: 0.081897s
[8.377149] DEBUG: Frame 42 process time: 0.077139s
[8.493167] DEBUG: Frame 43 process time: 0.085480s
[8.604513] DEBUG: Frame 44 process time: 0.081126s
[8.729714] DEBUG: Frame 45 process time: 0.083375s
[8.841241] DEBUG: Frame 46 process time: 0.081303s
[8.962936] DEBUG: Frame 47 process time: 0.084506s
[9.074857] DEBUG: Frame 48 process time: 0.081697s
[9.192794] DEBUG: Frame 49 process time: 0.082394s
[9.304643] DEBUG: Frame 50 process time: 0.081612s
[9.523230] DEBUG: Frame 51 process time: 0.076867s
[9.638424] DEBUG: Frame 52 process time: 0.084425s
[9.747929] DEBUG: Frame 53 process time: 0.079288s
[9.862162] DEBUG: Frame 54 process time: 0.083828s
[9.972556] DEBUG: Frame 55 process time: 0.080173s
[10.089688] DEBUG: Frame 56 process time: 0.082962s
[10.272032] DEBUG: Frame 57 process time: 0.077620s
[10.388367] DEBUG: Frame 58 process time: 0.085430s
[10.500082] DEBUG: Frame 59 process time: 0.081487s
[10.623143] DEBUG: Frame 60 process time: 0.076715s
[10.736591] DEBUG: Frame 61 process time: 0.082822s
[10.847482] DEBUG: Frame 62 process time: 0.080625s
[10.965349] DEBUG: Frame 63 process time: 0.087750s
[11.077300] DEBUG: Frame 64 process time: 0.081724s
[11.191517] DEBUG: Frame 65 process time: 0.076892s
[11.305566] DEBUG: Frame 66 process time: 0.083600s
[11.417026] DEBUG: Frame 67 process time: 0.081241s
[11.529924] DEBUG: Frame 68 process time: 0.082297s
[11.640454] DEBUG: Frame 69 process time: 0.080290s
[11.775900] DEBUG: Frame 70 process time: 0.077426s
[11.891761] DEBUG: Frame 71 process time: 0.085267s
[12.064269] DEBUG: Frame 72 process time: 0.077134s
[12.277139] DEBUG: Frame 73 process time: 0.080412s
[12.396732] DEBUG: Frame 74 process time: 0.084131s
[12.603992] DEBUG: Frame 75 process time: 0.077327s
[12.717185] DEBUG: Frame 76 process time: 0.082152s
[12.828851] DEBUG: Frame 77 process time: 0.081389s
[12.939752] DEBUG: Frame 78 process time: 0.077191s
[13.052303] DEBUG: Frame 79 process time: 0.082262s
[13.162810] DEBUG: Frame 80 process time: 0.080296s
[13.272242] DEBUG: Frame 81 process time: 0.077759s
[13.386329] DEBUG: Frame 82 process time: 0.083620s
[13.497801] DEBUG: Frame 83 process time: 0.081230s
[13.615333] DEBUG: Frame 84 process time: 0.084542s
[13.727139] DEBUG: Frame 85 process time: 0.081585s
[13.840821] DEBUG: Frame 86 process time: 0.078309s
[13.952779] DEBUG: Frame 87 process time: 0.081219s
[14.120003] DEBUG: Frame 88 process time: 0.077401s
[14.235996] DEBUG: Frame 89 process time: 0.085012s
[14.346767] DEBUG: Frame 90 process time: 0.080553s
[14.470742] DEBUG: Frame 91 process time: 0.087814s
[14.582319] DEBUG: Frame 92 process time: 0.081367s
[14.697817] DEBUG: Frame 93 process time: 0.083090s
[14.812307] DEBUG: Frame 94 process time: 0.084250s
[14.924530] DEBUG: Frame 95 process time: 0.081761s
[15.115508] DEBUG: Frame 96 process time: 0.080896s
[15.231580] DEBUG: Frame 97 process time: 0.085470s
[15.412474] DEBUG: Frame 98 process time: 0.077813s
[15.528688] DEBUG: Frame 99 process time: 0.085473s
[15.559114] EVENT: Calculated point:   1.24296 -0.811977         0
[15.559167] CLOSE: Closing Logger :)
