[0.917836] INIT: Logger started :)
[0.918632] EVENT: Parameters parsed for blob detector
[0.919050] EVENT: Parameters parsed for math config
[0.919323] EVENT: Parameters parsed for color detection
[0.919532] EVENT: Parameters parsed for system config
[1.182781] EVENT: Camera Initialized Successfully
[1.262425] EVENT: Serial port /dev/serial0 opened
[1.262755] EVENT: Starting Flight controller loop
[1.264921] EVENT: IMU serial port /dev/ttyACM0 opened
[1.267503] EVENT: IMU sensor data loop started
[1.473392] EVENT: Tracking loop started
[1.985628] DEBUG: Frame 0 process time: 0.511784s
[2.120329] DEBUG: Frame 1 process time: 0.090557s
[2.233327] DEBUG: Frame 2 process time: 0.079269s
[2.351905] DEBUG: Frame 3 process time: 0.086935s
[2.473970] DEBUG: Frame 4 process time: 0.081097s
[2.586972] DEBUG: Frame 5 process time: 0.082040s
[2.694574] DEBUG: Frame 6 process time: 0.076890s
[2.802901] DEBUG: Frame 7 process time: 0.076958s
[2.913149] DEBUG: Frame 8 process time: 0.079027s
[3.021504] DEBUG: Frame 9 process time: 0.077472s
[3.130178] DEBUG: Frame 10 process time: 0.077491s
[3.239109] DEBUG: Frame 11 process time: 0.077314s
[3.348003] DEBUG: Frame 12 process time: 0.077943s
[3.456445] DEBUG: Frame 13 process time: 0.077596s
[3.565238] DEBUG: Frame 14 process time: 0.077633s
[3.673362] DEBUG: Frame 15 process time: 0.077090s
[3.780973] DEBUG: Frame 16 process time: 0.077232s
[3.888699] DEBUG: Frame 17 process time: 0.076777s
[3.996494] DEBUG: Frame 18 process time: 0.076764s
[4.104272] DEBUG: Frame 19 process time: 0.076981s
[4.212765] DEBUG: Frame 20 process time: 0.077710s
[4.321032] DEBUG: Frame 21 process time: 0.077044s
[4.429329] DEBUG: Frame 22 process time: 0.077070s
[4.538053] DEBUG: Frame 23 process time: 0.077750s
[4.646819] DEBUG: Frame 24 process time: 0.078056s
[4.754235] DEBUG: Frame 25 process time: 0.076838s
[4.862847] DEBUG: Frame 26 process time: 0.077425s
[4.970475] DEBUG: Frame 27 process time: 0.076804s
[5.079285] DEBUG: Frame 28 process time: 0.077869s
[5.220574] DEBUG: Frame 29 process time: 0.075880s
[5.330739] DEBUG: Frame 30 process time: 0.079332s
[5.438418] DEBUG: Frame 31 process time: 0.076881s
[5.548229] DEBUG: Frame 32 process time: 0.078764s
[5.662446] DEBUG: Frame 33 process time: 0.083734s
[5.780757] DEBUG: Frame 34 process time: 0.087088s
[5.889964] DEBUG: Frame 35 process time: 0.078336s
[6.036632] DEBUG: Frame 36 process time: 0.115522s
[6.168378] DEBUG: Frame 37 process time: 0.100310s
[6.277972] DEBUG: Frame 38 process time: 0.078871s
[6.385112] DEBUG: Frame 39 process time: 0.075808s
[6.491700] DEBUG: Frame 40 process time: 0.075814s
[6.598917] DEBUG: Frame 41 process time: 0.076764s
[6.719380] DEBUG: Frame 42 process time: 0.089478s
[6.826282] DEBUG: Frame 43 process time: 0.075973s
[6.933691] DEBUG: Frame 44 process time: 0.076261s
[7.040735] DEBUG: Frame 45 process time: 0.076138s
[7.147766] DEBUG: Frame 46 process time: 0.076290s
[7.254904] DEBUG: Frame 47 process time: 0.076239s
[7.386730] DEBUG: Frame 48 process time: 0.100544s
[7.494064] DEBUG: Frame 49 process time: 0.076393s
[7.601395] DEBUG: Frame 50 process time: 0.076248s
[7.708814] DEBUG: Frame 51 process time: 0.076439s
[7.816004] DEBUG: Frame 52 process time: 0.076184s
[7.923151] DEBUG: Frame 53 process time: 0.075853s
[8.032180] DEBUG: Frame 54 process time: 0.078411s
[8.148034] DEBUG: Frame 55 process time: 0.085305s
[8.258802] DEBUG: Frame 56 process time: 0.079785s
[8.369715] DEBUG: Frame 57 process time: 0.080064s
[8.481847] DEBUG: Frame 58 process time: 0.080766s
[8.601517] DEBUG: Frame 59 process time: 0.088482s
[8.743748] DEBUG: Frame 60 process time: 0.110533s
[8.859071] DEBUG: Frame 61 process time: 0.084396s
[8.968188] DEBUG: Frame 62 process time: 0.078009s
[9.076676] DEBUG: Frame 63 process time: 0.077636s
[9.199398] DEBUG: Frame 64 process time: 0.092053s
[9.307901] DEBUG: Frame 65 process time: 0.077349s
[9.415298] DEBUG: Frame 66 process time: 0.076666s
[9.522548] DEBUG: Frame 67 process time: 0.076195s
[9.630264] DEBUG: Frame 68 process time: 0.076495s
[9.737746] DEBUG: Frame 69 process time: 0.076674s
