[0.000499] INIT: Logger started :)
[0.000971] EVENT: Parameters parsed for blob detector
[0.001185] EVENT: Parameters parsed for math config
[0.001329] EVENT: Parameters parsed for color detection
[0.001427] EVENT: Parameters parsed for system config
[0.263351] EVENT: Camera Initialized Successfully
[1.578766] EVENT: Serial port /dev/serial0 opened
[2.433279] EVENT: Starting Flight controller loop
[2.435688] EVENT: IMU serial port /dev/ttyACM0 opened
[2.436531] EVENT: IMU sensor data loop started
[2.699277] EVENT: Tracking loop started
[3.213280] DEBUG: Frame 0 process time: 0.513682s
[3.384966] DEBUG: Frame 1 process time: 0.098431s
[3.512972] DEBUG: Frame 2 process time: 0.096683s
[3.634989] DEBUG: Frame 3 process time: 0.076900s
[3.748837] DEBUG: Frame 4 process time: 0.083072s
[3.857597] DEBUG: Frame 5 process time: 0.077958s
[3.966458] DEBUG: Frame 6 process time: 0.077728s
[4.077768] DEBUG: Frame 7 process time: 0.080488s
[4.185679] DEBUG: Frame 8 process time: 0.076721s
[4.294522] DEBUG: Frame 9 process time: 0.077874s
[4.404250] DEBUG: Frame 10 process time: 0.078424s
[4.520507] DEBUG: Frame 11 process time: 0.085379s
[4.630218] DEBUG: Frame 12 process time: 0.079079s
[4.740290] DEBUG: Frame 13 process time: 0.078926s
[4.849766] DEBUG: Frame 14 process time: 0.078726s
[4.957952] DEBUG: Frame 15 process time: 0.077241s
[5.120862] DEBUG: Frame 16 process time: 0.132032s
[5.252125] DEBUG: Frame 17 process time: 0.100173s
[5.366389] DEBUG: Frame 18 process time: 0.083685s
[5.476700] DEBUG: Frame 19 process time: 0.079480s
[5.587869] DEBUG: Frame 20 process time: 0.080535s
[5.697611] DEBUG: Frame 21 process time: 0.078405s
[5.806068] DEBUG: Frame 22 process time: 0.077324s
[5.913529] DEBUG: Frame 23 process time: 0.076428s
[6.023724] DEBUG: Frame 24 process time: 0.079222s
[6.133479] DEBUG: Frame 25 process time: 0.079069s
[6.243337] DEBUG: Frame 26 process time: 0.079036s
[6.352742] DEBUG: Frame 27 process time: 0.078181s
[6.461083] DEBUG: Frame 28 process time: 0.077419s
[6.570131] DEBUG: Frame 29 process time: 0.078412s
[6.681994] DEBUG: Frame 30 process time: 0.077355s
[6.790132] DEBUG: Frame 31 process time: 0.076918s
[6.897812] DEBUG: Frame 32 process time: 0.076992s
[7.010641] DEBUG: Frame 33 process time: 0.082074s
[7.118187] DEBUG: Frame 34 process time: 0.076685s
[7.226700] DEBUG: Frame 35 process time: 0.078043s
[7.337266] DEBUG: Frame 36 process time: 0.079251s
[7.445306] DEBUG: Frame 37 process time: 0.077528s
[7.556541] DEBUG: Frame 38 process time: 0.080518s
[7.664747] DEBUG: Frame 39 process time: 0.076880s
[7.772119] DEBUG: Frame 40 process time: 0.076853s
[7.881250] DEBUG: Frame 41 process time: 0.078674s
[7.988999] DEBUG: Frame 42 process time: 0.076516s
[8.097149] DEBUG: Frame 43 process time: 0.077361s
[8.206324] DEBUG: Frame 44 process time: 0.078576s
[8.315112] DEBUG: Frame 45 process time: 0.077643s
[8.425856] DEBUG: Frame 46 process time: 0.079374s
[8.536017] DEBUG: Frame 47 process time: 0.079518s
[8.643920] DEBUG: Frame 48 process time: 0.076603s
[8.751210] DEBUG: Frame 49 process time: 0.076491s
[8.862065] DEBUG: Frame 50 process time: 0.079592s
[8.975998] DEBUG: Frame 51 process time: 0.082466s
[9.087557] DEBUG: Frame 52 process time: 0.080882s
[9.200290] DEBUG: Frame 53 process time: 0.081932s
[9.314394] DEBUG: Frame 54 process time: 0.083125s
[9.426214] DEBUG: Frame 55 process time: 0.081225s
[9.542149] DEBUG: Frame 56 process time: 0.084695s
[9.652856] DEBUG: Frame 57 process time: 0.079977s
[9.764609] DEBUG: Frame 58 process time: 0.081012s
[9.875739] DEBUG: Frame 59 process time: 0.080513s
[9.988809] DEBUG: Frame 60 process time: 0.082502s
[10.130512] DEBUG: Frame 61 process time: 0.101711s
[10.246086] DEBUG: Frame 62 process time: 0.084442s
[10.357192] DEBUG: Frame 63 process time: 0.079668s
[10.465897] DEBUG: Frame 64 process time: 0.077856s
[10.577697] DEBUG: Frame 65 process time: 0.079056s
[10.687122] DEBUG: Frame 66 process time: 0.078707s
[10.797067] DEBUG: Frame 67 process time: 0.078939s
[10.906785] DEBUG: Frame 68 process time: 0.079092s
[11.021764] DEBUG: Frame 69 process time: 0.084436s
[11.131303] DEBUG: Frame 70 process time: 0.078211s
[11.239302] DEBUG: Frame 71 process time: 0.076482s
[11.347626] DEBUG: Frame 72 process time: 0.077335s
[11.487313] DEBUG: Frame 73 process time: 0.108484s
[11.626231] DEBUG: Frame 74 process time: 0.107457s
[12.559841] DEBUG: Frame 75 process time: 0.083087s
[12.667262] DEBUG: Frame 76 process time: 0.076914s
[12.776727] DEBUG: Frame 77 process time: 0.078132s
[12.902386] DEBUG: Frame 78 process time: 0.095165s
[13.022976] DEBUG: Frame 79 process time: 0.089178s
[13.132814] DEBUG: Frame 80 process time: 0.078911s
[13.270388] DEBUG: Frame 81 process time: 0.106942s
[13.389890] DEBUG: Frame 82 process time: 0.088648s
[13.527500] DEBUG: Frame 83 process time: 0.106688s
[13.654730] DEBUG: Frame 84 process time: 0.095913s
[13.764581] DEBUG: Frame 85 process time: 0.078469s
[13.871809] DEBUG: Frame 86 process time: 0.076142s
[13.978940] DEBUG: Frame 87 process time: 0.076638s
[14.087661] DEBUG: Frame 88 process time: 0.077955s
[14.196145] DEBUG: Frame 89 process time: 0.077177s
[14.340016] DEBUG: Frame 90 process time: 0.113288s
[14.508001] DEBUG: Frame 91 process time: 0.137371s
[14.633768] DEBUG: Frame 92 process time: 0.094485s
[14.744933] DEBUG: Frame 93 process time: 0.080341s
[14.869891] DEBUG: Frame 94 process time: 0.094383s
[14.978555] DEBUG: Frame 95 process time: 0.078189s
[15.116544] DEBUG: Frame 96 process time: 0.106782s
[15.237024] DEBUG: Frame 97 process time: 0.089214s
[15.343605] DEBUG: Frame 98 process time: 0.076174s
[15.451839] DEBUG: Frame 99 process time: 0.076931s
[15.482623] EVENT: Calculated point: nan nan nan
[15.482809] EVENT: Sent [LAT:nan] to Ground Station
[15.482970] EVENT: Sent [LON:nan] to Ground Station
[15.482990] CLOSE: Closing Logger :)
