[0.006170] INIT: Logger started :)
[0.006634] EVENT: Parameters parsed for blob detector
[0.006858] EVENT: Parameters parsed for math config
[0.007019] EVENT: Parameters parsed for color detection
[0.007124] EVENT: Parameters parsed for system config
[0.283626] EVENT: Camera Initialized Successfully
[7.746480] EVENT: Serial port /dev/serial0 opened
[7.746817] EVENT: Starting Flight controller loop
[7.749802] EVENT: IMU serial port /dev/ttyACM0 opened
[7.759991] EVENT: IMU sensor data loop started
[7.990467] EVENT: Tracking loop started
[8.534328] DEBUG: Frame 0 process time: 0.543348s
[8.690711] DEBUG: Frame 1 process time: 0.094083s
[8.813700] DEBUG: Frame 2 process time: 0.092327s
[8.934929] DEBUG: Frame 3 process time: 0.080305s
[9.047288] DEBUG: Frame 4 process time: 0.081242s
[9.154715] DEBUG: Frame 5 process time: 0.076299s
[9.262304] DEBUG: Frame 6 process time: 0.076568s
[9.369439] DEBUG: Frame 7 process time: 0.076144s
[9.473157] DEBUG: Frame 8 process time: 0.073384s
[9.579130] DEBUG: Frame 9 process time: 0.075599s
[9.685215] DEBUG: Frame 10 process time: 0.075763s
[9.794267] DEBUG: Frame 11 process time: 0.078300s
[9.902651] DEBUG: Frame 12 process time: 0.077144s
[10.008155] DEBUG: Frame 13 process time: 0.074945s
[10.118076] DEBUG: Frame 14 process time: 0.078855s
[10.223810] DEBUG: Frame 15 process time: 0.075322s
[10.329775] DEBUG: Frame 16 process time: 0.075595s
[10.440018] DEBUG: Frame 17 process time: 0.079453s
[10.554409] DEBUG: Frame 18 process time: 0.083545s
[10.661638] DEBUG: Frame 19 process time: 0.076468s
[10.798367] DEBUG: Frame 20 process time: 0.105373s
[10.936868] DEBUG: Frame 21 process time: 0.107282s
[11.054736] DEBUG: Frame 22 process time: 0.087075s
[11.167948] DEBUG: Frame 23 process time: 0.082491s
[11.274409] DEBUG: Frame 24 process time: 0.075705s
[11.380657] DEBUG: Frame 25 process time: 0.075134s
[11.487175] DEBUG: Frame 26 process time: 0.075315s
[11.599191] DEBUG: Frame 27 process time: 0.081558s
[11.704654] DEBUG: Frame 28 process time: 0.074916s
[11.813111] DEBUG: Frame 29 process time: 0.077516s
[11.920119] DEBUG: Frame 30 process time: 0.075804s
[12.027654] DEBUG: Frame 31 process time: 0.076487s
[12.141205] DEBUG: Frame 32 process time: 0.082182s
[12.251179] DEBUG: Frame 33 process time: 0.078690s
[12.360147] DEBUG: Frame 34 process time: 0.077644s
[12.468156] DEBUG: Frame 35 process time: 0.076901s
[12.584617] DEBUG: Frame 36 process time: 0.085696s
[12.693550] DEBUG: Frame 37 process time: 0.078435s
[12.811383] DEBUG: Frame 38 process time: 0.086827s
[12.931184] DEBUG: Frame 39 process time: 0.085040s
[13.038516] DEBUG: Frame 40 process time: 0.076306s
[13.154072] DEBUG: Frame 41 process time: 0.085103s
[13.261088] DEBUG: Frame 42 process time: 0.076118s
[13.368247] DEBUG: Frame 43 process time: 0.075891s
[13.475333] DEBUG: Frame 44 process time: 0.076224s
[13.591561] DEBUG: Frame 45 process time: 0.085246s
[13.699516] DEBUG: Frame 46 process time: 0.076855s
[13.808245] DEBUG: Frame 47 process time: 0.078009s
[13.919389] DEBUG: Frame 48 process time: 0.080647s
[14.028196] DEBUG: Frame 49 process time: 0.078310s
[14.141785] DEBUG: Frame 50 process time: 0.082627s
[14.250842] DEBUG: Frame 51 process time: 0.077961s
[14.383125] DEBUG: Frame 52 process time: 0.099573s
[14.488838] DEBUG: Frame 53 process time: 0.074657s
[14.600687] DEBUG: Frame 54 process time: 0.081547s
[14.705938] DEBUG: Frame 55 process time: 0.074593s
[14.812444] DEBUG: Frame 56 process time: 0.075976s
[14.917432] DEBUG: Frame 57 process time: 0.074689s
[15.024367] DEBUG: Frame 58 process time: 0.076219s
[15.134547] DEBUG: Frame 59 process time: 0.079835s
[15.241246] DEBUG: Frame 60 process time: 0.075530s
[15.348565] DEBUG: Frame 61 process time: 0.076409s
[15.455621] DEBUG: Frame 62 process time: 0.076651s
[15.561841] DEBUG: Frame 63 process time: 0.075570s
[15.670778] DEBUG: Frame 64 process time: 0.078145s
[15.778669] DEBUG: Frame 65 process time: 0.077324s
[15.889632] DEBUG: Frame 66 process time: 0.080278s
[15.997394] DEBUG: Frame 67 process time: 0.076468s
[16.113893] DEBUG: Frame 68 process time: 0.085335s
[16.221965] DEBUG: Frame 69 process time: 0.076779s
[16.329806] DEBUG: Frame 70 process time: 0.076666s
[16.438385] DEBUG: Frame 71 process time: 0.077515s
[16.553022] DEBUG: Frame 72 process time: 0.083386s
[16.660439] DEBUG: Frame 73 process time: 0.077088s
[16.768173] DEBUG: Frame 74 process time: 0.077339s
[16.877269] DEBUG: Frame 75 process time: 0.077960s
[16.985150] DEBUG: Frame 76 process time: 0.077438s
[17.102059] DEBUG: Frame 77 process time: 0.085611s
[17.209368] DEBUG: Frame 78 process time: 0.076341s
[17.317776] DEBUG: Frame 79 process time: 0.077086s
[17.425907] DEBUG: Frame 80 process time: 0.077026s
[17.533655] DEBUG: Frame 81 process time: 0.076495s
[17.648960] DEBUG: Frame 82 process time: 0.079875s
[17.757361] DEBUG: Frame 83 process time: 0.077106s
[17.884191] DEBUG: Frame 84 process time: 0.096294s
[17.996237] DEBUG: Frame 85 process time: 0.077403s
[18.112411] DEBUG: Frame 86 process time: 0.084906s
[18.219408] DEBUG: Frame 87 process time: 0.075736s
[18.328364] DEBUG: Frame 88 process time: 0.077923s
[18.435950] DEBUG: Frame 89 process time: 0.076994s
[18.544721] DEBUG: Frame 90 process time: 0.077648s
[18.654960] DEBUG: Frame 91 process time: 0.079354s
[18.761175] DEBUG: Frame 92 process time: 0.074966s
[18.869453] DEBUG: Frame 93 process time: 0.077132s
[18.976404] DEBUG: Frame 94 process time: 0.075865s
[19.084602] DEBUG: Frame 95 process time: 0.077770s
[19.192013] DEBUG: Frame 96 process time: 0.076440s
[19.298321] DEBUG: Frame 97 process time: 0.075555s
[19.406269] DEBUG: Frame 98 process time: 0.077416s
[19.513763] DEBUG: Frame 99 process time: 0.076755s
[19.544232] EVENT: Calculated point: nan nan nan
[19.544385] EVENT: Sent [LAT:nan] to Ground Station
[19.544500] EVENT: Sent [LON:nan] to Ground Station
[19.544574] CLOSE: Closing Logger :)
