[0.009200] INIT: Logger started :)
[0.236180] EVENT: Camera Initialized Successfully
[0.769890] EVENT: Serial port /dev/ttyACM1 opened
[0.770234] EVENT: Starting Flight controller loop
[0.771362] EVENT: IMU serial port /dev/ttyACM0 opened
[0.771541] EVENT: IMU sensor data loop started
[0.771884] EVENT: Parameters parsed for blob detector
[1.362061] EVENT: Tracking loop started
[1.920500] DEBUG: Frame 0 process time: 0.558317s
[2.040200] DEBUG: Frame 1 process time: 0.077392s
[2.192405] DEBUG: Frame 2 process time: 0.077940s
[2.303903] DEBUG: Frame 3 process time: 0.078278s
[2.441416] DEBUG: Frame 4 process time: 0.077727s
[3.577738] DEBUG: Frame 5 process time: 0.077703s
[3.709384] DEBUG: Frame 6 process time: 0.099022s
[3.837545] DEBUG: Frame 7 process time: 0.097863s
[3.966787] DEBUG: Frame 8 process time: 0.098988s
[4.094066] DEBUG: Frame 9 process time: 0.097042s
[4.520101] DEBUG: Frame 10 process time: 0.082824s
[4.632858] DEBUG: Frame 11 process time: 0.081631s
[4.746023] DEBUG: Frame 12 process time: 0.082953s
[4.860205] DEBUG: Frame 13 process time: 0.083953s
[4.978084] DEBUG: Frame 14 process time: 0.087641s
[5.414711] DEBUG: Frame 15 process time: 0.078878s
[5.527917] DEBUG: Frame 16 process time: 0.082416s
[5.641470] DEBUG: Frame 17 process time: 0.083149s
[5.753536] DEBUG: Frame 18 process time: 0.081738s
[5.864787] DEBUG: Frame 19 process time: 0.081015s
[5.976470] DEBUG: Frame 20 process time: 0.081395s
[6.307487] DEBUG: Frame 21 process time: 0.078351s
[7.221520] DEBUG: Frame 22 process time: 0.078276s
[7.334700] DEBUG: Frame 23 process time: 0.082085s
[7.445681] DEBUG: Frame 24 process time: 0.080744s
[7.559795] DEBUG: Frame 25 process time: 0.083881s
[7.668915] DEBUG: Frame 26 process time: 0.078907s
[7.781724] DEBUG: Frame 27 process time: 0.082535s
[7.892847] DEBUG: Frame 28 process time: 0.080889s
[8.008308] DEBUG: Frame 29 process time: 0.085224s
[8.620029] DEBUG: Frame 30 process time: 0.078392s
[8.734789] DEBUG: Frame 31 process time: 0.077651s
[8.845518] DEBUG: Frame 32 process time: 0.079609s
[8.954956] DEBUG: Frame 33 process time: 0.079225s
[9.062043] DEBUG: Frame 34 process time: 0.076862s
[9.176157] DEBUG: Frame 35 process time: 0.083894s
[9.284201] DEBUG: Frame 36 process time: 0.077827s
[9.393316] DEBUG: Frame 37 process time: 0.078880s
[9.501645] DEBUG: Frame 38 process time: 0.078098s
[9.613923] DEBUG: Frame 39 process time: 0.082049s
[9.721975] DEBUG: Frame 40 process time: 0.077828s
[9.832603] DEBUG: Frame 41 process time: 0.080328s
[9.943656] DEBUG: Frame 42 process time: 0.080611s
[10.051248] DEBUG: Frame 43 process time: 0.077269s
[10.162206] DEBUG: Frame 44 process time: 0.080622s
[10.270636] DEBUG: Frame 45 process time: 0.078093s
[10.379895] DEBUG: Frame 46 process time: 0.078940s
[10.491810] DEBUG: Frame 47 process time: 0.081642s
[10.604073] DEBUG: Frame 48 process time: 0.076964s
[10.713181] DEBUG: Frame 49 process time: 0.078874s
[10.823953] DEBUG: Frame 50 process time: 0.080545s
[10.931803] DEBUG: Frame 51 process time: 0.077629s
[11.040360] DEBUG: Frame 52 process time: 0.078324s
[11.149127] DEBUG: Frame 53 process time: 0.078548s
[11.256852] DEBUG: Frame 54 process time: 0.077505s
[11.368686] DEBUG: Frame 55 process time: 0.081544s
[11.488975] DEBUG: Frame 56 process time: 0.088751s
[11.597919] DEBUG: Frame 57 process time: 0.078503s
[11.715052] DEBUG: Frame 58 process time: 0.086895s
[11.828807] DEBUG: Frame 59 process time: 0.083413s
[11.939219] DEBUG: Frame 60 process time: 0.080186s
[12.051356] DEBUG: Frame 61 process time: 0.081920s
[12.164846] DEBUG: Frame 62 process time: 0.083254s
[12.276974] DEBUG: Frame 63 process time: 0.081901s
[12.389774] DEBUG: Frame 64 process time: 0.082435s
[12.500261] DEBUG: Frame 65 process time: 0.080268s
[12.610789] DEBUG: Frame 66 process time: 0.080286s
[12.719601] DEBUG: Frame 67 process time: 0.078582s
[12.836010] DEBUG: Frame 68 process time: 0.086173s
[12.946601] DEBUG: Frame 69 process time: 0.080342s
[13.286909] DEBUG: Frame 70 process time: 0.077950s
[13.400593] DEBUG: Frame 71 process time: 0.083381s
[13.508906] DEBUG: Frame 72 process time: 0.078084s
[13.622685] DEBUG: Frame 73 process time: 0.083511s
[13.732484] DEBUG: Frame 74 process time: 0.079525s
[13.846639] DEBUG: Frame 75 process time: 0.083918s
[13.956270] DEBUG: Frame 76 process time: 0.079387s
[14.228042] DEBUG: Frame 77 process time: 0.077648s
[14.341468] DEBUG: Frame 78 process time: 0.083090s
[14.449227] DEBUG: Frame 79 process time: 0.077519s
[14.562352] DEBUG: Frame 80 process time: 0.082892s
[14.674911] DEBUG: Frame 81 process time: 0.082139s
[14.783520] DEBUG: Frame 82 process time: 0.078362s
[14.894538] DEBUG: Frame 83 process time: 0.080776s
[15.008256] DEBUG: Frame 84 process time: 0.083477s
[15.287747] DEBUG: Frame 85 process time: 0.077728s
[15.400692] DEBUG: Frame 86 process time: 0.082336s
[15.511305] DEBUG: Frame 87 process time: 0.080385s
[15.628810] DEBUG: Frame 88 process time: 0.083698s
[15.742011] DEBUG: Frame 89 process time: 0.082973s
[15.851843] DEBUG: Frame 90 process time: 0.079601s
[15.965317] DEBUG: Frame 91 process time: 0.083257s
[16.717982] DEBUG: Frame 92 process time: 0.077581s
[16.831667] DEBUG: Frame 93 process time: 0.082716s
[16.942996] DEBUG: Frame 94 process time: 0.081112s
[17.053154] DEBUG: Frame 95 process time: 0.079931s
[17.163865] DEBUG: Frame 96 process time: 0.080478s
[17.273286] DEBUG: Frame 97 process time: 0.079191s
[17.383862] DEBUG: Frame 98 process time: 0.080133s
[17.855914] DEBUG: Frame 99 process time: 0.078832s
[17.886428] EVENT: Calculated point:      1.84966     0.141967 -1.41731e-17
[17.886491] CLOSE: Closing Logger :)
