[0.000577] INIT: Logger started :)
[0.001006] EVENT: Parameters parsed for blob detector
[0.001212] EVENT: Parameters parsed for math config
[0.001350] EVENT: Parameters parsed for color detection
[0.001446] EVENT: Parameters parsed for system config
[0.251602] EVENT: Camera Initialized Successfully
[0.822020] EVENT: Serial port /dev/serial0 opened
[0.822364] EVENT: Starting Flight controller loop
[0.823139] EVENT: IMU serial port /dev/ttyACM0 opened
[0.823423] EVENT: IMU sensor data loop started
[1.025890] EVENT: Tracking loop started
[1.542605] DEBUG: Frame 0 process time: 0.516581s
[1.726609] DEBUG: Frame 1 process time: 0.101191s
[1.869669] DEBUG: Frame 2 process time: 0.112587s
[2.008079] DEBUG: Frame 3 process time: 0.098605s
[2.124504] DEBUG: Frame 4 process time: 0.085883s
[2.238558] DEBUG: Frame 5 process time: 0.083069s
[2.349639] DEBUG: Frame 6 process time: 0.079809s
[2.463665] DEBUG: Frame 7 process time: 0.083690s
[2.573603] DEBUG: Frame 8 process time: 0.079135s
[2.686122] DEBUG: Frame 9 process time: 0.081849s
[2.795645] DEBUG: Frame 10 process time: 0.078332s
[2.910812] DEBUG: Frame 11 process time: 0.084359s
[3.019558] DEBUG: Frame 12 process time: 0.077866s
[3.128341] DEBUG: Frame 13 process time: 0.077525s
[3.237356] DEBUG: Frame 14 process time: 0.078527s
[3.346938] DEBUG: Frame 15 process time: 0.078860s
[3.456342] DEBUG: Frame 16 process time: 0.078802s
[3.566666] DEBUG: Frame 17 process time: 0.079852s
[3.675374] DEBUG: Frame 18 process time: 0.078436s
[3.785738] DEBUG: Frame 19 process time: 0.080037s
[3.894774] DEBUG: Frame 20 process time: 0.077861s
[4.006174] DEBUG: Frame 21 process time: 0.080760s
[4.119283] DEBUG: Frame 22 process time: 0.082023s
[4.231671] DEBUG: Frame 23 process time: 0.082090s
[4.343686] DEBUG: Frame 24 process time: 0.081469s
[4.458523] DEBUG: Frame 25 process time: 0.084491s
[4.571210] DEBUG: Frame 26 process time: 0.081836s
[4.684364] DEBUG: Frame 27 process time: 0.082015s
[4.793137] DEBUG: Frame 28 process time: 0.077642s
[4.903477] DEBUG: Frame 29 process time: 0.080060s
[5.016872] DEBUG: Frame 30 process time: 0.083137s
[5.140521] DEBUG: Frame 31 process time: 0.092893s
[5.927910] DEBUG: Frame 32 process time: 0.087280s
[6.038655] DEBUG: Frame 33 process time: 0.079644s
[6.149987] DEBUG: Frame 34 process time: 0.080218s
[6.259878] DEBUG: Frame 35 process time: 0.079551s
[6.369393] DEBUG: Frame 36 process time: 0.079226s
[6.480583] DEBUG: Frame 37 process time: 0.080296s
[6.591809] DEBUG: Frame 38 process time: 0.080259s
[6.702009] DEBUG: Frame 39 process time: 0.079259s
[6.812697] DEBUG: Frame 40 process time: 0.080413s
[6.928618] DEBUG: Frame 41 process time: 0.085661s
[7.039615] DEBUG: Frame 42 process time: 0.079889s
[7.151284] DEBUG: Frame 43 process time: 0.080568s
[7.262057] DEBUG: Frame 44 process time: 0.080007s
[7.370969] DEBUG: Frame 45 process time: 0.078339s
[7.482900] DEBUG: Frame 46 process time: 0.081057s
[7.593835] DEBUG: Frame 47 process time: 0.079961s
[7.704190] DEBUG: Frame 48 process time: 0.079345s
[7.815019] DEBUG: Frame 49 process time: 0.079969s
[7.930392] DEBUG: Frame 50 process time: 0.084410s
[8.041379] DEBUG: Frame 51 process time: 0.080690s
[8.151155] DEBUG: Frame 52 process time: 0.078573s
[8.259933] DEBUG: Frame 53 process time: 0.078439s
[8.369158] DEBUG: Frame 54 process time: 0.077968s
[8.480822] DEBUG: Frame 55 process time: 0.081019s
[8.591732] DEBUG: Frame 56 process time: 0.080088s
[8.701513] DEBUG: Frame 57 process time: 0.078971s
[8.811999] DEBUG: Frame 58 process time: 0.079706s
[8.925916] DEBUG: Frame 59 process time: 0.083538s
[9.037561] DEBUG: Frame 60 process time: 0.080654s
[9.149662] DEBUG: Frame 61 process time: 0.081410s
[9.261215] DEBUG: Frame 62 process time: 0.080544s
[9.372139] DEBUG: Frame 63 process time: 0.080397s
[9.484530] DEBUG: Frame 64 process time: 0.081951s
[9.594996] DEBUG: Frame 65 process time: 0.079871s
[9.705868] DEBUG: Frame 66 process time: 0.080333s
[9.817413] DEBUG: Frame 67 process time: 0.080472s
[9.928634] DEBUG: Frame 68 process time: 0.080572s
[10.042710] DEBUG: Frame 69 process time: 0.083299s
[10.167960] DEBUG: Frame 70 process time: 0.094644s
[10.279739] DEBUG: Frame 71 process time: 0.081316s
[10.396959] DEBUG: Frame 72 process time: 0.086405s
[10.508826] DEBUG: Frame 73 process time: 0.080973s
[10.621103] DEBUG: Frame 74 process time: 0.081777s
[10.731711] DEBUG: Frame 75 process time: 0.079528s
[10.844200] DEBUG: Frame 76 process time: 0.081572s
[10.957307] DEBUG: Frame 77 process time: 0.082662s
[11.068523] DEBUG: Frame 78 process time: 0.080415s
[11.179412] DEBUG: Frame 79 process time: 0.079725s
[11.291226] DEBUG: Frame 80 process time: 0.080785s
[11.405616] DEBUG: Frame 81 process time: 0.083325s
[11.514769] DEBUG: Frame 82 process time: 0.078314s
[11.625003] DEBUG: Frame 83 process time: 0.079396s
[11.735743] DEBUG: Frame 84 process time: 0.079716s
[11.845276] DEBUG: Frame 85 process time: 0.078559s
[11.957723] DEBUG: Frame 86 process time: 0.081348s
[12.070599] DEBUG: Frame 87 process time: 0.081793s
[12.180695] DEBUG: Frame 88 process time: 0.079393s
[12.290618] DEBUG: Frame 89 process time: 0.078852s
[12.407481] DEBUG: Frame 90 process time: 0.086377s
[12.517728] DEBUG: Frame 91 process time: 0.079746s
[12.628715] DEBUG: Frame 92 process time: 0.080444s
[12.739619] DEBUG: Frame 93 process time: 0.080472s
[12.849698] DEBUG: Frame 94 process time: 0.079376s
[12.960473] DEBUG: Frame 95 process time: 0.079493s
[13.070313] DEBUG: Frame 96 process time: 0.079349s
[13.180855] DEBUG: Frame 97 process time: 0.079328s
[13.290164] DEBUG: Frame 98 process time: 0.078510s
[13.401814] DEBUG: Frame 99 process time: 0.081019s
[13.433132] EVENT: Calculated point: -65.3407  3.37964        0
[13.433222] EVENT: Sent [LAT:-65.340683] to Ground Station
[13.433316] EVENT: Sent [LON:3.379642] to Ground Station
[13.433337] CLOSE: Closing Logger :)
