[0.000490] INIT: Logger started :)
[0.000930] EVENT: Parameters parsed for blob detector
[0.001190] EVENT: Parameters parsed for math config
[0.001339] EVENT: Parameters parsed for color detection
[0.001437] EVENT: Parameters parsed for system config
[0.257052] EVENT: Camera Initialized Successfully
[1.515329] EVENT: Serial port /dev/serial0 opened
[1.516068] EVENT: Starting Flight controller loop
[1.516068] EVENT: Starting Flight controller loop
[1.518167] EVENT: IMU serial port /dev/ttyACM0 opened
[1.521701] EVENT: IMU sensor data loop started
[1.774436] EVENT: Tracking loop started
[2.320483] DEBUG: Frame 0 process time: 0.545687s
[2.460282] DEBUG: Frame 1 process time: 0.107010s
[2.583903] DEBUG: Frame 2 process time: 0.092825s
[2.710565] DEBUG: Frame 3 process time: 0.083396s
[2.820812] DEBUG: Frame 4 process time: 0.079684s
[2.934037] DEBUG: Frame 5 process time: 0.081969s
[3.042410] DEBUG: Frame 6 process time: 0.077819s
[3.150521] DEBUG: Frame 7 process time: 0.076983s
[3.258273] DEBUG: Frame 8 process time: 0.077247s
[3.374334] DEBUG: Frame 9 process time: 0.085048s
[3.490570] DEBUG: Frame 10 process time: 0.085434s
[3.612599] DEBUG: Frame 11 process time: 0.091109s
[3.727604] DEBUG: Frame 12 process time: 0.083665s
[3.840469] DEBUG: Frame 13 process time: 0.082176s
[3.957527] DEBUG: Frame 14 process time: 0.085879s
[4.069294] DEBUG: Frame 15 process time: 0.080561s
[4.181538] DEBUG: Frame 16 process time: 0.081172s
[4.294232] DEBUG: Frame 17 process time: 0.082019s
[4.403271] DEBUG: Frame 18 process time: 0.078111s
[4.529726] DEBUG: Frame 19 process time: 0.095698s
[4.647710] DEBUG: Frame 20 process time: 0.087332s
[4.755013] DEBUG: Frame 21 process time: 0.076784s
[4.867745] DEBUG: Frame 22 process time: 0.081623s
[4.977983] DEBUG: Frame 23 process time: 0.078868s
[5.108078] DEBUG: Frame 24 process time: 0.099160s
[5.232516] DEBUG: Frame 25 process time: 0.093513s
[5.345526] DEBUG: Frame 26 process time: 0.081868s
[5.454073] DEBUG: Frame 27 process time: 0.078036s
[5.565968] DEBUG: Frame 28 process time: 0.080699s
[5.677976] DEBUG: Frame 29 process time: 0.080859s
[5.785160] DEBUG: Frame 30 process time: 0.076023s
[5.927347] DEBUG: Frame 31 process time: 0.111103s
[6.039496] DEBUG: Frame 32 process time: 0.081478s
[6.153127] DEBUG: Frame 33 process time: 0.082530s
[6.267000] DEBUG: Frame 34 process time: 0.082952s
[6.379392] DEBUG: Frame 35 process time: 0.080865s
[6.488321] DEBUG: Frame 36 process time: 0.077519s
[6.630403] DEBUG: Frame 37 process time: 0.111121s
[6.736895] DEBUG: Frame 38 process time: 0.075285s
[6.843127] DEBUG: Frame 39 process time: 0.075184s
[6.975865] DEBUG: Frame 40 process time: 0.102093s
[7.094659] DEBUG: Frame 41 process time: 0.088145s
[7.200856] DEBUG: Frame 42 process time: 0.075755s
[7.310956] DEBUG: Frame 43 process time: 0.079177s
[7.418140] DEBUG: Frame 44 process time: 0.076645s
[7.525397] DEBUG: Frame 45 process time: 0.075922s
[7.643965] DEBUG: Frame 46 process time: 0.087557s
[7.761590] DEBUG: Frame 47 process time: 0.086246s
[7.867566] DEBUG: Frame 48 process time: 0.075165s
[7.975274] DEBUG: Frame 49 process time: 0.076833s
[8.082684] DEBUG: Frame 50 process time: 0.076724s
[8.191072] DEBUG: Frame 51 process time: 0.077149s
[8.302936] DEBUG: Frame 52 process time: 0.080637s
[8.430015] DEBUG: Frame 53 process time: 0.096558s
[8.553585] DEBUG: Frame 54 process time: 0.092159s
[8.670906] DEBUG: Frame 55 process time: 0.086600s
[8.796459] DEBUG: Frame 56 process time: 0.094522s
[8.920272] DEBUG: Frame 57 process time: 0.092747s
[9.054812] DEBUG: Frame 58 process time: 0.103972s
[9.200055] DEBUG: Frame 59 process time: 0.114122s
[9.349958] DEBUG: Frame 60 process time: 0.118883s
[9.497808] DEBUG: Frame 61 process time: 0.117188s
[9.614894] DEBUG: Frame 62 process time: 0.086006s
[9.726982] DEBUG: Frame 63 process time: 0.081007s
[9.836974] DEBUG: Frame 64 process time: 0.079109s
[9.962974] DEBUG: Frame 65 process time: 0.095165s
[10.085354] DEBUG: Frame 66 process time: 0.091855s
[10.202273] DEBUG: Frame 67 process time: 0.085478s
[10.311106] DEBUG: Frame 68 process time: 0.077529s
[10.428375] DEBUG: Frame 69 process time: 0.085929s
[10.559398] DEBUG: Frame 70 process time: 0.099482s
[10.671647] DEBUG: Frame 71 process time: 0.081199s
[10.781529] DEBUG: Frame 72 process time: 0.078638s
[10.891369] DEBUG: Frame 73 process time: 0.078813s
[11.007657] DEBUG: Frame 74 process time: 0.085690s
[11.121185] DEBUG: Frame 75 process time: 0.082976s
[11.242888] DEBUG: Frame 76 process time: 0.091021s
[11.351036] DEBUG: Frame 77 process time: 0.077289s
[11.468556] DEBUG: Frame 78 process time: 0.086990s
[11.580734] DEBUG: Frame 79 process time: 0.081082s
[11.690939] DEBUG: Frame 80 process time: 0.079455s
[11.811551] DEBUG: Frame 81 process time: 0.089433s
[11.934915] DEBUG: Frame 82 process time: 0.092708s
[14.628143] DEBUG: Frame 83 process time: 0.090156s
[14.739937] DEBUG: Frame 84 process time: 0.081213s
[14.845816] DEBUG: Frame 85 process time: 0.075431s
[14.954729] DEBUG: Frame 86 process time: 0.078083s
[17.325242] DEBUG: Frame 87 process time: 2.339778s
[17.493022] DEBUG: Frame 88 process time: 0.131195s
[17.616751] DEBUG: Frame 89 process time: 0.092402s
[17.733333] DEBUG: Frame 90 process time: 0.085641s
[17.841325] DEBUG: Frame 91 process time: 0.077319s
[17.949418] DEBUG: Frame 92 process time: 0.077283s
[18.071871] DEBUG: Frame 93 process time: 0.091627s
[18.182696] DEBUG: Frame 94 process time: 0.079751s
[18.292627] DEBUG: Frame 95 process time: 0.079218s
[18.399154] DEBUG: Frame 96 process time: 0.075840s
[18.509945] DEBUG: Frame 97 process time: 0.079840s
[18.618009] DEBUG: Frame 98 process time: 0.076876s
[18.740494] DEBUG: Frame 99 process time: 0.091805s
[18.772485] EVENT: Calculated point: nan nan nan
[18.772883] EVENT: Sent [LAT:nan] to Ground Station
[18.773017] EVENT: Sent [LON:nan] to Ground Station
[18.773045] CLOSE: Closing Logger :)
