[0.008668] INIT: Logger started :)
[0.009147] EVENT: Parameters parsed for blob detector
[0.009318] EVENT: Parameters parsed for math config
[0.009431] EVENT: Parameters parsed for color detection
[0.009515] EVENT: Parameters parsed for system config
[0.263766] EVENT: Camera Initialized Successfully
[1.740590] EVENT: Serial port /dev/serial0 opened
[1.741104] EVENT: Starting Flight controller loop
[1.742409] EVENT: IMU serial port /dev/ttyACM0 opened
[1.742979] EVENT: IMU sensor data loop started
[1.979410] EVENT: Tracking loop started
[2.491704] DEBUG: Frame 0 process time: 0.512091s
[2.624540] DEBUG: Frame 1 process time: 0.098658s
[2.756677] DEBUG: Frame 2 process time: 0.100856s
[2.881590] DEBUG: Frame 3 process time: 0.081268s
[2.997253] DEBUG: Frame 4 process time: 0.085116s
[3.107001] DEBUG: Frame 5 process time: 0.078459s
[3.213493] DEBUG: Frame 6 process time: 0.076013s
[3.321475] DEBUG: Frame 7 process time: 0.076896s
[3.430037] DEBUG: Frame 8 process time: 0.077634s
[3.538860] DEBUG: Frame 9 process time: 0.078524s
[3.649515] DEBUG: Frame 10 process time: 0.080173s
[3.757417] DEBUG: Frame 11 process time: 0.077249s
[3.864224] DEBUG: Frame 12 process time: 0.076266s
[3.973375] DEBUG: Frame 13 process time: 0.077894s
[4.081598] DEBUG: Frame 14 process time: 0.077070s
[4.189726] DEBUG: Frame 15 process time: 0.077523s
[4.298426] DEBUG: Frame 16 process time: 0.078329s
[4.407032] DEBUG: Frame 17 process time: 0.078068s
[4.513746] DEBUG: Frame 18 process time: 0.076385s
[4.620584] DEBUG: Frame 19 process time: 0.076299s
[4.729491] DEBUG: Frame 20 process time: 0.078223s
[4.838071] DEBUG: Frame 21 process time: 0.077568s
[4.946502] DEBUG: Frame 22 process time: 0.077357s
[5.067488] DEBUG: Frame 23 process time: 0.089771s
[6.053314] DEBUG: Frame 24 process time: 0.097577s
[6.161815] DEBUG: Frame 25 process time: 0.077744s
[6.270408] DEBUG: Frame 26 process time: 0.078251s
[6.377889] DEBUG: Frame 27 process time: 0.076510s
[6.486389] DEBUG: Frame 28 process time: 0.077650s
[6.595183] DEBUG: Frame 29 process time: 0.077635s
[6.706408] DEBUG: Frame 30 process time: 0.080886s
[6.814669] DEBUG: Frame 31 process time: 0.077474s
[6.923810] DEBUG: Frame 32 process time: 0.078174s
[7.032467] DEBUG: Frame 33 process time: 0.077562s
[7.140707] DEBUG: Frame 34 process time: 0.077440s
[7.253782] DEBUG: Frame 35 process time: 0.081932s
[7.362540] DEBUG: Frame 36 process time: 0.078209s
[7.470247] DEBUG: Frame 37 process time: 0.077101s
[7.582004] DEBUG: Frame 38 process time: 0.081256s
[7.701425] DEBUG: Frame 39 process time: 0.088355s
[7.812516] DEBUG: Frame 40 process time: 0.080400s
[7.920946] DEBUG: Frame 41 process time: 0.077211s
[8.029061] DEBUG: Frame 42 process time: 0.077189s
[8.136286] DEBUG: Frame 43 process time: 0.076092s
[8.246654] DEBUG: Frame 44 process time: 0.079650s
[8.353830] DEBUG: Frame 45 process time: 0.076108s
[8.462388] DEBUG: Frame 46 process time: 0.078178s
[8.570587] DEBUG: Frame 47 process time: 0.077774s
[8.681603] DEBUG: Frame 48 process time: 0.079809s
[8.789904] DEBUG: Frame 49 process time: 0.077834s
[8.898399] DEBUG: Frame 50 process time: 0.077436s
[9.006668] DEBUG: Frame 51 process time: 0.077844s
[9.115182] DEBUG: Frame 52 process time: 0.077421s
[9.226668] DEBUG: Frame 53 process time: 0.081089s
[9.333534] DEBUG: Frame 54 process time: 0.075933s
[9.441485] DEBUG: Frame 55 process time: 0.076941s
[9.548635] DEBUG: Frame 56 process time: 0.076691s
[9.654991] DEBUG: Frame 57 process time: 0.075930s
[9.761678] DEBUG: Frame 58 process time: 0.076120s
[9.868556] DEBUG: Frame 59 process time: 0.076481s
[9.977016] DEBUG: Frame 60 process time: 0.077510s
[10.104200] DEBUG: Frame 61 process time: 0.095957s
[10.223010] DEBUG: Frame 62 process time: 0.085413s
[10.331639] DEBUG: Frame 63 process time: 0.077706s
[10.440378] DEBUG: Frame 64 process time: 0.077959s
[10.548495] DEBUG: Frame 65 process time: 0.077701s
[10.656530] DEBUG: Frame 66 process time: 0.077052s
[10.767097] DEBUG: Frame 67 process time: 0.079894s
[10.876556] DEBUG: Frame 68 process time: 0.078224s
[10.985712] DEBUG: Frame 69 process time: 0.077883s
[11.096039] DEBUG: Frame 70 process time: 0.078988s
[11.212078] DEBUG: Frame 71 process time: 0.084744s
[11.322715] DEBUG: Frame 72 process time: 0.080141s
[11.432835] DEBUG: Frame 73 process time: 0.079154s
[11.542550] DEBUG: Frame 74 process time: 0.079214s
[11.659289] DEBUG: Frame 75 process time: 0.085511s
[11.768985] DEBUG: Frame 76 process time: 0.079037s
[11.792746] EVENT: Received [TestTest:696969.000000]
[11.792996] EVENT: Received [SuperCool:420420.000000]
[11.879452] DEBUG: Frame 77 process time: 0.080087s
[11.988490] DEBUG: Frame 78 process time: 0.077971s
[12.098735] DEBUG: Frame 79 process time: 0.079514s
[12.215306] DEBUG: Frame 80 process time: 0.085266s
[12.324685] DEBUG: Frame 81 process time: 0.078943s
[12.435978] DEBUG: Frame 82 process time: 0.080218s
[12.549870] DEBUG: Frame 83 process time: 0.083543s
[12.660394] DEBUG: Frame 84 process time: 0.079756s
[12.770080] DEBUG: Frame 85 process time: 0.078951s
[12.880065] DEBUG: Frame 86 process time: 0.078714s
[12.989703] DEBUG: Frame 87 process time: 0.078710s
[13.100224] DEBUG: Frame 88 process time: 0.079838s
[13.217087] DEBUG: Frame 89 process time: 0.085662s
[13.325055] DEBUG: Frame 90 process time: 0.077492s
[13.433074] DEBUG: Frame 91 process time: 0.077457s
[13.541961] DEBUG: Frame 92 process time: 0.078417s
[13.653103] DEBUG: Frame 93 process time: 0.080036s
[13.752778] EVENT: Received [TestTest:696969.000000]
[13.762655] DEBUG: Frame 94 process time: 0.078682s
[13.772774] EVENT: Received [SuperCool:420420.000000]
[13.870221] DEBUG: Frame 95 process time: 0.077079s
[13.978102] DEBUG: Frame 96 process time: 0.076834s
[14.085644] DEBUG: Frame 97 process time: 0.076763s
[14.196638] DEBUG: Frame 98 process time: 0.079676s
[14.305641] DEBUG: Frame 99 process time: 0.078442s
[14.336879] EVENT: Calculated point: nan nan nan
[14.337083] EVENT: Sent [LAT:nan] to Ground Station
[14.337309] EVENT: Sent [LON:nan] to Ground Station
[14.337329] CLOSE: Closing Logger :)
