[0.000485] INIT: Logger started :)
[0.000835] EVENT: Parameters parsed for blob detector
[0.001000] EVENT: Parameters parsed for math config
[0.001111] EVENT: Parameters parsed for color detection
[0.001194] EVENT: Parameters parsed for system config
[0.224593] EVENT: Camera Initialized Successfully
[0.761051] EVENT: Serial port /dev/ttyACM1 opened
[0.761375] EVENT: Starting Flight controller loop
[0.762775] EVENT: IMU serial port /dev/ttyACM0 opened
[0.763105] EVENT: IMU sensor data loop started
[2.539396] EVENT: Tracking loop started
[3.133077] DEBUG: Frame 0 process time: 0.593550s
[3.267718] DEBUG: Frame 1 process time: 0.076397s
[3.384807] DEBUG: Frame 2 process time: 0.077569s
[3.545054] DEBUG: Frame 3 process time: 0.077862s
[3.680736] DEBUG: Frame 4 process time: 0.077596s
[3.815372] DEBUG: Frame 5 process time: 0.076246s
[3.971735] DEBUG: Frame 6 process time: 0.076505s
[4.534740] DEBUG: Frame 7 process time: 0.076687s
[4.683975] DEBUG: Frame 8 process time: 0.076710s
[4.809405] DEBUG: Frame 9 process time: 0.081528s
[4.919408] DEBUG: Frame 10 process time: 0.079751s
[5.035292] DEBUG: Frame 11 process time: 0.075852s
[5.155751] DEBUG: Frame 12 process time: 0.086599s
[5.375726] DEBUG: Frame 13 process time: 0.076511s
[5.487860] DEBUG: Frame 14 process time: 0.081598s
[5.595479] DEBUG: Frame 15 process time: 0.077410s
[5.703184] DEBUG: Frame 16 process time: 0.075932s
[5.815567] DEBUG: Frame 17 process time: 0.081958s
[6.008386] DEBUG: Frame 18 process time: 0.076932s
[6.121122] DEBUG: Frame 19 process time: 0.081959s
[6.230252] DEBUG: Frame 20 process time: 0.078599s
[6.356069] DEBUG: Frame 21 process time: 0.083852s
[6.467400] DEBUG: Frame 22 process time: 0.080730s
[6.583043] DEBUG: Frame 23 process time: 0.083235s
[6.762905] DEBUG: Frame 24 process time: 0.076546s
[6.879075] DEBUG: Frame 25 process time: 0.075792s
[7.244811] DEBUG: Frame 26 process time: 0.077626s
[7.578048] DEBUG: Frame 27 process time: 0.075297s
[7.692031] DEBUG: Frame 28 process time: 0.083191s
[7.801730] DEBUG: Frame 29 process time: 0.079481s
[7.928164] DEBUG: Frame 30 process time: 0.095676s
[8.039295] DEBUG: Frame 31 process time: 0.080907s
[8.154805] DEBUG: Frame 32 process time: 0.084281s
[8.264681] DEBUG: Frame 33 process time: 0.079660s
[8.384894] DEBUG: Frame 34 process time: 0.085130s
[8.493338] DEBUG: Frame 35 process time: 0.078180s
[8.617097] DEBUG: Frame 36 process time: 0.085411s
[8.726692] DEBUG: Frame 37 process time: 0.079377s
[8.843363] DEBUG: Frame 38 process time: 0.083453s
[8.952396] DEBUG: Frame 39 process time: 0.078768s
[9.077480] DEBUG: Frame 40 process time: 0.085573s
[9.187693] DEBUG: Frame 41 process time: 0.079810s
[9.387813] DEBUG: Frame 42 process time: 0.076271s
[9.501763] DEBUG: Frame 43 process time: 0.083646s
[9.668119] DEBUG: Frame 44 process time: 0.076591s
[9.782772] DEBUG: Frame 45 process time: 0.083977s
[9.952086] DEBUG: Frame 46 process time: 0.076342s
[10.065715] DEBUG: Frame 47 process time: 0.083118s
[10.176429] DEBUG: Frame 48 process time: 0.080440s
[10.289550] DEBUG: Frame 49 process time: 0.082523s
[10.399053] DEBUG: Frame 50 process time: 0.079280s
[10.604337] DEBUG: Frame 51 process time: 0.076885s
[10.719102] DEBUG: Frame 52 process time: 0.084439s
[10.895909] DEBUG: Frame 53 process time: 0.076500s
[11.012638] DEBUG: Frame 54 process time: 0.085703s
[11.183889] DEBUG: Frame 55 process time: 0.076146s
[11.302781] DEBUG: Frame 56 process time: 0.087625s
[11.412986] DEBUG: Frame 57 process time: 0.079935s
[11.531859] DEBUG: Frame 58 process time: 0.084381s
[11.641501] DEBUG: Frame 59 process time: 0.079383s
[11.760677] DEBUG: Frame 60 process time: 0.084840s
[11.870734] DEBUG: Frame 61 process time: 0.079781s
[11.995958] DEBUG: Frame 62 process time: 0.084193s
[12.175458] DEBUG: Frame 63 process time: 0.077036s
[12.288592] DEBUG: Frame 64 process time: 0.082787s
[12.398544] DEBUG: Frame 65 process time: 0.079728s
[12.516455] DEBUG: Frame 66 process time: 0.084620s
[12.628317] DEBUG: Frame 67 process time: 0.081605s
[12.741454] DEBUG: Frame 68 process time: 0.081598s
[12.852184] DEBUG: Frame 69 process time: 0.080379s
[12.969747] DEBUG: Frame 70 process time: 0.086507s
[13.080569] DEBUG: Frame 71 process time: 0.080539s
[13.214724] DEBUG: Frame 72 process time: 0.086929s
[13.391683] DEBUG: Frame 73 process time: 0.076130s
[13.506721] DEBUG: Frame 74 process time: 0.084356s
[13.617641] DEBUG: Frame 75 process time: 0.080680s
[13.739378] DEBUG: Frame 76 process time: 0.083659s
[13.849349] DEBUG: Frame 77 process time: 0.079741s
[13.970145] DEBUG: Frame 78 process time: 0.079842s
[14.082952] DEBUG: Frame 79 process time: 0.082219s
[14.192491] DEBUG: Frame 80 process time: 0.079315s
[14.309814] DEBUG: Frame 81 process time: 0.085923s
[14.419697] DEBUG: Frame 82 process time: 0.079623s
[14.628791] DEBUG: Frame 83 process time: 0.077151s
[14.741311] DEBUG: Frame 84 process time: 0.081242s
[14.851694] DEBUG: Frame 85 process time: 0.080161s
[14.975645] DEBUG: Frame 86 process time: 0.084570s
[15.085952] DEBUG: Frame 87 process time: 0.080104s
[15.209862] DEBUG: Frame 88 process time: 0.085867s
[15.388133] DEBUG: Frame 89 process time: 0.076281s
[15.503817] DEBUG: Frame 90 process time: 0.084608s
[15.684678] DEBUG: Frame 91 process time: 0.076599s
[15.802678] DEBUG: Frame 92 process time: 0.087619s
[15.913441] DEBUG: Frame 93 process time: 0.080546s
[16.027891] DEBUG: Frame 94 process time: 0.083889s
[16.138355] DEBUG: Frame 95 process time: 0.080238s
[16.264039] DEBUG: Frame 96 process time: 0.084199s
[16.374749] DEBUG: Frame 97 process time: 0.080466s
[16.487359] DEBUG: Frame 98 process time: 0.082187s
[16.602643] DEBUG: Frame 99 process time: 0.085059s
[16.636522] EVENT: Calculated point:      3.76117    -0.105551 -3.57313e-17
[16.636574] CLOSE: Closing Logger :)
