[0.000443] INIT: Logger started :)
[0.000788] EVENT: Parameters parsed for blob detector
[0.000956] EVENT: Parameters parsed for math config
[0.001067] EVENT: Parameters parsed for color detection
[0.001149] EVENT: Parameters parsed for system config
[0.211644] EVENT: Camera Initialized Successfully
[1.341608] EVENT: Serial port /dev/serial0 opened
[1.341927] EVENT: Starting Flight controller loop
[1.343587] EVENT: IMU serial port /dev/ttyACM0 opened
[1.343899] EVENT: IMU sensor data loop started
[2.853181] EVENT: Tracking loop started
[3.430703] DEBUG: Frame 0 process time: 0.577393s
[3.546008] DEBUG: Frame 1 process time: 0.076853s
[3.689340] DEBUG: Frame 2 process time: 0.076597s
[3.872854] DEBUG: Frame 3 process time: 0.075930s
[4.024332] DEBUG: Frame 4 process time: 0.078959s
[4.182217] DEBUG: Frame 5 process time: 0.077395s
[4.345869] DEBUG: Frame 6 process time: 0.077324s
[4.502086] DEBUG: Frame 7 process time: 0.081384s
[5.801889] DEBUG: Frame 8 process time: 0.075752s
[5.971664] DEBUG: Frame 9 process time: 0.075662s
[6.116217] DEBUG: Frame 10 process time: 0.091999s
[6.239377] DEBUG: Frame 11 process time: 0.092883s
[6.362142] DEBUG: Frame 12 process time: 0.092464s
[6.475868] DEBUG: Frame 13 process time: 0.083524s
[6.899131] DEBUG: Frame 14 process time: 0.075397s
[7.017833] DEBUG: Frame 15 process time: 0.088373s
[7.138438] DEBUG: Frame 16 process time: 0.090367s
[7.246145] DEBUG: Frame 17 process time: 0.077492s
[7.355053] DEBUG: Frame 18 process time: 0.078691s
[7.670123] DEBUG: Frame 19 process time: 0.075861s
[7.781491] DEBUG: Frame 20 process time: 0.080902s
[7.891411] DEBUG: Frame 21 process time: 0.079709s
[8.001312] DEBUG: Frame 22 process time: 0.079690s
[8.363645] DEBUG: Frame 23 process time: 0.075746s
[8.474294] DEBUG: Frame 24 process time: 0.079487s
[8.582724] DEBUG: Frame 25 process time: 0.078162s
[8.692742] DEBUG: Frame 26 process time: 0.079819s
[9.070331] DEBUG: Frame 27 process time: 0.075171s
[9.180395] DEBUG: Frame 28 process time: 0.079530s
[9.289940] DEBUG: Frame 29 process time: 0.079313s
[9.397670] DEBUG: Frame 30 process time: 0.077516s
[9.774578] DEBUG: Frame 31 process time: 0.075504s
[9.892090] DEBUG: Frame 32 process time: 0.086817s
[10.007489] DEBUG: Frame 33 process time: 0.084829s
[10.119019] DEBUG: Frame 34 process time: 0.081305s
[10.229366] DEBUG: Frame 35 process time: 0.080076s
[10.567145] DEBUG: Frame 36 process time: 0.076170s
[10.676595] DEBUG: Frame 37 process time: 0.078459s
[10.785111] DEBUG: Frame 38 process time: 0.078297s
[10.894228] DEBUG: Frame 39 process time: 0.078893s
[11.289184] DEBUG: Frame 40 process time: 0.077819s
[11.401359] DEBUG: Frame 41 process time: 0.081625s
[11.510982] DEBUG: Frame 42 process time: 0.078948s
[11.618879] DEBUG: Frame 43 process time: 0.077652s
[11.728154] DEBUG: Frame 44 process time: 0.079067s
[12.218401] DEBUG: Frame 45 process time: 0.076146s
[12.347166] DEBUG: Frame 46 process time: 0.076674s
[14.743008] DEBUG: Frame 47 process time: 0.077069s
[15.587349] DEBUG: Frame 48 process time: 0.077597s
[15.704005] DEBUG: Frame 49 process time: 0.086117s
[15.812833] DEBUG: Frame 50 process time: 0.078619s
[15.926162] DEBUG: Frame 51 process time: 0.083066s
[16.337628] DEBUG: Frame 52 process time: 0.076518s
[16.448994] DEBUG: Frame 53 process time: 0.080305s
[16.558520] DEBUG: Frame 54 process time: 0.079283s
[16.675197] DEBUG: Frame 55 process time: 0.086415s
[16.986944] DEBUG: Frame 56 process time: 0.081673s
[17.097909] DEBUG: Frame 57 process time: 0.080352s
[17.207917] DEBUG: Frame 58 process time: 0.079790s
[17.316188] DEBUG: Frame 59 process time: 0.078061s
[17.603754] DEBUG: Frame 60 process time: 0.078557s
[17.723383] DEBUG: Frame 61 process time: 0.088897s
[17.835056] DEBUG: Frame 62 process time: 0.081471s
[17.948047] DEBUG: Frame 63 process time: 0.082674s
[18.214597] DEBUG: Frame 64 process time: 0.076325s
[18.329551] DEBUG: Frame 65 process time: 0.084612s
[18.447278] DEBUG: Frame 66 process time: 0.087464s
[18.563860] DEBUG: Frame 67 process time: 0.086162s
[18.849053] DEBUG: Frame 68 process time: 0.076451s
[18.961997] DEBUG: Frame 69 process time: 0.082028s
[19.073813] DEBUG: Frame 70 process time: 0.081573s
[19.183169] DEBUG: Frame 71 process time: 0.079139s
[19.525565] DEBUG: Frame 72 process time: 0.076808s
[19.636954] DEBUG: Frame 73 process time: 0.080812s
[19.750280] DEBUG: Frame 74 process time: 0.083128s
[19.860794] DEBUG: Frame 75 process time: 0.080305s
[20.168448] DEBUG: Frame 76 process time: 0.076019s
[20.284377] DEBUG: Frame 77 process time: 0.085492s
[20.391519] DEBUG: Frame 78 process time: 0.076935s
[20.502632] DEBUG: Frame 79 process time: 0.080896s
[20.795265] DEBUG: Frame 80 process time: 0.075717s
[20.904280] DEBUG: Frame 81 process time: 0.078494s
[21.012067] DEBUG: Frame 82 process time: 0.077576s
[21.123934] DEBUG: Frame 83 process time: 0.078996s
[21.398999] DEBUG: Frame 84 process time: 0.075411s
[21.508251] DEBUG: Frame 85 process time: 0.078821s
[21.617222] DEBUG: Frame 86 process time: 0.078754s
[21.726160] DEBUG: Frame 87 process time: 0.078704s
[22.087948] DEBUG: Frame 88 process time: 0.076209s
[22.255626] DEBUG: Frame 89 process time: 0.075750s
[22.363219] DEBUG: Frame 90 process time: 0.076979s
[22.474598] DEBUG: Frame 91 process time: 0.081162s
[22.581750] DEBUG: Frame 92 process time: 0.076935s
[22.686894] DEBUG: Frame 93 process time: 0.074936s
[22.793796] DEBUG: Frame 94 process time: 0.076676s
[22.901142] DEBUG: Frame 95 process time: 0.077127s
[23.011479] DEBUG: Frame 96 process time: 0.080102s
[23.119650] DEBUG: Frame 97 process time: 0.077969s
[23.847380] DEBUG: Frame 98 process time: 0.076141s
[24.021359] DEBUG: Frame 99 process time: 0.077348s
[24.052155] EVENT: Calculated point: 4.33272 1.60582       0
[24.052205] CLOSE: Closing Logger :)
