[0.000807] INIT: Logger started :)
[0.001283] EVENT: Parameters parsed for blob detector
[0.001944] EVENT: Parameters parsed for math config
[0.002088] EVENT: Parameters parsed for color detection
[0.002178] EVENT: Parameters parsed for system config
[0.261610] EVENT: Camera Initialized Successfully
[0.859605] EVENT: Serial port /dev/serial0 opened
[0.859945] EVENT: Starting Flight controller loop
[0.861805] EVENT: IMU serial port /dev/ttyACM0 opened
[0.862126] EVENT: IMU sensor data loop started
[1.061852] EVENT: Tracking loop started
[1.578918] DEBUG: Frame 0 process time: 0.516843s
[1.759965] DEBUG: Frame 1 process time: 0.092429s
[1.885567] DEBUG: Frame 2 process time: 0.095134s
[2.006057] DEBUG: Frame 3 process time: 0.076832s
[2.120584] DEBUG: Frame 4 process time: 0.084127s
[2.229654] DEBUG: Frame 5 process time: 0.078363s
[2.345595] DEBUG: Frame 6 process time: 0.085310s
[2.453915] DEBUG: Frame 7 process time: 0.077344s
[2.562056] DEBUG: Frame 8 process time: 0.077096s
[2.672206] DEBUG: Frame 9 process time: 0.079010s
[2.780733] DEBUG: Frame 10 process time: 0.077723s
[2.895024] DEBUG: Frame 11 process time: 0.082933s
[3.002817] DEBUG: Frame 12 process time: 0.077060s
[3.111090] DEBUG: Frame 13 process time: 0.077137s
[3.218459] DEBUG: Frame 14 process time: 0.076949s
[3.332570] DEBUG: Frame 15 process time: 0.083123s
[3.441259] DEBUG: Frame 16 process time: 0.078029s
[3.549847] DEBUG: Frame 17 process time: 0.077407s
[3.657825] DEBUG: Frame 18 process time: 0.077524s
[3.771342] DEBUG: Frame 19 process time: 0.082210s
[3.881498] DEBUG: Frame 20 process time: 0.079843s
[3.988489] DEBUG: Frame 21 process time: 0.076046s
[4.095843] DEBUG: Frame 22 process time: 0.076125s
[4.203002] DEBUG: Frame 23 process time: 0.076662s
[4.311022] DEBUG: Frame 24 process time: 0.076877s
[4.419111] DEBUG: Frame 25 process time: 0.077308s
[4.526392] DEBUG: Frame 26 process time: 0.076716s
[4.637256] DEBUG: Frame 27 process time: 0.079284s
[4.745249] DEBUG: Frame 28 process time: 0.076972s
[4.856423] DEBUG: Frame 29 process time: 0.080845s
[4.963376] DEBUG: Frame 30 process time: 0.075799s
[5.083469] DEBUG: Frame 31 process time: 0.088957s
[5.197419] DEBUG: Frame 32 process time: 0.083202s
[5.312295] DEBUG: Frame 33 process time: 0.083764s
[5.420556] DEBUG: Frame 34 process time: 0.077324s
[5.528083] DEBUG: Frame 35 process time: 0.076446s
[5.635816] DEBUG: Frame 36 process time: 0.077109s
[5.743947] DEBUG: Frame 37 process time: 0.077420s
[5.853889] DEBUG: Frame 38 process time: 0.078977s
[5.961576] DEBUG: Frame 39 process time: 0.076483s
[6.071835] DEBUG: Frame 40 process time: 0.079301s
[6.179183] DEBUG: Frame 41 process time: 0.076126s
[6.286898] DEBUG: Frame 42 process time: 0.077208s
[6.397918] DEBUG: Frame 43 process time: 0.080410s
[6.505749] DEBUG: Frame 44 process time: 0.076971s
[6.613792] DEBUG: Frame 45 process time: 0.076694s
[6.720816] DEBUG: Frame 46 process time: 0.076631s
[6.832739] DEBUG: Frame 47 process time: 0.080946s
[6.942140] DEBUG: Frame 48 process time: 0.078337s
[7.050176] DEBUG: Frame 49 process time: 0.076920s
[7.158703] DEBUG: Frame 50 process time: 0.077384s
[7.266615] DEBUG: Frame 51 process time: 0.077515s
[7.376909] DEBUG: Frame 52 process time: 0.079430s
[7.484188] DEBUG: Frame 53 process time: 0.075998s
[7.590410] DEBUG: Frame 54 process time: 0.075251s
[7.700378] DEBUG: Frame 55 process time: 0.078708s
[7.810489] DEBUG: Frame 56 process time: 0.079152s
[7.917755] DEBUG: Frame 57 process time: 0.076171s
[8.024397] DEBUG: Frame 58 process time: 0.075695s
[8.131742] DEBUG: Frame 59 process time: 0.076123s
[8.238107] DEBUG: Frame 60 process time: 0.075562s
[8.351557] DEBUG: Frame 61 process time: 0.082185s
[8.458829] DEBUG: Frame 62 process time: 0.076089s
[8.565911] DEBUG: Frame 63 process time: 0.075879s
[8.672885] DEBUG: Frame 64 process time: 0.075917s
[8.780511] DEBUG: Frame 65 process time: 0.076539s
[8.889024] DEBUG: Frame 66 process time: 0.077626s
[8.997620] DEBUG: Frame 67 process time: 0.077417s
[9.104601] DEBUG: Frame 68 process time: 0.075903s
[9.211545] DEBUG: Frame 69 process time: 0.075725s
[9.321643] DEBUG: Frame 70 process time: 0.079669s
[9.428093] DEBUG: Frame 71 process time: 0.075914s
[9.534005] DEBUG: Frame 72 process time: 0.075520s
[9.640941] DEBUG: Frame 73 process time: 0.076611s
[9.747749] DEBUG: Frame 74 process time: 0.075898s
[9.856563] DEBUG: Frame 75 process time: 0.078354s
[9.963649] DEBUG: Frame 76 process time: 0.075993s
[10.091873] DEBUG: Frame 77 process time: 0.097274s
[10.203563] DEBUG: Frame 78 process time: 0.080954s
[10.311929] DEBUG: Frame 79 process time: 0.077308s
[10.418811] DEBUG: Frame 80 process time: 0.076576s
[10.526297] DEBUG: Frame 81 process time: 0.076437s
[10.633843] DEBUG: Frame 82 process time: 0.076700s
[10.741041] DEBUG: Frame 83 process time: 0.076842s
[10.854523] DEBUG: Frame 84 process time: 0.082642s
[10.961121] DEBUG: Frame 85 process time: 0.075814s
[11.067966] DEBUG: Frame 86 process time: 0.076499s
[11.174960] DEBUG: Frame 87 process time: 0.075938s
[11.286181] DEBUG: Frame 88 process time: 0.080286s
[11.394135] DEBUG: Frame 89 process time: 0.076905s
[11.501037] DEBUG: Frame 90 process time: 0.075813s
[11.607585] DEBUG: Frame 91 process time: 0.075735s
[11.714220] DEBUG: Frame 92 process time: 0.075782s
[11.823529] DEBUG: Frame 93 process time: 0.078077s
[11.930117] DEBUG: Frame 94 process time: 0.075425s
[12.036223] DEBUG: Frame 95 process time: 0.075404s
[12.143334] DEBUG: Frame 96 process time: 0.075796s
[12.250002] DEBUG: Frame 97 process time: 0.076327s
[12.364106] DEBUG: Frame 98 process time: 0.083217s
[12.471324] DEBUG: Frame 99 process time: 0.076526s
[12.502403] EVENT: Calculated point: nan nan nan
[12.503076] EVENT: Sent [LAT:nan] to Ground Station
[12.503252] EVENT: Sent [LON:nan] to Ground Station
[12.503272] CLOSE: Closing Logger :)
