[0.000437] INIT: Logger started :)
[0.000829] EVENT: Parameters parsed for blob detector
[0.000996] EVENT: Parameters parsed for math config
[0.001106] EVENT: Parameters parsed for color detection
[0.001190] EVENT: Parameters parsed for system config
[0.214701] EVENT: Camera Initialized Successfully
[1.184542] EVENT: Serial port /dev/serial0 opened
[1.184942] EVENT: Starting Flight controller loop
[1.184942] EVENT: Starting Flight controller loop
[1.187320] EVENT: IMU serial port /dev/ttyACM0 opened
[2.053387] EVENT: IMU sensor data loop started
[3.149623] EVENT: Tracking loop started
[3.739346] DEBUG: Frame 0 process time: 0.589590s
[3.861428] DEBUG: Frame 1 process time: 0.075682s
[3.997775] DEBUG: Frame 2 process time: 0.076011s
[4.157823] DEBUG: Frame 3 process time: 0.076535s
[4.297242] DEBUG: Frame 4 process time: 0.075865s
[4.557502] DEBUG: Frame 5 process time: 0.076413s
[4.838892] DEBUG: Frame 6 process time: 0.077104s
[4.974143] DEBUG: Frame 7 process time: 0.076811s
[6.491016] DEBUG: Frame 8 process time: 0.077810s
[6.623289] DEBUG: Frame 9 process time: 0.083000s
[6.807057] DEBUG: Frame 10 process time: 0.077849s
[6.919526] DEBUG: Frame 11 process time: 0.081989s
[7.030577] DEBUG: Frame 12 process time: 0.080788s
[7.149030] DEBUG: Frame 13 process time: 0.083719s
[7.259662] DEBUG: Frame 14 process time: 0.080274s
[7.381150] DEBUG: Frame 15 process time: 0.083747s
[7.491493] DEBUG: Frame 16 process time: 0.080121s
[7.604492] DEBUG: Frame 17 process time: 0.082803s
[7.715682] DEBUG: Frame 18 process time: 0.080901s
[7.831244] DEBUG: Frame 19 process time: 0.084549s
[7.943285] DEBUG: Frame 20 process time: 0.081823s
[8.067761] DEBUG: Frame 21 process time: 0.086085s
[8.240089] DEBUG: Frame 22 process time: 0.078880s
[8.352634] DEBUG: Frame 23 process time: 0.082220s
[8.538752] DEBUG: Frame 24 process time: 0.077172s
[8.652730] DEBUG: Frame 25 process time: 0.083444s
[8.763593] DEBUG: Frame 26 process time: 0.080640s
[8.969348] DEBUG: Frame 27 process time: 0.075689s
[9.082525] DEBUG: Frame 28 process time: 0.082553s
[9.270467] DEBUG: Frame 29 process time: 0.077088s
[9.393163] DEBUG: Frame 30 process time: 0.091855s
[9.505710] DEBUG: Frame 31 process time: 0.082337s
[9.624595] DEBUG: Frame 32 process time: 0.088156s
[9.798732] DEBUG: Frame 33 process time: 0.077432s
[9.914449] DEBUG: Frame 34 process time: 0.084840s
[10.031135] DEBUG: Frame 35 process time: 0.086416s
[10.160648] DEBUG: Frame 36 process time: 0.095685s
[10.282412] DEBUG: Frame 37 process time: 0.091478s
[10.407387] DEBUG: Frame 38 process time: 0.089813s
[10.579587] DEBUG: Frame 39 process time: 0.078272s
[10.699533] DEBUG: Frame 40 process time: 0.089309s
[10.808444] DEBUG: Frame 41 process time: 0.078689s
[10.920288] DEBUG: Frame 42 process time: 0.080963s
[11.029825] DEBUG: Frame 43 process time: 0.079255s
[11.245116] DEBUG: Frame 44 process time: 0.080156s
[11.357691] DEBUG: Frame 45 process time: 0.081681s
[11.522747] DEBUG: Frame 46 process time: 0.077874s
[11.639961] DEBUG: Frame 47 process time: 0.083872s
[11.752879] DEBUG: Frame 48 process time: 0.082690s
[11.869202] DEBUG: Frame 49 process time: 0.083428s
[12.055490] DEBUG: Frame 50 process time: 0.078538s
[12.172970] DEBUG: Frame 51 process time: 0.086914s
[12.341740] DEBUG: Frame 52 process time: 0.076438s
[12.453242] DEBUG: Frame 53 process time: 0.080933s
[12.633513] DEBUG: Frame 54 process time: 0.075947s
[12.746345] DEBUG: Frame 55 process time: 0.082004s
[12.857441] DEBUG: Frame 56 process time: 0.080888s
[12.971772] DEBUG: Frame 57 process time: 0.083251s
[13.147088] DEBUG: Frame 58 process time: 0.078147s
[13.276132] DEBUG: Frame 59 process time: 0.098015s
[13.395722] DEBUG: Frame 60 process time: 0.089335s
[13.525981] DEBUG: Frame 61 process time: 0.098889s
[13.696187] DEBUG: Frame 62 process time: 0.083154s
[13.824745] DEBUG: Frame 63 process time: 0.097526s
[13.984017] DEBUG: Frame 64 process time: 0.079173s
[14.116288] DEBUG: Frame 65 process time: 0.101091s
[14.268188] DEBUG: Frame 66 process time: 0.079206s
[14.395832] DEBUG: Frame 67 process time: 0.096683s
[14.555625] DEBUG: Frame 68 process time: 0.078825s
[14.673616] DEBUG: Frame 69 process time: 0.086683s
[14.849074] DEBUG: Frame 70 process time: 0.084347s
[14.970067] DEBUG: Frame 71 process time: 0.087079s
[15.082671] DEBUG: Frame 72 process time: 0.082391s
[15.213192] DEBUG: Frame 73 process time: 0.088238s
[15.385047] DEBUG: Frame 74 process time: 0.076215s
[15.499568] DEBUG: Frame 75 process time: 0.083504s
[15.609873] DEBUG: Frame 76 process time: 0.080077s
[15.734738] DEBUG: Frame 77 process time: 0.085578s
[15.915026] DEBUG: Frame 78 process time: 0.078304s
[16.058981] DEBUG: Frame 79 process time: 0.112938s
[16.220912] DEBUG: Frame 80 process time: 0.080376s
[16.334975] DEBUG: Frame 81 process time: 0.083024s
[16.493776] DEBUG: Frame 82 process time: 0.076503s
[16.613334] DEBUG: Frame 83 process time: 0.088639s
[16.725003] DEBUG: Frame 84 process time: 0.081437s
[16.850830] DEBUG: Frame 85 process time: 0.094577s
[16.961117] DEBUG: Frame 86 process time: 0.080079s
[17.082016] DEBUG: Frame 87 process time: 0.085146s
[17.256907] DEBUG: Frame 88 process time: 0.076293s
[17.368629] DEBUG: Frame 89 process time: 0.081312s
[17.479733] DEBUG: Frame 90 process time: 0.080848s
[17.603050] DEBUG: Frame 91 process time: 0.085906s
[17.784211] DEBUG: Frame 92 process time: 0.079468s
[17.898098] DEBUG: Frame 93 process time: 0.083090s
[18.090737] DEBUG: Frame 94 process time: 0.078199s
[18.203313] DEBUG: Frame 95 process time: 0.081858s
[18.314930] DEBUG: Frame 96 process time: 0.081405s
[18.430442] DEBUG: Frame 97 process time: 0.085225s
[18.542866] DEBUG: Frame 98 process time: 0.082190s
[18.664720] DEBUG: Frame 99 process time: 0.083822s
[18.695119] EVENT: Calculated point:  1.70567 0.594496        0
[18.695171] CLOSE: Closing Logger :)
