[0.000482] INIT: Logger started :)
[0.001433] EVENT: Parameters parsed for blob detector
[0.001677] EVENT: Parameters parsed for math config
[0.001855] EVENT: Parameters parsed for color detection
[0.001960] EVENT: Parameters parsed for system config
[0.260442] EVENT: Camera Initialized Successfully
[1.547031] EVENT: Serial port /dev/serial0 opened
[1.547757] EVENT: Starting Flight controller loop
[1.550152] EVENT: IMU serial port /dev/ttyACM0 opened
[1.550814] EVENT: IMU sensor data loop started
[1.763571] EVENT: Tracking loop started
[2.282926] DEBUG: Frame 0 process time: 0.519012s
[2.408126] DEBUG: Frame 1 process time: 0.088516s
[2.530828] DEBUG: Frame 2 process time: 0.091438s
[2.652362] DEBUG: Frame 3 process time: 0.076774s
[2.765031] DEBUG: Frame 4 process time: 0.081176s
[2.872957] DEBUG: Frame 5 process time: 0.077009s
[2.980851] DEBUG: Frame 6 process time: 0.077497s
[3.088314] DEBUG: Frame 7 process time: 0.076899s
[3.194960] DEBUG: Frame 8 process time: 0.076114s
[3.303657] DEBUG: Frame 9 process time: 0.077510s
[3.410730] DEBUG: Frame 10 process time: 0.076448s
[3.517505] DEBUG: Frame 11 process time: 0.076066s
[3.625003] DEBUG: Frame 12 process time: 0.076429s
[3.732222] DEBUG: Frame 13 process time: 0.076722s
[3.848086] DEBUG: Frame 14 process time: 0.079363s
[3.955044] DEBUG: Frame 15 process time: 0.075626s
[4.062200] DEBUG: Frame 16 process time: 0.076151s
[4.169410] DEBUG: Frame 17 process time: 0.076665s
[4.275022] DEBUG: Frame 18 process time: 0.074215s
[4.380343] DEBUG: Frame 19 process time: 0.074479s
[4.487452] DEBUG: Frame 20 process time: 0.076529s
[4.593000] DEBUG: Frame 21 process time: 0.075117s
[4.701611] DEBUG: Frame 22 process time: 0.077809s
[4.811778] DEBUG: Frame 23 process time: 0.079177s
[4.921455] DEBUG: Frame 24 process time: 0.079133s
[5.049089] DEBUG: Frame 25 process time: 0.097136s
[5.194749] DEBUG: Frame 26 process time: 0.078376s
[5.305200] DEBUG: Frame 27 process time: 0.079272s
[5.413633] DEBUG: Frame 28 process time: 0.077908s
[5.527615] DEBUG: Frame 29 process time: 0.082170s
[5.643085] DEBUG: Frame 30 process time: 0.084051s
[5.755989] DEBUG: Frame 31 process time: 0.082043s
[5.868518] DEBUG: Frame 32 process time: 0.081282s
[5.989698] DEBUG: Frame 33 process time: 0.089653s
[6.105415] DEBUG: Frame 34 process time: 0.084245s
[6.216971] DEBUG: Frame 35 process time: 0.080430s
[6.331060] DEBUG: Frame 36 process time: 0.082957s
[6.437514] DEBUG: Frame 37 process time: 0.075930s
[6.547555] DEBUG: Frame 38 process time: 0.078704s
[6.654814] DEBUG: Frame 39 process time: 0.076211s
[6.761863] DEBUG: Frame 40 process time: 0.076561s
[6.870395] DEBUG: Frame 41 process time: 0.077931s
[6.986007] DEBUG: Frame 42 process time: 0.084889s
[7.094710] DEBUG: Frame 43 process time: 0.077404s
[7.204992] DEBUG: Frame 44 process time: 0.079227s
[7.322108] DEBUG: Frame 45 process time: 0.086561s
[7.434883] DEBUG: Frame 46 process time: 0.082116s
[7.553753] DEBUG: Frame 47 process time: 0.087535s
[7.661845] DEBUG: Frame 48 process time: 0.076788s
[7.769761] DEBUG: Frame 49 process time: 0.077225s
[7.878135] DEBUG: Frame 50 process time: 0.077215s
[7.993267] DEBUG: Frame 51 process time: 0.083852s
[8.101658] DEBUG: Frame 52 process time: 0.076965s
[8.211872] DEBUG: Frame 53 process time: 0.078893s
[8.319956] DEBUG: Frame 54 process time: 0.076807s
[8.427402] DEBUG: Frame 55 process time: 0.076902s
[8.539033] DEBUG: Frame 56 process time: 0.081131s
[8.646687] DEBUG: Frame 57 process time: 0.076446s
[8.754565] DEBUG: Frame 58 process time: 0.076855s
[8.860922] DEBUG: Frame 59 process time: 0.075610s
[8.976959] DEBUG: Frame 60 process time: 0.085428s
[9.084282] DEBUG: Frame 61 process time: 0.075954s
[9.191594] DEBUG: Frame 62 process time: 0.076567s
[9.298136] DEBUG: Frame 63 process time: 0.075845s
[9.405919] DEBUG: Frame 64 process time: 0.076933s
[9.520724] DEBUG: Frame 65 process time: 0.084000s
[9.627506] DEBUG: Frame 66 process time: 0.076034s
[9.735899] DEBUG: Frame 67 process time: 0.077662s
[9.843103] DEBUG: Frame 68 process time: 0.076764s
[9.950287] DEBUG: Frame 69 process time: 0.075839s
[10.069457] DEBUG: Frame 70 process time: 0.087242s
[10.185994] DEBUG: Frame 71 process time: 0.081956s
[10.292563] DEBUG: Frame 72 process time: 0.076062s
[10.399892] DEBUG: Frame 73 process time: 0.076720s
[10.515047] DEBUG: Frame 74 process time: 0.083798s
[10.622511] DEBUG: Frame 75 process time: 0.077005s
[10.730265] DEBUG: Frame 76 process time: 0.076355s
[10.835620] DEBUG: Frame 77 process time: 0.074467s
[10.943187] DEBUG: Frame 78 process time: 0.076433s
[11.050578] DEBUG: Frame 79 process time: 0.076735s
[11.155893] DEBUG: Frame 80 process time: 0.074036s
[11.261888] DEBUG: Frame 81 process time: 0.075013s
[11.368056] DEBUG: Frame 82 process time: 0.075677s
[11.477446] DEBUG: Frame 83 process time: 0.078848s
[11.584682] DEBUG: Frame 84 process time: 0.076331s
[11.691086] DEBUG: Frame 85 process time: 0.075663s
[11.797584] DEBUG: Frame 86 process time: 0.075883s
[11.904743] DEBUG: Frame 87 process time: 0.075921s
[12.017920] DEBUG: Frame 88 process time: 0.081871s
[12.128423] DEBUG: Frame 89 process time: 0.079914s
[12.236218] DEBUG: Frame 90 process time: 0.076625s
[12.343843] DEBUG: Frame 91 process time: 0.076622s
[12.454984] DEBUG: Frame 92 process time: 0.079908s
[12.562916] DEBUG: Frame 93 process time: 0.076703s
[12.668515] DEBUG: Frame 94 process time: 0.074628s
[12.780988] DEBUG: Frame 95 process time: 0.081443s
[12.888282] DEBUG: Frame 96 process time: 0.076125s
[12.996585] DEBUG: Frame 97 process time: 0.076956s
[13.101768] DEBUG: Frame 98 process time: 0.074468s
[13.210204] DEBUG: Frame 99 process time: 0.077706s
[13.241270] EVENT: Calculated point: nan nan nan
[13.241387] EVENT: Sent [LAT:nan] to Ground Station
[13.241460] EVENT: Sent [LON:nan] to Ground Station
[13.241481] CLOSE: Closing Logger :)
