[0.001672] INIT: Logger started :)
[0.002016] EVENT: Parameters parsed for blob detector
[0.002184] EVENT: Parameters parsed for math config
[0.002295] EVENT: Parameters parsed for color detection
[0.002377] EVENT: Parameters parsed for system config
[0.212946] EVENT: Camera Initialized Successfully
[0.855711] EVENT: Serial port /dev/serial0 opened
[0.856028] EVENT: Starting Flight controller loop
[0.857745] EVENT: IMU serial port /dev/ttyACM0 opened
[0.857989] EVENT: IMU sensor data loop started
[2.883191] EVENT: Tracking loop started
[3.465664] DEBUG: Frame 0 process time: 0.582347s
[3.595774] DEBUG: Frame 1 process time: 0.075425s
[4.757937] DEBUG: Frame 2 process time: 0.077138s
[4.937649] DEBUG: Frame 3 process time: 0.076368s
[5.094086] DEBUG: Frame 4 process time: 0.076561s
[5.374442] DEBUG: Frame 5 process time: 0.076055s
[5.552378] DEBUG: Frame 6 process time: 0.077435s
[5.667414] DEBUG: Frame 7 process time: 0.076233s
[7.282039] DEBUG: Frame 8 process time: 0.078476s
[7.428591] DEBUG: Frame 9 process time: 0.092465s
[7.557616] DEBUG: Frame 10 process time: 0.098735s
[7.666123] DEBUG: Frame 11 process time: 0.078242s
[7.772520] DEBUG: Frame 12 process time: 0.076166s
[9.116344] DEBUG: Frame 13 process time: 0.076693s
[9.245234] DEBUG: Frame 14 process time: 0.098433s
[9.364859] DEBUG: Frame 15 process time: 0.089391s
[9.475553] DEBUG: Frame 16 process time: 0.080475s
[9.722752] DEBUG: Frame 17 process time: 0.076700s
[9.835543] DEBUG: Frame 18 process time: 0.081547s
[9.947500] DEBUG: Frame 19 process time: 0.081615s
[10.058884] DEBUG: Frame 20 process time: 0.081124s
[10.344767] DEBUG: Frame 21 process time: 0.077435s
[11.199587] DEBUG: Frame 22 process time: 0.081433s
[11.309648] DEBUG: Frame 23 process time: 0.079825s
[11.417927] DEBUG: Frame 24 process time: 0.078007s
[11.760889] DEBUG: Frame 25 process time: 0.076626s
[11.870575] DEBUG: Frame 26 process time: 0.078555s
[11.984498] DEBUG: Frame 27 process time: 0.083688s
[12.092336] DEBUG: Frame 28 process time: 0.077612s
[12.200140] DEBUG: Frame 29 process time: 0.077578s
[12.521729] DEBUG: Frame 30 process time: 0.077664s
[12.632835] DEBUG: Frame 31 process time: 0.080650s
[12.741777] DEBUG: Frame 32 process time: 0.078694s
[12.852829] DEBUG: Frame 33 process time: 0.080835s
[13.311427] DEBUG: Frame 34 process time: 0.076488s
[13.420462] DEBUG: Frame 35 process time: 0.078655s
[13.530812] DEBUG: Frame 36 process time: 0.080137s
[13.640325] DEBUG: Frame 37 process time: 0.079281s
[13.750813] DEBUG: Frame 38 process time: 0.080261s
[14.199650] DEBUG: Frame 39 process time: 0.075416s
[14.308634] DEBUG: Frame 40 process time: 0.078344s
[14.419526] DEBUG: Frame 41 process time: 0.080664s
[14.532800] DEBUG: Frame 42 process time: 0.083047s
[14.642300] DEBUG: Frame 43 process time: 0.079300s
[14.962190] DEBUG: Frame 44 process time: 0.077192s
[15.074429] DEBUG: Frame 45 process time: 0.081031s
[15.186260] DEBUG: Frame 46 process time: 0.081598s
[15.294622] DEBUG: Frame 47 process time: 0.078152s
[15.653493] DEBUG: Frame 48 process time: 0.076341s
[15.768611] DEBUG: Frame 49 process time: 0.079220s
[15.877537] DEBUG: Frame 50 process time: 0.078709s
[15.987200] DEBUG: Frame 51 process time: 0.079429s
[16.310434] DEBUG: Frame 52 process time: 0.075872s
[16.425119] DEBUG: Frame 53 process time: 0.083499s
[16.539110] DEBUG: Frame 54 process time: 0.083730s
[16.648250] DEBUG: Frame 55 process time: 0.078910s
[16.977807] DEBUG: Frame 56 process time: 0.078251s
[17.123846] DEBUG: Frame 57 process time: 0.076349s
[17.230504] DEBUG: Frame 58 process time: 0.076139s
[17.338059] DEBUG: Frame 59 process time: 0.077255s
[17.445773] DEBUG: Frame 60 process time: 0.077378s
[17.553928] DEBUG: Frame 61 process time: 0.077885s
[17.661231] DEBUG: Frame 62 process time: 0.077002s
[17.770650] DEBUG: Frame 63 process time: 0.079181s
[17.877811] DEBUG: Frame 64 process time: 0.076932s
[17.986595] DEBUG: Frame 65 process time: 0.078548s
[18.094199] DEBUG: Frame 66 process time: 0.077379s
[18.201966] DEBUG: Frame 67 process time: 0.077545s
[18.310005] DEBUG: Frame 68 process time: 0.077820s
[18.417446] DEBUG: Frame 69 process time: 0.077181s
[18.526001] DEBUG: Frame 70 process time: 0.078338s
[18.633013] DEBUG: Frame 71 process time: 0.076793s
[18.740050] DEBUG: Frame 72 process time: 0.076818s
[18.849345] DEBUG: Frame 73 process time: 0.079081s
[19.218853] DEBUG: Frame 74 process time: 0.077280s
[19.328531] DEBUG: Frame 75 process time: 0.079334s
[19.439341] DEBUG: Frame 76 process time: 0.080595s
[19.550571] DEBUG: Frame 77 process time: 0.081023s
[19.853718] DEBUG: Frame 78 process time: 0.075718s
[19.964312] DEBUG: Frame 79 process time: 0.079937s
[20.077638] DEBUG: Frame 80 process time: 0.083111s
[20.192672] DEBUG: Frame 81 process time: 0.084820s
[20.431206] DEBUG: Frame 82 process time: 0.076633s
[20.543803] DEBUG: Frame 83 process time: 0.081962s
[20.652303] DEBUG: Frame 84 process time: 0.078273s
[20.763241] DEBUG: Frame 85 process time: 0.078180s
[21.062632] DEBUG: Frame 86 process time: 0.076246s
[21.171475] DEBUG: Frame 87 process time: 0.078370s
[21.280655] DEBUG: Frame 88 process time: 0.078966s
[21.389977] DEBUG: Frame 89 process time: 0.079110s
[21.711487] DEBUG: Frame 90 process time: 0.075914s
[21.821145] DEBUG: Frame 91 process time: 0.079192s
[21.929683] DEBUG: Frame 92 process time: 0.078310s
[22.038116] DEBUG: Frame 93 process time: 0.078199s
[22.147977] DEBUG: Frame 94 process time: 0.079625s
[22.427914] DEBUG: Frame 95 process time: 0.076190s
[22.539919] DEBUG: Frame 96 process time: 0.081377s
[22.649670] DEBUG: Frame 97 process time: 0.079537s
[22.757778] DEBUG: Frame 98 process time: 0.077900s
[23.024782] DEBUG: Frame 99 process time: 0.080138s
[23.132777] EVENT: Calculated point:     4.39666    0.453304 2.86509e-17
[23.132824] CLOSE: Closing Logger :)
