[0.000454] INIT: Logger started :)
[0.000822] EVENT: Parameters parsed for blob detector
[0.001014] EVENT: Parameters parsed for math config
[0.001134] EVENT: Parameters parsed for color detection
[0.001218] EVENT: Parameters parsed for system config
[0.235378] EVENT: Camera Initialized Successfully
[1.725523] EVENT: Serial port /dev/serial0 opened
[1.725894] EVENT: Starting Flight controller loop
[1.727392] EVENT: IMU serial port /dev/ttyACM0 opened
[1.727708] EVENT: IMU sensor data loop started
[1.928297] EVENT: Tracking loop started
[2.442934] DEBUG: Frame 0 process time: 0.514425s
[2.569646] DEBUG: Frame 1 process time: 0.092307s
[2.679564] DEBUG: Frame 2 process time: 0.078408s
[2.799848] DEBUG: Frame 3 process time: 0.088919s
[2.926057] DEBUG: Frame 4 process time: 0.083951s
[3.038663] DEBUG: Frame 5 process time: 0.081393s
[3.148341] DEBUG: Frame 6 process time: 0.078752s
[3.258095] DEBUG: Frame 7 process time: 0.078685s
[3.367810] DEBUG: Frame 8 process time: 0.078447s
[3.476469] DEBUG: Frame 9 process time: 0.077524s
[3.586889] DEBUG: Frame 10 process time: 0.079318s
[3.698741] DEBUG: Frame 11 process time: 0.080799s
[3.807298] DEBUG: Frame 12 process time: 0.077435s
[3.915326] DEBUG: Frame 13 process time: 0.076933s
[4.023789] DEBUG: Frame 14 process time: 0.077949s
[4.132533] DEBUG: Frame 15 process time: 0.077506s
[4.241502] DEBUG: Frame 16 process time: 0.077564s
[4.349587] DEBUG: Frame 17 process time: 0.077196s
[4.457533] DEBUG: Frame 18 process time: 0.077077s
[4.567074] DEBUG: Frame 19 process time: 0.078968s
[4.677169] DEBUG: Frame 20 process time: 0.078946s
[4.785811] DEBUG: Frame 21 process time: 0.077750s
[4.894190] DEBUG: Frame 22 process time: 0.078075s
[5.002040] DEBUG: Frame 23 process time: 0.077116s
[5.109659] DEBUG: Frame 24 process time: 0.077160s
[5.220042] DEBUG: Frame 25 process time: 0.079739s
[5.330794] DEBUG: Frame 26 process time: 0.080285s
[5.443468] DEBUG: Frame 27 process time: 0.082097s
[5.555538] DEBUG: Frame 28 process time: 0.081535s
[5.671831] DEBUG: Frame 29 process time: 0.085106s
[5.790012] DEBUG: Frame 30 process time: 0.086929s
[5.910055] DEBUG: Frame 31 process time: 0.088903s
[6.031988] DEBUG: Frame 32 process time: 0.091287s
[6.155169] DEBUG: Frame 33 process time: 0.092071s
[6.280602] DEBUG: Frame 34 process time: 0.095143s
[6.421364] DEBUG: Frame 35 process time: 0.110113s
[6.569917] DEBUG: Frame 36 process time: 0.117431s
[6.715802] DEBUG: Frame 37 process time: 0.114682s
[6.867955] DEBUG: Frame 38 process time: 0.121759s
[7.018016] DEBUG: Frame 39 process time: 0.118992s
[7.163923] DEBUG: Frame 40 process time: 0.114640s
[7.312731] DEBUG: Frame 41 process time: 0.117847s
[7.459541] DEBUG: Frame 42 process time: 0.116114s
[7.611120] DEBUG: Frame 43 process time: 0.120457s
[7.758695] DEBUG: Frame 44 process time: 0.116284s
[7.910030] DEBUG: Frame 45 process time: 0.120416s
[8.059081] DEBUG: Frame 46 process time: 0.118523s
[8.205897] DEBUG: Frame 47 process time: 0.115867s
[8.356618] DEBUG: Frame 48 process time: 0.120300s
[8.514165] DEBUG: Frame 49 process time: 0.126341s
[8.667062] DEBUG: Frame 50 process time: 0.121971s
[8.823034] DEBUG: Frame 51 process time: 0.124906s
[8.975821] DEBUG: Frame 52 process time: 0.121516s
[9.124954] DEBUG: Frame 53 process time: 0.117882s
[9.279246] DEBUG: Frame 54 process time: 0.123788s
[9.418807] DEBUG: Frame 55 process time: 0.108286s
[9.549232] DEBUG: Frame 56 process time: 0.099743s
[9.687975] DEBUG: Frame 57 process time: 0.107557s
[9.811824] DEBUG: Frame 58 process time: 0.093014s
[9.939445] DEBUG: Frame 59 process time: 0.096473s
[10.054863] DEBUG: Frame 60 process time: 0.085179s
[10.181094] DEBUG: Frame 61 process time: 0.095740s
[10.289497] DEBUG: Frame 62 process time: 0.077331s
[10.396659] DEBUG: Frame 63 process time: 0.076364s
[10.503337] DEBUG: Frame 64 process time: 0.076288s
[10.610013] DEBUG: Frame 65 process time: 0.075843s
[10.720584] DEBUG: Frame 66 process time: 0.079760s
[10.840866] DEBUG: Frame 67 process time: 0.089756s
[10.973359] DEBUG: Frame 68 process time: 0.101770s
[11.102888] DEBUG: Frame 69 process time: 0.098943s
[11.235630] DEBUG: Frame 70 process time: 0.101837s
[11.362580] DEBUG: Frame 71 process time: 0.096064s
[11.487601] DEBUG: Frame 72 process time: 0.093920s
[11.606232] DEBUG: Frame 73 process time: 0.088055s
[11.724931] DEBUG: Frame 74 process time: 0.088335s
[11.842779] DEBUG: Frame 75 process time: 0.086593s
[11.961284] DEBUG: Frame 76 process time: 0.087519s
[12.079185] DEBUG: Frame 77 process time: 0.087073s
[12.199891] DEBUG: Frame 78 process time: 0.089799s
[12.318228] DEBUG: Frame 79 process time: 0.087799s
[12.437609] DEBUG: Frame 80 process time: 0.088987s
[12.551743] DEBUG: Frame 81 process time: 0.083299s
[12.666602] DEBUG: Frame 82 process time: 0.084038s
[12.775966] DEBUG: Frame 83 process time: 0.078585s
[12.885727] DEBUG: Frame 84 process time: 0.078804s
[12.994700] DEBUG: Frame 85 process time: 0.078340s
[13.104902] DEBUG: Frame 86 process time: 0.079593s
[13.217053] DEBUG: Frame 87 process time: 0.081463s
[13.324300] DEBUG: Frame 88 process time: 0.076481s
[13.431396] DEBUG: Frame 89 process time: 0.076169s
[13.537821] DEBUG: Frame 90 process time: 0.076110s
[13.647432] DEBUG: Frame 91 process time: 0.079287s
[13.757684] DEBUG: Frame 92 process time: 0.079081s
[13.867923] DEBUG: Frame 93 process time: 0.079336s
[13.977759] DEBUG: Frame 94 process time: 0.078973s
[14.088258] DEBUG: Frame 95 process time: 0.080196s
[14.199333] DEBUG: Frame 96 process time: 0.080494s
[14.314480] DEBUG: Frame 97 process time: 0.084346s
[14.429475] DEBUG: Frame 98 process time: 0.084029s
[14.543169] DEBUG: Frame 99 process time: 0.083264s
[15.212038] EVENT: Calculated point:    -17.9275     -3.4414 8.07435e-17
[15.212166] EVENT: Sent [LAT:-17.927504] to Ground Station
[15.212204] EVENT: Sent [LON:-3.441400] to Ground Station
[15.212221] CLOSE: Closing Logger :)
