[0.035504] INIT: Logger started :)
[0.035888] EVENT: Parameters parsed for blob detector
[0.036058] EVENT: Parameters parsed for math config
[0.036171] EVENT: Parameters parsed for color detection
[0.036253] EVENT: Parameters parsed for system config
[0.252472] EVENT: Camera Initialized Successfully
[1.307094] EVENT: Serial port /dev/serial0 opened
[1.307433] EVENT: Starting Flight controller loop
[1.309498] EVENT: IMU serial port /dev/ttyACM0 opened
[1.309829] EVENT: IMU sensor data loop started
[2.342478] EVENT: Tracking loop started
[2.920063] DEBUG: Frame 0 process time: 0.577455s
[3.049592] DEBUG: Frame 1 process time: 0.076112s
[3.175293] DEBUG: Frame 2 process time: 0.076960s
[3.336967] DEBUG: Frame 3 process time: 0.078692s
[3.471144] DEBUG: Frame 4 process time: 0.077240s
[3.603457] DEBUG: Frame 5 process time: 0.077071s
[3.759787] DEBUG: Frame 6 process time: 0.077407s
[3.873061] DEBUG: Frame 7 process time: 0.078651s
[4.447666] DEBUG: Frame 8 process time: 0.077306s
[4.580375] DEBUG: Frame 9 process time: 0.085711s
[4.692984] DEBUG: Frame 10 process time: 0.082350s
[4.816736] DEBUG: Frame 11 process time: 0.087858s
[4.934730] DEBUG: Frame 12 process time: 0.085996s
[5.059559] DEBUG: Frame 13 process time: 0.077050s
[5.177632] DEBUG: Frame 14 process time: 0.082903s
[5.365076] DEBUG: Frame 15 process time: 0.078603s
[5.484396] DEBUG: Frame 16 process time: 0.088137s
[5.675673] DEBUG: Frame 17 process time: 0.076935s
[5.791667] DEBUG: Frame 18 process time: 0.085463s
[5.976209] DEBUG: Frame 19 process time: 0.077037s
[6.093204] DEBUG: Frame 20 process time: 0.085917s
[6.272772] DEBUG: Frame 21 process time: 0.078070s
[6.385693] DEBUG: Frame 22 process time: 0.082421s
[6.496181] DEBUG: Frame 23 process time: 0.080283s
[6.611602] DEBUG: Frame 24 process time: 0.084459s
[6.724074] DEBUG: Frame 25 process time: 0.077069s
[6.840739] DEBUG: Frame 26 process time: 0.085638s
[6.950918] DEBUG: Frame 27 process time: 0.079266s
[11.413092] DEBUG: Frame 28 process time: 0.082034s
[11.531551] DEBUG: Frame 29 process time: 0.076541s
[11.944529] DEBUG: Frame 30 process time: 0.077589s
[12.085531] DEBUG: Frame 31 process time: 0.086134s
[12.194831] DEBUG: Frame 32 process time: 0.079066s
[12.305334] DEBUG: Frame 33 process time: 0.078087s
[12.420164] DEBUG: Frame 34 process time: 0.083614s
[12.608012] DEBUG: Frame 35 process time: 0.077246s
[12.721996] DEBUG: Frame 36 process time: 0.083204s
[12.884566] DEBUG: Frame 37 process time: 0.077210s
[12.998563] DEBUG: Frame 38 process time: 0.083716s
[13.110400] DEBUG: Frame 39 process time: 0.081608s
[13.224753] DEBUG: Frame 40 process time: 0.083975s
[13.337277] DEBUG: Frame 41 process time: 0.082310s
[13.459976] DEBUG: Frame 42 process time: 0.084182s
[13.572064] DEBUG: Frame 43 process time: 0.081823s
[13.697353] DEBUG: Frame 44 process time: 0.093872s
[13.809729] DEBUG: Frame 45 process time: 0.082162s
[13.924329] DEBUG: Frame 46 process time: 0.083478s
[14.036562] DEBUG: Frame 47 process time: 0.082009s
[14.149723] DEBUG: Frame 48 process time: 0.082928s
[14.259689] DEBUG: Frame 49 process time: 0.079759s
[14.380953] DEBUG: Frame 50 process time: 0.085142s
[14.492421] DEBUG: Frame 51 process time: 0.081249s
[14.613514] DEBUG: Frame 52 process time: 0.085919s
[14.808019] DEBUG: Frame 53 process time: 0.080975s
[14.921637] DEBUG: Frame 54 process time: 0.083084s
[15.084916] DEBUG: Frame 55 process time: 0.077755s
[15.199985] DEBUG: Frame 56 process time: 0.083994s
[15.388771] DEBUG: Frame 57 process time: 0.077554s
[15.502957] DEBUG: Frame 58 process time: 0.080916s
[15.612828] DEBUG: Frame 59 process time: 0.079654s
[15.727664] DEBUG: Frame 60 process time: 0.083747s
[15.840122] DEBUG: Frame 61 process time: 0.082238s
[15.948904] DEBUG: Frame 62 process time: 0.077625s
[16.064040] DEBUG: Frame 63 process time: 0.084280s
[16.230896] DEBUG: Frame 64 process time: 0.079557s
[16.346071] DEBUG: Frame 65 process time: 0.084110s
[16.456295] DEBUG: Frame 66 process time: 0.080007s
[16.580463] DEBUG: Frame 67 process time: 0.084597s
[16.690464] DEBUG: Frame 68 process time: 0.079773s
[16.885915] DEBUG: Frame 69 process time: 0.077184s
[16.998100] DEBUG: Frame 70 process time: 0.081853s
[17.182051] DEBUG: Frame 71 process time: 0.078672s
[17.299302] DEBUG: Frame 72 process time: 0.086261s
[17.409071] DEBUG: Frame 73 process time: 0.079547s
[17.527748] DEBUG: Frame 74 process time: 0.083724s
[17.709090] DEBUG: Frame 75 process time: 0.077499s
[17.824628] DEBUG: Frame 76 process time: 0.084845s
[18.004923] DEBUG: Frame 77 process time: 0.077384s
[18.118159] DEBUG: Frame 78 process time: 0.082088s
[18.292894] DEBUG: Frame 79 process time: 0.077378s
[18.407645] DEBUG: Frame 80 process time: 0.083731s
[18.519781] DEBUG: Frame 81 process time: 0.081898s
[18.641068] DEBUG: Frame 82 process time: 0.085361s
[18.751212] DEBUG: Frame 83 process time: 0.079910s
[18.860381] DEBUG: Frame 84 process time: 0.077024s
[18.972963] DEBUG: Frame 85 process time: 0.081611s
[19.139349] DEBUG: Frame 86 process time: 0.076869s
[19.258811] DEBUG: Frame 87 process time: 0.088870s
[19.440428] DEBUG: Frame 88 process time: 0.076999s
[19.555593] DEBUG: Frame 89 process time: 0.084517s
[19.719668] DEBUG: Frame 90 process time: 0.077005s
[19.834293] DEBUG: Frame 91 process time: 0.084168s
[19.947238] DEBUG: Frame 92 process time: 0.082723s
[20.060638] DEBUG: Frame 93 process time: 0.082372s
[20.249102] DEBUG: Frame 94 process time: 0.077685s
[20.367279] DEBUG: Frame 95 process time: 0.087137s
[20.527929] DEBUG: Frame 96 process time: 0.076516s
[20.644921] DEBUG: Frame 97 process time: 0.083071s
[20.754769] DEBUG: Frame 98 process time: 0.079636s
[20.874412] DEBUG: Frame 99 process time: 0.086468s
[20.904827] EVENT: Calculated point: 0.838773 -1.65514        0
[20.904878] CLOSE: Closing Logger :)
