[0.000485] INIT: Logger started :)
[0.000970] EVENT: Parameters parsed for blob detector
[0.001180] EVENT: Parameters parsed for math config
[0.001325] EVENT: Parameters parsed for color detection
[0.001420] EVENT: Parameters parsed for system config
[0.262256] EVENT: Camera Initialized Successfully
[1.333130] EVENT: Serial port /dev/serial0 opened
[1.333482] EVENT: Starting Flight controller loop
[1.335939] EVENT: IMU serial port /dev/ttyACM0 opened
[1.336262] EVENT: IMU sensor data loop started
[1.558281] EVENT: Tracking loop started
[2.073607] DEBUG: Frame 0 process time: 0.515090s
[2.219889] DEBUG: Frame 1 process time: 0.099736s
[2.346550] DEBUG: Frame 2 process time: 0.095104s
[2.471251] DEBUG: Frame 3 process time: 0.080047s
[2.586114] DEBUG: Frame 4 process time: 0.083512s
[2.694551] DEBUG: Frame 5 process time: 0.077077s
[2.803064] DEBUG: Frame 6 process time: 0.077566s
[2.912005] DEBUG: Frame 7 process time: 0.078114s
[3.021016] DEBUG: Frame 8 process time: 0.077563s
[3.132368] DEBUG: Frame 9 process time: 0.080046s
[3.244068] DEBUG: Frame 10 process time: 0.080266s
[3.359463] DEBUG: Frame 11 process time: 0.084267s
[3.474919] DEBUG: Frame 12 process time: 0.084721s
[3.624546] DEBUG: Frame 13 process time: 0.118412s
[3.740380] DEBUG: Frame 14 process time: 0.085100s
[3.858534] DEBUG: Frame 15 process time: 0.086941s
[3.965904] DEBUG: Frame 16 process time: 0.076807s
[4.073978] DEBUG: Frame 17 process time: 0.077247s
[4.185092] DEBUG: Frame 18 process time: 0.080653s
[4.305617] DEBUG: Frame 19 process time: 0.089037s
[4.422238] DEBUG: Frame 20 process time: 0.085943s
[4.538617] DEBUG: Frame 21 process time: 0.085054s
[4.654069] DEBUG: Frame 22 process time: 0.084779s
[4.762354] DEBUG: Frame 23 process time: 0.077566s
[4.870991] DEBUG: Frame 24 process time: 0.077588s
[4.979059] DEBUG: Frame 25 process time: 0.076742s
[5.125973] DEBUG: Frame 26 process time: 0.116267s
[6.403634] DEBUG: Frame 27 process time: 0.078292s
[6.515738] DEBUG: Frame 28 process time: 0.081132s
[6.628508] DEBUG: Frame 29 process time: 0.082097s
[6.734010] DEBUG: Frame 30 process time: 0.074724s
[6.849057] DEBUG: Frame 31 process time: 0.084364s
[6.958330] DEBUG: Frame 32 process time: 0.078040s
[7.066558] DEBUG: Frame 33 process time: 0.076903s
[7.178656] DEBUG: Frame 34 process time: 0.080873s
[7.303523] DEBUG: Frame 35 process time: 0.093633s
[7.419995] DEBUG: Frame 36 process time: 0.085457s
[7.541953] DEBUG: Frame 37 process time: 0.090738s
[7.673734] DEBUG: Frame 38 process time: 0.100578s
[7.809543] DEBUG: Frame 39 process time: 0.104613s
[7.925530] DEBUG: Frame 40 process time: 0.085235s
[8.041792] DEBUG: Frame 41 process time: 0.085602s
[8.231169] DEBUG: Frame 42 process time: 0.158560s
[8.393531] DEBUG: Frame 43 process time: 0.131563s
[8.523189] DEBUG: Frame 44 process time: 0.099247s
[8.628913] DEBUG: Frame 45 process time: 0.074498s
[8.762544] DEBUG: Frame 46 process time: 0.102466s
[8.928786] DEBUG: Frame 47 process time: 0.135070s
[9.104762] DEBUG: Frame 48 process time: 0.145365s
[9.215653] DEBUG: Frame 49 process time: 0.080368s
[9.329637] DEBUG: Frame 50 process time: 0.083616s
[9.438029] DEBUG: Frame 51 process time: 0.076772s
[9.545247] DEBUG: Frame 52 process time: 0.076713s
[9.651873] DEBUG: Frame 53 process time: 0.076035s
[9.760472] DEBUG: Frame 54 process time: 0.077470s
[9.866865] DEBUG: Frame 55 process time: 0.075520s
[9.973319] DEBUG: Frame 56 process time: 0.075458s
[10.105346] DEBUG: Frame 57 process time: 0.100832s
[10.217671] DEBUG: Frame 58 process time: 0.081759s
[10.328846] DEBUG: Frame 59 process time: 0.080056s
[10.436347] DEBUG: Frame 60 process time: 0.076424s
[10.545047] DEBUG: Frame 61 process time: 0.077774s
[10.654019] DEBUG: Frame 62 process time: 0.077900s
[10.761268] DEBUG: Frame 63 process time: 0.076266s
[10.869403] DEBUG: Frame 64 process time: 0.077021s
[10.975074] DEBUG: Frame 65 process time: 0.074789s
[11.085606] DEBUG: Frame 66 process time: 0.079747s
[11.193004] DEBUG: Frame 67 process time: 0.076300s
[11.307177] DEBUG: Frame 68 process time: 0.083266s
[11.414403] DEBUG: Frame 69 process time: 0.076135s
[11.521278] DEBUG: Frame 70 process time: 0.075996s
[11.627774] DEBUG: Frame 71 process time: 0.075386s
[11.734606] DEBUG: Frame 72 process time: 0.075502s
[11.841280] DEBUG: Frame 73 process time: 0.075982s
[11.948339] DEBUG: Frame 74 process time: 0.075771s
[12.055076] DEBUG: Frame 75 process time: 0.075743s
[12.162035] DEBUG: Frame 76 process time: 0.075673s
[12.276709] DEBUG: Frame 77 process time: 0.083872s
[12.387189] DEBUG: Frame 78 process time: 0.079431s
[12.493889] DEBUG: Frame 79 process time: 0.075595s
[12.599943] DEBUG: Frame 80 process time: 0.075315s
[12.707053] DEBUG: Frame 81 process time: 0.075966s
[12.821220] DEBUG: Frame 82 process time: 0.083578s
[12.929811] DEBUG: Frame 83 process time: 0.077576s
[13.037590] DEBUG: Frame 84 process time: 0.077158s
[13.149789] DEBUG: Frame 85 process time: 0.081174s
[13.261962] DEBUG: Frame 86 process time: 0.081104s
[13.371445] DEBUG: Frame 87 process time: 0.078620s
[13.484176] DEBUG: Frame 88 process time: 0.081150s
[13.593705] DEBUG: Frame 89 process time: 0.078832s
[13.703470] DEBUG: Frame 90 process time: 0.078613s
[13.818859] DEBUG: Frame 91 process time: 0.084648s
[13.926952] DEBUG: Frame 92 process time: 0.077041s
[14.036021] DEBUG: Frame 93 process time: 0.078338s
[14.144776] DEBUG: Frame 94 process time: 0.077877s
[14.259054] DEBUG: Frame 95 process time: 0.083601s
[14.371783] DEBUG: Frame 96 process time: 0.081629s
[14.481371] DEBUG: Frame 97 process time: 0.078522s
[14.616103] DEBUG: Frame 98 process time: 0.103463s
[14.794578] DEBUG: Frame 99 process time: 0.147283s
[14.825292] EVENT: Calculated point: nan nan nan
[14.825550] EVENT: Sent [LAT:nan] to Ground Station
[14.825882] EVENT: Sent [LON:nan] to Ground Station
[14.825988] CLOSE: Closing Logger :)
