[0.006713] INIT: Logger started :)
[0.008225] EVENT: Parameters parsed for blob detector
[0.008931] EVENT: Parameters parsed for math config
[0.009675] EVENT: Parameters parsed for color detection
[0.010597] EVENT: Parameters parsed for system config
[0.431186] EVENT: Camera Initialized Successfully
[1.453685] EVENT: Serial port /dev/serial0 opened
[1.454010] EVENT: Starting Flight controller loop
[1.455548] EVENT: IMU serial port /dev/ttyACM0 opened
[1.455839] EVENT: IMU sensor data loop started
[1.651303] EVENT: Tracking loop started
[2.297736] DEBUG: Frame 0 process time: 0.646227s
[2.439957] DEBUG: Frame 1 process time: 0.099495s
[2.564364] DEBUG: Frame 2 process time: 0.093626s
[2.689110] DEBUG: Frame 3 process time: 0.089618s
[2.812207] DEBUG: Frame 4 process time: 0.092884s
[2.927206] DEBUG: Frame 5 process time: 0.083916s
[3.041290] DEBUG: Frame 6 process time: 0.083056s
[3.155303] DEBUG: Frame 7 process time: 0.083455s
[3.274268] DEBUG: Frame 8 process time: 0.088511s
[3.388537] DEBUG: Frame 9 process time: 0.083557s
[3.500170] DEBUG: Frame 10 process time: 0.081258s
[3.609923] DEBUG: Frame 11 process time: 0.079324s
[3.719964] DEBUG: Frame 12 process time: 0.079779s
[3.836897] DEBUG: Frame 13 process time: 0.086181s
[3.948494] DEBUG: Frame 14 process time: 0.080357s
[4.059443] DEBUG: Frame 15 process time: 0.079757s
[4.171806] DEBUG: Frame 16 process time: 0.081174s
[4.291644] DEBUG: Frame 17 process time: 0.089024s
[4.408791] DEBUG: Frame 18 process time: 0.086857s
[4.522734] DEBUG: Frame 19 process time: 0.083255s
[4.636050] DEBUG: Frame 20 process time: 0.082258s
[4.751476] DEBUG: Frame 21 process time: 0.084901s
[4.867890] DEBUG: Frame 22 process time: 0.085519s
[4.983113] DEBUG: Frame 23 process time: 0.084211s
[5.064742] EVENT: Received [T:88.096901]
[5.064937] EVENT: Received [T:88.096901]
[5.097851] DEBUG: Frame 24 process time: 0.084199s
[5.213204] DEBUG: Frame 25 process time: 0.084565s
[5.330649] DEBUG: Frame 26 process time: 0.086720s
[5.447358] DEBUG: Frame 27 process time: 0.086249s
[5.562146] DEBUG: Frame 28 process time: 0.084176s
[5.677940] DEBUG: Frame 29 process time: 0.084856s
[5.796448] DEBUG: Frame 30 process time: 0.087739s
[5.911397] DEBUG: Frame 31 process time: 0.084126s
[6.027435] DEBUG: Frame 32 process time: 0.085389s
[6.141490] DEBUG: Frame 33 process time: 0.083295s
[6.256664] DEBUG: Frame 34 process time: 0.084253s
[6.374952] DEBUG: Frame 35 process time: 0.087486s
[6.488815] DEBUG: Frame 36 process time: 0.083460s
[6.603514] DEBUG: Frame 37 process time: 0.083765s
[6.717686] DEBUG: Frame 38 process time: 0.083281s
[6.837241] DEBUG: Frame 39 process time: 0.088764s
[6.949938] DEBUG: Frame 40 process time: 0.082193s
[7.063228] DEBUG: Frame 41 process time: 0.082483s
[7.175825] DEBUG: Frame 42 process time: 0.081405s
[7.292086] DEBUG: Frame 43 process time: 0.085700s
[7.403662] DEBUG: Frame 44 process time: 0.080925s
[7.516419] DEBUG: Frame 45 process time: 0.081932s
[7.628346] DEBUG: Frame 46 process time: 0.081515s
[7.740103] DEBUG: Frame 47 process time: 0.081066s
[7.855162] DEBUG: Frame 48 process time: 0.084557s
[7.966938] DEBUG: Frame 49 process time: 0.081050s
[8.079061] DEBUG: Frame 50 process time: 0.081484s
[8.190109] DEBUG: Frame 51 process time: 0.080504s
[8.307568] DEBUG: Frame 52 process time: 0.086974s
[8.418482] DEBUG: Frame 53 process time: 0.080720s
[8.530060] DEBUG: Frame 54 process time: 0.080861s
[8.641409] DEBUG: Frame 55 process time: 0.080770s
[8.753138] DEBUG: Frame 56 process time: 0.080993s
[8.865524] DEBUG: Frame 57 process time: 0.081561s
[8.977482] DEBUG: Frame 58 process time: 0.081429s
[9.089828] DEBUG: Frame 59 process time: 0.081667s
[9.201201] DEBUG: Frame 60 process time: 0.080644s
[9.316422] DEBUG: Frame 61 process time: 0.084567s
[9.427368] DEBUG: Frame 62 process time: 0.080662s
[9.538862] DEBUG: Frame 63 process time: 0.081259s
[9.649602] DEBUG: Frame 64 process time: 0.080465s
[9.758623] DEBUG: Frame 65 process time: 0.078517s
[9.872179] DEBUG: Frame 66 process time: 0.083164s
[9.983654] DEBUG: Frame 67 process time: 0.081105s
[10.094262] DEBUG: Frame 68 process time: 0.079586s
[10.970514] DEBUG: Frame 69 process time: 0.079704s
[11.082083] DEBUG: Frame 70 process time: 0.081236s
[11.193970] DEBUG: Frame 71 process time: 0.080794s
[11.313086] DEBUG: Frame 72 process time: 0.088679s
[11.424806] DEBUG: Frame 73 process time: 0.081422s
[11.536504] DEBUG: Frame 74 process time: 0.081514s
[11.648525] DEBUG: Frame 75 process time: 0.081018s
[11.758667] DEBUG: Frame 76 process time: 0.079762s
[11.870220] DEBUG: Frame 77 process time: 0.081212s
[11.984595] DEBUG: Frame 78 process time: 0.083101s
[12.095628] DEBUG: Frame 79 process time: 0.080046s
[12.206696] DEBUG: Frame 80 process time: 0.080526s
[12.324378] DEBUG: Frame 81 process time: 0.086621s
[12.435455] DEBUG: Frame 82 process time: 0.080279s
[12.545279] DEBUG: Frame 83 process time: 0.078641s
[12.654875] DEBUG: Frame 84 process time: 0.079234s
[12.768571] DEBUG: Frame 85 process time: 0.083171s
[12.877905] DEBUG: Frame 86 process time: 0.078170s
[12.988620] DEBUG: Frame 87 process time: 0.080323s
[13.099679] DEBUG: Frame 88 process time: 0.080462s
[13.210715] DEBUG: Frame 89 process time: 0.080577s
[13.328473] DEBUG: Frame 90 process time: 0.087307s
[13.438682] DEBUG: Frame 91 process time: 0.079372s
[13.548459] DEBUG: Frame 92 process time: 0.079447s
[13.657937] DEBUG: Frame 93 process time: 0.079190s
[13.769103] DEBUG: Frame 94 process time: 0.080607s
[13.880830] DEBUG: Frame 95 process time: 0.081246s
[13.991980] DEBUG: Frame 96 process time: 0.080577s
[14.102861] DEBUG: Frame 97 process time: 0.080549s
[14.215492] DEBUG: Frame 98 process time: 0.082200s
[14.332073] DEBUG: Frame 99 process time: 0.086074s
[14.362688] EVENT: Calculated point: -97.4719  4.59183        0
[14.362777] EVENT: Sent [LAT:-97.471893] to Ground Station
[14.362848] EVENT: Sent [LON:4.591833] to Ground Station
[14.362865] CLOSE: Closing Logger :)
