[0.000419] INIT: Logger started :)
[0.000765] EVENT: Parameters parsed for blob detector
[0.000935] EVENT: Parameters parsed for math config
[0.001045] EVENT: Parameters parsed for color detection
[0.001126] EVENT: Parameters parsed for system config
[0.213758] EVENT: Camera Initialized Successfully
[0.832846] EVENT: Serial port /dev/serial0 opened
[0.833175] EVENT: Starting Flight controller loop
[0.835531] EVENT: IMU serial port /dev/ttyACM0 opened
[0.835827] EVENT: IMU sensor data loop started
[2.110246] EVENT: Tracking loop started
[2.697025] DEBUG: Frame 0 process time: 0.586547s
[2.838156] DEBUG: Frame 1 process time: 0.076038s
[2.960078] DEBUG: Frame 2 process time: 0.077625s
[3.127531] DEBUG: Frame 3 process time: 0.077121s
[3.274990] DEBUG: Frame 4 process time: 0.084638s
[3.428716] DEBUG: Frame 5 process time: 0.078674s
[3.587934] DEBUG: Frame 6 process time: 0.077817s
[4.960631] DEBUG: Frame 7 process time: 0.078348s
[5.141161] DEBUG: Frame 8 process time: 0.096510s
[5.285539] DEBUG: Frame 9 process time: 0.108309s
[5.409637] DEBUG: Frame 10 process time: 0.093823s
[5.661737] DEBUG: Frame 11 process time: 0.126429s
[5.835445] DEBUG: Frame 12 process time: 0.117119s
[5.993361] DEBUG: Frame 13 process time: 0.123007s
[6.130241] DEBUG: Frame 14 process time: 0.106541s
[6.481795] DEBUG: Frame 15 process time: 0.087594s
[6.628621] DEBUG: Frame 16 process time: 0.098175s
[6.758398] DEBUG: Frame 17 process time: 0.083586s
[6.884602] DEBUG: Frame 18 process time: 0.077403s
[7.033507] DEBUG: Frame 19 process time: 0.081782s
[7.158696] DEBUG: Frame 20 process time: 0.080240s
[7.295312] DEBUG: Frame 21 process time: 0.081252s
[7.444467] DEBUG: Frame 22 process time: 0.078027s
[7.586100] DEBUG: Frame 23 process time: 0.076032s
[7.703952] DEBUG: Frame 24 process time: 0.077705s
[7.818076] DEBUG: Frame 25 process time: 0.076298s
[7.934136] DEBUG: Frame 26 process time: 0.075651s
[8.058077] DEBUG: Frame 27 process time: 0.075782s
[8.184507] DEBUG: Frame 28 process time: 0.078508s
[8.313996] DEBUG: Frame 29 process time: 0.075931s
[8.437796] DEBUG: Frame 30 process time: 0.075693s
[8.571671] DEBUG: Frame 31 process time: 0.077200s
[8.690812] DEBUG: Frame 32 process time: 0.076583s
[8.811876] DEBUG: Frame 33 process time: 0.077862s
[8.947767] DEBUG: Frame 34 process time: 0.077850s
[9.076251] DEBUG: Frame 35 process time: 0.078098s
[9.212280] DEBUG: Frame 36 process time: 0.080954s
[9.332800] DEBUG: Frame 37 process time: 0.078365s
[9.455543] DEBUG: Frame 38 process time: 0.077491s
[9.600487] DEBUG: Frame 39 process time: 0.078171s
[9.726164] DEBUG: Frame 40 process time: 0.080199s
[9.849168] DEBUG: Frame 41 process time: 0.078851s
[9.980010] DEBUG: Frame 42 process time: 0.077924s
[10.100561] DEBUG: Frame 43 process time: 0.078282s
[10.246296] DEBUG: Frame 44 process time: 0.084231s
[10.368991] DEBUG: Frame 45 process time: 0.078262s
[10.496681] DEBUG: Frame 46 process time: 0.078542s
[10.616590] DEBUG: Frame 47 process time: 0.077497s
[10.756488] DEBUG: Frame 48 process time: 0.082034s
[10.876090] DEBUG: Frame 49 process time: 0.076944s
[10.999361] DEBUG: Frame 50 process time: 0.092293s
[11.117469] DEBUG: Frame 51 process time: 0.087881s
[11.242156] DEBUG: Frame 52 process time: 0.094463s
[11.533963] DEBUG: Frame 53 process time: 0.079544s
[11.656950] DEBUG: Frame 54 process time: 0.092381s
[11.773883] DEBUG: Frame 55 process time: 0.086708s
[11.890488] DEBUG: Frame 56 process time: 0.086368s
[12.214827] DEBUG: Frame 57 process time: 0.083244s
[12.332987] DEBUG: Frame 58 process time: 0.087496s
[12.445591] DEBUG: Frame 59 process time: 0.082397s
[12.561931] DEBUG: Frame 60 process time: 0.086128s
[12.840597] DEBUG: Frame 61 process time: 0.077884s
[12.958126] DEBUG: Frame 62 process time: 0.086309s
[13.071919] DEBUG: Frame 63 process time: 0.083576s
[13.190187] DEBUG: Frame 64 process time: 0.088044s
[13.435774] DEBUG: Frame 65 process time: 0.077392s
[13.551917] DEBUG: Frame 66 process time: 0.085709s
[13.667993] DEBUG: Frame 67 process time: 0.085857s
[13.952810] DEBUG: Frame 68 process time: 0.078400s
[14.067976] DEBUG: Frame 69 process time: 0.084171s
[14.185235] DEBUG: Frame 70 process time: 0.087021s
[14.300576] DEBUG: Frame 71 process time: 0.085057s
[17.114055] DEBUG: Frame 72 process time: 2.582788s
[17.333725] DEBUG: Frame 73 process time: 0.077755s
[17.447406] DEBUG: Frame 74 process time: 0.083059s
[17.560764] DEBUG: Frame 75 process time: 0.083147s
[17.673594] DEBUG: Frame 76 process time: 0.082601s
[17.789772] DEBUG: Frame 77 process time: 0.085956s
[17.901749] DEBUG: Frame 78 process time: 0.081729s
[18.016107] DEBUG: Frame 79 process time: 0.084117s
[18.357137] DEBUG: Frame 80 process time: 0.078017s
[18.472395] DEBUG: Frame 81 process time: 0.084255s
[18.587355] DEBUG: Frame 82 process time: 0.084740s
[18.703620] DEBUG: Frame 83 process time: 0.086037s
[18.984500] DEBUG: Frame 84 process time: 0.077682s
[19.099385] DEBUG: Frame 85 process time: 0.084199s
[19.217637] DEBUG: Frame 86 process time: 0.088024s
[19.332286] DEBUG: Frame 87 process time: 0.084410s
[19.636440] DEBUG: Frame 88 process time: 0.076935s
[19.753080] DEBUG: Frame 89 process time: 0.086119s
[19.868633] DEBUG: Frame 90 process time: 0.085324s
[19.980558] DEBUG: Frame 91 process time: 0.081670s
[20.285952] DEBUG: Frame 92 process time: 0.078905s
[20.400044] DEBUG: Frame 93 process time: 0.083714s
[20.515159] DEBUG: Frame 94 process time: 0.084898s
[20.630260] DEBUG: Frame 95 process time: 0.084741s
[20.912648] DEBUG: Frame 96 process time: 0.077272s
[21.025929] DEBUG: Frame 97 process time: 0.082894s
[21.140373] DEBUG: Frame 98 process time: 0.084040s
[21.259554] DEBUG: Frame 99 process time: 0.088915s
[21.289970] EVENT: Calculated point:  2.28336 0.640491        0
[21.290015] CLOSE: Closing Logger :)
