[0.006080] INIT: Logger started :)
[0.006732] EVENT: Parameters parsed for blob detector
[0.007053] EVENT: Parameters parsed for math config
[0.007247] EVENT: Parameters parsed for color detection
[0.007359] EVENT: Parameters parsed for system config
[0.279562] EVENT: Camera Initialized Successfully
[1.369166] EVENT: Serial port /dev/serial0 opened
[1.369590] EVENT: Starting Flight controller loop
[1.371975] EVENT: IMU serial port /dev/ttyACM0 opened
[1.372252] EVENT: IMU sensor data loop started
[1.629839] EVENT: Tracking loop started
[2.171125] DEBUG: Frame 0 process time: 0.540994s
[2.334327] DEBUG: Frame 1 process time: 0.104297s
[2.453369] DEBUG: Frame 2 process time: 0.087713s
[2.578728] DEBUG: Frame 3 process time: 0.077296s
[2.692143] DEBUG: Frame 4 process time: 0.082377s
[2.805290] DEBUG: Frame 5 process time: 0.082690s
[2.925412] DEBUG: Frame 6 process time: 0.089621s
[3.040772] DEBUG: Frame 7 process time: 0.084730s
[3.150400] DEBUG: Frame 8 process time: 0.079020s
[3.260042] DEBUG: Frame 9 process time: 0.078753s
[3.374693] DEBUG: Frame 10 process time: 0.083130s
[3.483360] DEBUG: Frame 11 process time: 0.077586s
[3.598231] DEBUG: Frame 12 process time: 0.083992s
[3.707434] DEBUG: Frame 13 process time: 0.077800s
[3.818149] DEBUG: Frame 14 process time: 0.079486s
[3.927918] DEBUG: Frame 15 process time: 0.078812s
[4.036083] DEBUG: Frame 16 process time: 0.077599s
[4.144816] DEBUG: Frame 17 process time: 0.077523s
[4.252119] DEBUG: Frame 18 process time: 0.076182s
[4.366734] DEBUG: Frame 19 process time: 0.084064s
[4.473977] DEBUG: Frame 20 process time: 0.076280s
[4.582282] DEBUG: Frame 21 process time: 0.077860s
[4.690609] DEBUG: Frame 22 process time: 0.077118s
[4.803321] DEBUG: Frame 23 process time: 0.081871s
[4.910321] DEBUG: Frame 24 process time: 0.075980s
[5.019641] DEBUG: Frame 25 process time: 0.078296s
[5.147606] DEBUG: Frame 26 process time: 0.092351s
[5.263489] DEBUG: Frame 27 process time: 0.085133s
[5.369130] DEBUG: Frame 28 process time: 0.075186s
[5.475593] DEBUG: Frame 29 process time: 0.075076s
[5.580840] DEBUG: Frame 30 process time: 0.074824s
[5.687032] DEBUG: Frame 31 process time: 0.075157s
[5.793464] DEBUG: Frame 32 process time: 0.075132s
[5.900171] DEBUG: Frame 33 process time: 0.076264s
[6.004485] DEBUG: Frame 34 process time: 0.073807s
[6.110919] DEBUG: Frame 35 process time: 0.075868s
[6.215995] DEBUG: Frame 36 process time: 0.074319s
[6.323404] DEBUG: Frame 37 process time: 0.077015s
[6.429110] DEBUG: Frame 38 process time: 0.075297s
[6.535825] DEBUG: Frame 39 process time: 0.075984s
[6.641321] DEBUG: Frame 40 process time: 0.075051s
[6.746295] DEBUG: Frame 41 process time: 0.074549s
[6.852260] DEBUG: Frame 42 process time: 0.075490s
[6.957535] DEBUG: Frame 43 process time: 0.074632s
[7.062907] DEBUG: Frame 44 process time: 0.074731s
[7.167719] DEBUG: Frame 45 process time: 0.074264s
[7.272500] DEBUG: Frame 46 process time: 0.074165s
[7.377921] DEBUG: Frame 47 process time: 0.074806s
[7.483025] DEBUG: Frame 48 process time: 0.074181s
[7.588000] DEBUG: Frame 49 process time: 0.074518s
[7.692939] DEBUG: Frame 50 process time: 0.074644s
[7.798096] DEBUG: Frame 51 process time: 0.074815s
[7.903609] DEBUG: Frame 52 process time: 0.074336s
[8.010365] DEBUG: Frame 53 process time: 0.076192s
[8.117357] DEBUG: Frame 54 process time: 0.076081s
[8.222074] DEBUG: Frame 55 process time: 0.074259s
[8.328023] DEBUG: Frame 56 process time: 0.075244s
[8.433158] DEBUG: Frame 57 process time: 0.074783s
[8.539183] DEBUG: Frame 58 process time: 0.074905s
[8.644964] DEBUG: Frame 59 process time: 0.075467s
[8.749502] DEBUG: Frame 60 process time: 0.073976s
[8.855180] DEBUG: Frame 61 process time: 0.074777s
[8.960850] DEBUG: Frame 62 process time: 0.074627s
[9.066194] DEBUG: Frame 63 process time: 0.074587s
[9.170805] DEBUG: Frame 64 process time: 0.073982s
[9.276428] DEBUG: Frame 65 process time: 0.074455s
[9.383722] DEBUG: Frame 66 process time: 0.076369s
[9.491080] DEBUG: Frame 67 process time: 0.076616s
[9.598070] DEBUG: Frame 68 process time: 0.075676s
[9.704805] DEBUG: Frame 69 process time: 0.075607s
[9.812676] DEBUG: Frame 70 process time: 0.076572s
[9.921383] DEBUG: Frame 71 process time: 0.078261s
[10.051408] DEBUG: Frame 72 process time: 0.099631s
[10.172756] DEBUG: Frame 73 process time: 0.085244s
[10.280624] DEBUG: Frame 74 process time: 0.076693s
[10.390919] DEBUG: Frame 75 process time: 0.079058s
[10.497036] DEBUG: Frame 76 process time: 0.075225s
[10.604924] DEBUG: Frame 77 process time: 0.076624s
[10.713057] DEBUG: Frame 78 process time: 0.077721s
[10.829061] DEBUG: Frame 79 process time: 0.085122s
[10.938351] DEBUG: Frame 80 process time: 0.078138s
[11.045522] DEBUG: Frame 81 process time: 0.076789s
[11.153816] DEBUG: Frame 82 process time: 0.077368s
[11.261587] DEBUG: Frame 83 process time: 0.077431s
[11.375433] DEBUG: Frame 84 process time: 0.082128s
[11.483269] DEBUG: Frame 85 process time: 0.077345s
[11.592401] DEBUG: Frame 86 process time: 0.077851s
[11.700437] DEBUG: Frame 87 process time: 0.076717s
[11.808603] DEBUG: Frame 88 process time: 0.077795s
[11.919152] DEBUG: Frame 89 process time: 0.079297s
[12.027426] DEBUG: Frame 90 process time: 0.077019s
[12.135013] DEBUG: Frame 91 process time: 0.077148s
[12.243516] DEBUG: Frame 92 process time: 0.078120s
[12.359815] DEBUG: Frame 93 process time: 0.085700s
[12.468067] DEBUG: Frame 94 process time: 0.077094s
[12.576403] DEBUG: Frame 95 process time: 0.077159s
[12.685791] DEBUG: Frame 96 process time: 0.078781s
[12.799712] DEBUG: Frame 97 process time: 0.083233s
[12.909546] DEBUG: Frame 98 process time: 0.079403s
[13.020016] DEBUG: Frame 99 process time: 0.079535s
[13.051622] EVENT: Calculated point: nan nan nan
[13.051942] EVENT: Sent [LAT:nan] to Ground Station
[13.052041] EVENT: Sent [LON:nan] to Ground Station
[13.052063] CLOSE: Closing Logger :)
