[0.001393] INIT: Logger started :)
[0.002074] EVENT: Parameters parsed for blob detector
[0.002263] EVENT: Parameters parsed for math config
[0.002415] EVENT: Parameters parsed for color detection
[0.002510] EVENT: Parameters parsed for system config
[0.235875] EVENT: Camera Initialized Successfully
[8.087854] EVENT: Serial port /dev/serial0 opened
[8.088354] EVENT: Starting Flight controller loop
[8.090600] EVENT: IMU serial port /dev/ttyACM0 opened
[8.091100] EVENT: IMU sensor data loop started
[8.302107] EVENT: Tracking loop started
[8.815701] DEBUG: Frame 0 process time: 0.513313s
[8.991967] DEBUG: Frame 1 process time: 0.078942s
[9.112875] DEBUG: Frame 2 process time: 0.090543s
[9.231258] DEBUG: Frame 3 process time: 0.074862s
[9.344938] DEBUG: Frame 4 process time: 0.082647s
[9.453827] DEBUG: Frame 5 process time: 0.078346s
[9.561784] DEBUG: Frame 6 process time: 0.077169s
[9.668405] DEBUG: Frame 7 process time: 0.075826s
[9.778005] DEBUG: Frame 8 process time: 0.078603s
[9.883848] DEBUG: Frame 9 process time: 0.074711s
[9.989825] DEBUG: Frame 10 process time: 0.074704s
[10.096148] DEBUG: Frame 11 process time: 0.075971s
[10.202174] DEBUG: Frame 12 process time: 0.075012s
[10.308476] DEBUG: Frame 13 process time: 0.075844s
[10.414262] DEBUG: Frame 14 process time: 0.075455s
[10.520364] DEBUG: Frame 15 process time: 0.075132s
[10.626904] DEBUG: Frame 16 process time: 0.075360s
[10.733629] DEBUG: Frame 17 process time: 0.075935s
[10.841670] DEBUG: Frame 18 process time: 0.076873s
[10.947326] DEBUG: Frame 19 process time: 0.075371s
[11.054038] DEBUG: Frame 20 process time: 0.075740s
[11.161600] DEBUG: Frame 21 process time: 0.077185s
[11.269331] DEBUG: Frame 22 process time: 0.077078s
[11.379395] DEBUG: Frame 23 process time: 0.078683s
[11.486241] DEBUG: Frame 24 process time: 0.076014s
[11.593932] DEBUG: Frame 25 process time: 0.076916s
[11.700821] DEBUG: Frame 26 process time: 0.076507s
[11.814461] DEBUG: Frame 27 process time: 0.082950s
[11.925712] DEBUG: Frame 28 process time: 0.080485s
[12.032407] DEBUG: Frame 29 process time: 0.075519s
[12.138996] DEBUG: Frame 30 process time: 0.075781s
[12.245711] DEBUG: Frame 31 process time: 0.075512s
[12.351653] DEBUG: Frame 32 process time: 0.075240s
[12.458315] DEBUG: Frame 33 process time: 0.075967s
[12.564992] DEBUG: Frame 34 process time: 0.075481s
[12.671932] DEBUG: Frame 35 process time: 0.075854s
[12.777996] DEBUG: Frame 36 process time: 0.075359s
[12.885376] DEBUG: Frame 37 process time: 0.077008s
[12.992670] DEBUG: Frame 38 process time: 0.076846s
[13.100949] DEBUG: Frame 39 process time: 0.077847s
[13.207645] DEBUG: Frame 40 process time: 0.075983s
[14.076507] DEBUG: Frame 41 process time: 0.074727s
[14.181677] DEBUG: Frame 42 process time: 0.074482s
[14.287245] DEBUG: Frame 43 process time: 0.074376s
[14.393235] DEBUG: Frame 44 process time: 0.074871s
[14.499714] DEBUG: Frame 45 process time: 0.075928s
[14.607082] DEBUG: Frame 46 process time: 0.076851s
[14.715256] DEBUG: Frame 47 process time: 0.077049s
[14.822666] DEBUG: Frame 48 process time: 0.076113s
[14.928388] DEBUG: Frame 49 process time: 0.074697s
[15.034289] DEBUG: Frame 50 process time: 0.074772s
[15.141863] DEBUG: Frame 51 process time: 0.076405s
[15.250187] DEBUG: Frame 52 process time: 0.077571s
[15.358247] DEBUG: Frame 53 process time: 0.077533s
[15.466494] DEBUG: Frame 54 process time: 0.077706s
[15.573787] DEBUG: Frame 55 process time: 0.076053s
[15.679081] DEBUG: Frame 56 process time: 0.074578s
[15.785025] DEBUG: Frame 57 process time: 0.075298s
[15.891576] DEBUG: Frame 58 process time: 0.075953s
[15.998059] DEBUG: Frame 59 process time: 0.075773s
[16.105663] DEBUG: Frame 60 process time: 0.076223s
[16.211283] DEBUG: Frame 61 process time: 0.074975s
[16.316975] DEBUG: Frame 62 process time: 0.074732s
[16.422691] DEBUG: Frame 63 process time: 0.074844s
[16.528181] DEBUG: Frame 64 process time: 0.074784s
[16.633919] DEBUG: Frame 65 process time: 0.075218s
[16.740529] DEBUG: Frame 66 process time: 0.075309s
[16.846046] DEBUG: Frame 67 process time: 0.074614s
[16.951699] DEBUG: Frame 68 process time: 0.075049s
[17.057143] DEBUG: Frame 69 process time: 0.074567s
[17.163050] DEBUG: Frame 70 process time: 0.074963s
[17.268286] DEBUG: Frame 71 process time: 0.074552s
[17.374125] DEBUG: Frame 72 process time: 0.075189s
[17.480497] DEBUG: Frame 73 process time: 0.075161s
[17.586543] DEBUG: Frame 74 process time: 0.075310s
[17.692955] DEBUG: Frame 75 process time: 0.075176s
[17.797754] DEBUG: Frame 76 process time: 0.074218s
[17.903049] DEBUG: Frame 77 process time: 0.074850s
[18.008869] DEBUG: Frame 78 process time: 0.075194s
[18.115379] DEBUG: Frame 79 process time: 0.075982s
[18.221006] DEBUG: Frame 80 process time: 0.074537s
[18.329093] DEBUG: Frame 81 process time: 0.074335s
[18.434359] DEBUG: Frame 82 process time: 0.074709s
[18.541534] DEBUG: Frame 83 process time: 0.075844s
[18.647186] DEBUG: Frame 84 process time: 0.075047s
[18.753655] DEBUG: Frame 85 process time: 0.075999s
[18.860583] DEBUG: Frame 86 process time: 0.075775s
[18.967097] DEBUG: Frame 87 process time: 0.076012s
[19.073567] DEBUG: Frame 88 process time: 0.075417s
[19.179957] DEBUG: Frame 89 process time: 0.075333s
[19.287606] DEBUG: Frame 90 process time: 0.077194s
[19.396244] DEBUG: Frame 91 process time: 0.077263s
[19.504465] DEBUG: Frame 92 process time: 0.077581s
[19.613732] DEBUG: Frame 93 process time: 0.078529s
[19.722392] DEBUG: Frame 94 process time: 0.078031s
[19.831101] DEBUG: Frame 95 process time: 0.077292s
[19.959065] DEBUG: Frame 96 process time: 0.097131s
[20.079449] DEBUG: Frame 97 process time: 0.089072s
[20.207446] DEBUG: Frame 98 process time: 0.097088s
[20.323266] DEBUG: Frame 99 process time: 0.084716s
[20.354073] EVENT: Calculated point: nan nan nan
[20.355656] EVENT: Sent [LAT:nan] to Ground Station
[20.355785] EVENT: Sent [LON:nan] to Ground Station
[20.355807] CLOSE: Closing Logger :)
