[0.000583] INIT: Logger started :)
[0.000955] EVENT: Parameters parsed for blob detector
[0.001117] EVENT: Parameters parsed for math config
[0.001229] EVENT: Parameters parsed for color detection
[0.001312] EVENT: Parameters parsed for system config
[0.222191] EVENT: Camera Initialized Successfully
[0.756402] EVENT: Serial port /dev/ttyACM1 opened
[0.756722] EVENT: Starting Flight controller loop
[0.757887] EVENT: IMU serial port /dev/ttyACM0 opened
[0.758202] EVENT: IMU sensor data loop started
[1.768704] EVENT: Tracking loop started
[2.326295] DEBUG: Frame 0 process time: 0.557457s
[2.443502] DEBUG: Frame 1 process time: 0.075018s
[2.577168] DEBUG: Frame 2 process time: 0.076715s
[2.729153] DEBUG: Frame 3 process time: 0.076097s
[2.860330] DEBUG: Frame 4 process time: 0.075837s
[2.993891] DEBUG: Frame 5 process time: 0.076888s
[3.165856] DEBUG: Frame 6 process time: 0.076290s
[3.722804] DEBUG: Frame 7 process time: 0.076253s
[3.880663] DEBUG: Frame 8 process time: 0.086961s
[3.994140] DEBUG: Frame 9 process time: 0.083174s
[4.110029] DEBUG: Frame 10 process time: 0.076645s
[4.228373] DEBUG: Frame 11 process time: 0.087103s
[4.453242] DEBUG: Frame 12 process time: 0.076763s
[4.585052] DEBUG: Frame 13 process time: 0.101318s
[4.765856] DEBUG: Frame 14 process time: 0.076719s
[4.881935] DEBUG: Frame 15 process time: 0.084832s
[4.994674] DEBUG: Frame 16 process time: 0.082479s
[5.186000] DEBUG: Frame 17 process time: 0.077115s
[5.304245] DEBUG: Frame 18 process time: 0.087281s
[5.417313] DEBUG: Frame 19 process time: 0.082847s
[5.574172] DEBUG: Frame 20 process time: 0.077401s
[5.693809] DEBUG: Frame 21 process time: 0.089134s
[5.808329] DEBUG: Frame 22 process time: 0.084297s
[5.956858] DEBUG: Frame 23 process time: 0.076163s
[6.074899] DEBUG: Frame 24 process time: 0.087525s
[6.191478] DEBUG: Frame 25 process time: 0.086355s
[6.325916] DEBUG: Frame 26 process time: 0.077145s
[6.446971] DEBUG: Frame 27 process time: 0.090742s
[6.563853] DEBUG: Frame 28 process time: 0.086596s
[6.681669] DEBUG: Frame 29 process time: 0.076741s
[6.799025] DEBUG: Frame 30 process time: 0.086342s
[6.916735] DEBUG: Frame 31 process time: 0.087480s
[7.039198] DEBUG: Frame 32 process time: 0.088113s
[7.161573] DEBUG: Frame 33 process time: 0.076698s
[7.279603] DEBUG: Frame 34 process time: 0.087113s
[7.396109] DEBUG: Frame 35 process time: 0.086280s
[7.517220] DEBUG: Frame 36 process time: 0.076341s
[7.634631] DEBUG: Frame 37 process time: 0.086610s
[7.748505] DEBUG: Frame 38 process time: 0.083535s
[7.889271] DEBUG: Frame 39 process time: 0.076335s
[8.005878] DEBUG: Frame 40 process time: 0.085920s
[8.119680] DEBUG: Frame 41 process time: 0.083579s
[8.308917] DEBUG: Frame 42 process time: 0.076183s
[8.425381] DEBUG: Frame 43 process time: 0.085527s
[8.538572] DEBUG: Frame 44 process time: 0.082964s
[8.709614] DEBUG: Frame 45 process time: 0.076801s
[8.825858] DEBUG: Frame 46 process time: 0.085347s
[8.939197] DEBUG: Frame 47 process time: 0.083113s
[9.089894] DEBUG: Frame 48 process time: 0.076438s
[9.205276] DEBUG: Frame 49 process time: 0.084730s
[9.320151] DEBUG: Frame 50 process time: 0.084658s
[9.481329] DEBUG: Frame 51 process time: 0.076308s
[9.597056] DEBUG: Frame 52 process time: 0.084992s
[9.712352] DEBUG: Frame 53 process time: 0.085038s
[9.889874] DEBUG: Frame 54 process time: 0.076968s
[10.007921] DEBUG: Frame 55 process time: 0.087204s
[10.124072] DEBUG: Frame 56 process time: 0.085915s
[10.286689] DEBUG: Frame 57 process time: 0.077607s
[10.404034] DEBUG: Frame 58 process time: 0.086851s
[10.518341] DEBUG: Frame 59 process time: 0.084054s
[10.682083] DEBUG: Frame 60 process time: 0.077146s
[10.797898] DEBUG: Frame 61 process time: 0.084622s
[10.913654] DEBUG: Frame 62 process time: 0.085532s
[11.117945] DEBUG: Frame 63 process time: 0.076914s
[11.235995] DEBUG: Frame 64 process time: 0.087181s
[11.350818] DEBUG: Frame 65 process time: 0.084606s
[11.525412] DEBUG: Frame 66 process time: 0.076448s
[11.642102] DEBUG: Frame 67 process time: 0.086047s
[11.757878] DEBUG: Frame 68 process time: 0.085553s
[11.922469] DEBUG: Frame 69 process time: 0.076663s
[12.041670] DEBUG: Frame 70 process time: 0.088769s
[12.157307] DEBUG: Frame 71 process time: 0.085421s
[12.314370] DEBUG: Frame 72 process time: 0.077452s
[12.432063] DEBUG: Frame 73 process time: 0.087168s
[12.548904] DEBUG: Frame 74 process time: 0.086541s
[12.717687] DEBUG: Frame 75 process time: 0.076392s
[12.837357] DEBUG: Frame 76 process time: 0.088672s
[12.952331] DEBUG: Frame 77 process time: 0.084741s
[13.121582] DEBUG: Frame 78 process time: 0.076505s
[13.239597] DEBUG: Frame 79 process time: 0.087465s
[13.517941] DEBUG: Frame 80 process time: 0.077183s
[13.653502] DEBUG: Frame 81 process time: 0.087949s
[13.768789] DEBUG: Frame 82 process time: 0.085021s
[13.897258] DEBUG: Frame 83 process time: 0.076288s
[14.042863] DEBUG: Frame 84 process time: 0.089000s
[14.158703] DEBUG: Frame 85 process time: 0.085608s
[14.278128] DEBUG: Frame 86 process time: 0.076975s
[14.396097] DEBUG: Frame 87 process time: 0.087308s
[14.511461] DEBUG: Frame 88 process time: 0.085144s
[14.629850] DEBUG: Frame 89 process time: 0.076821s
[14.747168] DEBUG: Frame 90 process time: 0.086479s
[14.862401] DEBUG: Frame 91 process time: 0.085022s
[14.982021] DEBUG: Frame 92 process time: 0.077021s
[15.103121] DEBUG: Frame 93 process time: 0.090183s
[15.220391] DEBUG: Frame 94 process time: 0.087006s
[15.349332] DEBUG: Frame 95 process time: 0.090064s
[15.602379] DEBUG: Frame 96 process time: 0.077113s
[15.720968] DEBUG: Frame 97 process time: 0.088259s
[15.834200] DEBUG: Frame 98 process time: 0.082777s
[15.993506] DEBUG: Frame 99 process time: 0.076551s
[16.025011] EVENT: Calculated point: 58.2428 6.72018       0
[16.025096] CLOSE: Closing Logger :)
