[0.000512] INIT: Logger started :)
[0.000931] EVENT: Parameters parsed for blob detector
[0.001141] EVENT: Parameters parsed for math config
[0.001278] EVENT: Parameters parsed for color detection
[0.001374] EVENT: Parameters parsed for system config
[0.256496] EVENT: Camera Initialized Successfully
[1.737316] EVENT: Serial port /dev/serial0 opened
[1.737650] EVENT: Starting Flight controller loop
[1.738962] EVENT: IMU serial port /dev/ttyACM0 opened
[1.739306] EVENT: IMU sensor data loop started
[1.946874] EVENT: Tracking loop started
[2.462131] DEBUG: Frame 0 process time: 0.514961s
[2.607456] DEBUG: Frame 1 process time: 0.089933s
[2.736670] DEBUG: Frame 2 process time: 0.097804s
[2.865728] DEBUG: Frame 3 process time: 0.080285s
[2.979080] DEBUG: Frame 4 process time: 0.082558s
[3.088344] DEBUG: Frame 5 process time: 0.077959s
[3.199831] DEBUG: Frame 6 process time: 0.081069s
[3.309187] DEBUG: Frame 7 process time: 0.078839s
[3.418213] DEBUG: Frame 8 process time: 0.078507s
[3.525908] DEBUG: Frame 9 process time: 0.076618s
[3.634888] DEBUG: Frame 10 process time: 0.077729s
[3.747146] DEBUG: Frame 11 process time: 0.080934s
[3.856793] DEBUG: Frame 12 process time: 0.078288s
[3.965955] DEBUG: Frame 13 process time: 0.078539s
[4.076031] DEBUG: Frame 14 process time: 0.078806s
[4.187339] DEBUG: Frame 15 process time: 0.080865s
[4.298129] DEBUG: Frame 16 process time: 0.079917s
[4.408170] DEBUG: Frame 17 process time: 0.079400s
[4.517390] DEBUG: Frame 18 process time: 0.078220s
[4.631692] DEBUG: Frame 19 process time: 0.083322s
[4.741297] DEBUG: Frame 20 process time: 0.078266s
[4.849754] DEBUG: Frame 21 process time: 0.077392s
[4.958135] DEBUG: Frame 22 process time: 0.077221s
[5.077493] DEBUG: Frame 23 process time: 0.087961s
[5.218814] DEBUG: Frame 24 process time: 0.086411s
[5.328713] DEBUG: Frame 25 process time: 0.078896s
[5.437542] DEBUG: Frame 26 process time: 0.077558s
[5.548073] DEBUG: Frame 27 process time: 0.079622s
[5.661547] DEBUG: Frame 28 process time: 0.082365s
[5.769919] DEBUG: Frame 29 process time: 0.077669s
[5.878973] DEBUG: Frame 30 process time: 0.078170s
[5.987694] DEBUG: Frame 31 process time: 0.077875s
[6.097480] DEBUG: Frame 32 process time: 0.078800s
[6.209789] DEBUG: Frame 33 process time: 0.081570s
[6.317659] DEBUG: Frame 34 process time: 0.077290s
[6.425760] DEBUG: Frame 35 process time: 0.077567s
[6.533346] DEBUG: Frame 36 process time: 0.076222s
[6.646078] DEBUG: Frame 37 process time: 0.081845s
[6.754992] DEBUG: Frame 38 process time: 0.077618s
[6.863343] DEBUG: Frame 39 process time: 0.077028s
[6.971758] DEBUG: Frame 40 process time: 0.077069s
[7.080376] DEBUG: Frame 41 process time: 0.077826s
[7.194154] DEBUG: Frame 42 process time: 0.082409s
[7.303373] DEBUG: Frame 43 process time: 0.078680s
[7.412465] DEBUG: Frame 44 process time: 0.077807s
[7.524199] DEBUG: Frame 45 process time: 0.080931s
[7.632471] DEBUG: Frame 46 process time: 0.077751s
[7.740599] DEBUG: Frame 47 process time: 0.077568s
[7.850234] DEBUG: Frame 48 process time: 0.078249s
[7.957512] DEBUG: Frame 49 process time: 0.076680s
[8.066368] DEBUG: Frame 50 process time: 0.078207s
[8.181446] DEBUG: Frame 51 process time: 0.084469s
[8.290772] DEBUG: Frame 52 process time: 0.078395s
[8.403085] DEBUG: Frame 53 process time: 0.081424s
[8.514478] DEBUG: Frame 54 process time: 0.080152s
[8.625565] DEBUG: Frame 55 process time: 0.080172s
[8.735084] DEBUG: Frame 56 process time: 0.078239s
[8.843271] DEBUG: Frame 57 process time: 0.077061s
[8.954047] DEBUG: Frame 58 process time: 0.080180s
[9.063686] DEBUG: Frame 59 process time: 0.078552s
[9.173191] DEBUG: Frame 60 process time: 0.078867s
[9.283927] DEBUG: Frame 61 process time: 0.079979s
[9.394168] DEBUG: Frame 62 process time: 0.079751s
[9.504495] DEBUG: Frame 63 process time: 0.079100s
[9.614973] DEBUG: Frame 64 process time: 0.079208s
[9.726373] DEBUG: Frame 65 process time: 0.080109s
[9.836167] DEBUG: Frame 66 process time: 0.078563s
[9.947232] DEBUG: Frame 67 process time: 0.080343s
[10.067217] DEBUG: Frame 68 process time: 0.089352s
[10.188377] DEBUG: Frame 69 process time: 0.090040s
[11.114095] DEBUG: Frame 70 process time: 0.076256s
[11.228882] DEBUG: Frame 71 process time: 0.084202s
[11.337178] DEBUG: Frame 72 process time: 0.077787s
[11.446080] DEBUG: Frame 73 process time: 0.078009s
[11.554757] DEBUG: Frame 74 process time: 0.077416s
[11.668267] DEBUG: Frame 75 process time: 0.083021s
[11.776904] DEBUG: Frame 76 process time: 0.077312s
[11.885648] DEBUG: Frame 77 process time: 0.077544s
[11.994477] DEBUG: Frame 78 process time: 0.077595s
[12.102073] DEBUG: Frame 79 process time: 0.077142s
[12.213794] DEBUG: Frame 80 process time: 0.080701s
[12.322723] DEBUG: Frame 81 process time: 0.077587s
[12.431244] DEBUG: Frame 82 process time: 0.077137s
[12.543123] DEBUG: Frame 83 process time: 0.080712s
[12.655326] DEBUG: Frame 84 process time: 0.081626s
[12.763101] DEBUG: Frame 85 process time: 0.076538s
[12.870692] DEBUG: Frame 86 process time: 0.076915s
[12.978655] DEBUG: Frame 87 process time: 0.077293s
[13.086633] DEBUG: Frame 88 process time: 0.077457s
[13.200492] DEBUG: Frame 89 process time: 0.082650s
[13.309604] DEBUG: Frame 90 process time: 0.077828s
[13.417865] DEBUG: Frame 91 process time: 0.077078s
[13.526003] DEBUG: Frame 92 process time: 0.076983s
[13.634998] DEBUG: Frame 93 process time: 0.077892s
[13.743095] DEBUG: Frame 94 process time: 0.077655s
[13.851444] DEBUG: Frame 95 process time: 0.077018s
[13.959106] DEBUG: Frame 96 process time: 0.077131s
[14.067491] DEBUG: Frame 97 process time: 0.077022s
[14.181723] DEBUG: Frame 98 process time: 0.083654s
[14.290239] DEBUG: Frame 99 process time: 0.077293s
[14.320973] EVENT: Calculated point: nan nan nan
[14.321625] EVENT: Sent [LAT:nan] to Ground Station
[14.321710] EVENT: Sent [LON:nan] to Ground Station
[14.321731] CLOSE: Closing Logger :)
