[0.941360] INIT: Logger started :)
[0.942154] EVENT: Parameters parsed for blob detector
[0.942558] EVENT: Parameters parsed for math config
[0.942821] EVENT: Parameters parsed for color detection
[0.943015] EVENT: Parameters parsed for system config
[1.185861] EVENT: Camera Initialized Successfully
[1.800390] EVENT: Serial port /dev/serial0 opened
[1.800741] EVENT: Starting Flight controller loop
[1.801833] EVENT: IMU serial port /dev/ttyACM0 opened
[1.802138] EVENT: IMU sensor data loop started
[3.234216] EVENT: Tracking loop started
[3.819717] DEBUG: Frame 0 process time: 0.585356s
[3.945470] DEBUG: Frame 1 process time: 0.075353s
[4.092073] DEBUG: Frame 2 process time: 0.076930s
[4.268245] DEBUG: Frame 3 process time: 0.078159s
[4.419636] DEBUG: Frame 4 process time: 0.078142s
[4.579038] DEBUG: Frame 5 process time: 0.077019s
[4.746237] DEBUG: Frame 6 process time: 0.079573s
[5.585688] DEBUG: Frame 7 process time: 0.083180s
[6.114354] DEBUG: Frame 8 process time: 0.077778s
[6.263766] DEBUG: Frame 9 process time: 0.095184s
[6.398967] DEBUG: Frame 10 process time: 0.104814s
[6.526250] DEBUG: Frame 11 process time: 0.096968s
[6.650174] DEBUG: Frame 12 process time: 0.093676s
[7.061744] DEBUG: Frame 13 process time: 0.078810s
[7.189382] DEBUG: Frame 14 process time: 0.096913s
[7.314940] DEBUG: Frame 15 process time: 0.094878s
[7.429479] DEBUG: Frame 16 process time: 0.083385s
[7.774362] DEBUG: Frame 17 process time: 0.078706s
[7.890632] DEBUG: Frame 18 process time: 0.085704s
[8.007908] DEBUG: Frame 19 process time: 0.086655s
[8.122080] DEBUG: Frame 20 process time: 0.083605s
[8.420182] DEBUG: Frame 21 process time: 0.077695s
[8.534307] DEBUG: Frame 22 process time: 0.083608s
[9.051310] DEBUG: Frame 23 process time: 0.077326s
[9.190666] DEBUG: Frame 24 process time: 0.080476s
[9.911048] DEBUG: Frame 25 process time: 0.076294s
[10.768981] DEBUG: Frame 26 process time: 0.078423s
[10.886345] DEBUG: Frame 27 process time: 0.081887s
[10.997873] DEBUG: Frame 28 process time: 0.081312s
[11.112785] DEBUG: Frame 29 process time: 0.084654s
[11.228046] DEBUG: Frame 30 process time: 0.084985s
[11.580657] DEBUG: Frame 31 process time: 0.077748s
[11.697385] DEBUG: Frame 32 process time: 0.086464s
[11.809418] DEBUG: Frame 33 process time: 0.081829s
[11.920958] DEBUG: Frame 34 process time: 0.081335s
[12.032248] DEBUG: Frame 35 process time: 0.081057s
[12.146107] DEBUG: Frame 36 process time: 0.083606s
[14.877921] DEBUG: Frame 37 process time: 0.076677s
[14.986902] DEBUG: Frame 38 process time: 0.078527s
[15.094870] DEBUG: Frame 39 process time: 0.077692s
[15.204194] DEBUG: Frame 40 process time: 0.079106s
[15.312046] DEBUG: Frame 41 process time: 0.077632s
[15.419856] DEBUG: Frame 42 process time: 0.077596s
[15.529157] DEBUG: Frame 43 process time: 0.079007s
[15.637634] DEBUG: Frame 44 process time: 0.078253s
[15.748575] DEBUG: Frame 45 process time: 0.080718s
[15.856589] DEBUG: Frame 46 process time: 0.077789s
[15.967597] DEBUG: Frame 47 process time: 0.078201s
[16.074911] DEBUG: Frame 48 process time: 0.077085s
[16.191322] DEBUG: Frame 49 process time: 0.086199s
[16.300276] DEBUG: Frame 50 process time: 0.078750s
[16.409562] DEBUG: Frame 51 process time: 0.079077s
[16.521952] DEBUG: Frame 52 process time: 0.082023s
[16.633730] DEBUG: Frame 53 process time: 0.081393s
[17.455667] DEBUG: Frame 54 process time: 0.077394s
[17.571477] DEBUG: Frame 55 process time: 0.085132s
[17.688225] DEBUG: Frame 56 process time: 0.086540s
[17.802052] DEBUG: Frame 57 process time: 0.083550s
[17.915968] DEBUG: Frame 58 process time: 0.083690s
[18.028215] DEBUG: Frame 59 process time: 0.082019s
[18.404005] DEBUG: Frame 60 process time: 0.077147s
[18.517681] DEBUG: Frame 61 process time: 0.083495s
[18.628735] DEBUG: Frame 62 process time: 0.080829s
[18.745813] DEBUG: Frame 63 process time: 0.086850s
[18.860140] DEBUG: Frame 64 process time: 0.084107s
[19.225734] DEBUG: Frame 65 process time: 0.079463s
[19.337191] DEBUG: Frame 66 process time: 0.080739s
[19.450153] DEBUG: Frame 67 process time: 0.082734s
[19.563486] DEBUG: Frame 68 process time: 0.083108s
[19.681339] DEBUG: Frame 69 process time: 0.087625s
[20.020730] DEBUG: Frame 70 process time: 0.077906s
[20.129149] DEBUG: Frame 71 process time: 0.077237s
[20.238093] DEBUG: Frame 72 process time: 0.078704s
[20.345524] DEBUG: Frame 73 process time: 0.077210s
[20.453068] DEBUG: Frame 74 process time: 0.077245s
[20.560935] DEBUG: Frame 75 process time: 0.077607s
[20.671072] DEBUG: Frame 76 process time: 0.079911s
[20.778400] DEBUG: Frame 77 process time: 0.077111s
[20.886524] DEBUG: Frame 78 process time: 0.077894s
[20.998845] DEBUG: Frame 79 process time: 0.078665s
[21.106398] DEBUG: Frame 80 process time: 0.077325s
[21.214909] DEBUG: Frame 81 process time: 0.078289s
[21.322412] DEBUG: Frame 82 process time: 0.077285s
[21.430368] DEBUG: Frame 83 process time: 0.077737s
[21.537933] DEBUG: Frame 84 process time: 0.077361s
[21.645519] DEBUG: Frame 85 process time: 0.077365s
[21.755441] DEBUG: Frame 86 process time: 0.079695s
[21.863506] DEBUG: Frame 87 process time: 0.077846s
[21.971430] DEBUG: Frame 88 process time: 0.077705s
[22.078326] DEBUG: Frame 89 process time: 0.076675s
[22.188746] DEBUG: Frame 90 process time: 0.080128s
[22.296142] DEBUG: Frame 91 process time: 0.077169s
[22.404152] DEBUG: Frame 92 process time: 0.077786s
[22.510916] DEBUG: Frame 93 process time: 0.076551s
[22.617968] DEBUG: Frame 94 process time: 0.076827s
[22.726525] DEBUG: Frame 95 process time: 0.078335s
[22.833524] DEBUG: Frame 96 process time: 0.076779s
[22.940366] DEBUG: Frame 97 process time: 0.076615s
[23.048693] DEBUG: Frame 98 process time: 0.078113s
[23.161470] DEBUG: Frame 99 process time: 0.082559s
[23.191878] EVENT: Calculated point:   2.25149 -0.758551         0
[23.191923] CLOSE: Closing Logger :)
