[0.000737] INIT: Logger started :)
[0.001350] EVENT: Parameters parsed for blob detector
[0.001596] EVENT: Parameters parsed for math config
[0.001746] EVENT: Parameters parsed for color detection
[0.001843] EVENT: Parameters parsed for system config
[0.261888] EVENT: Camera Initialized Successfully
[1.775052] EVENT: Serial port /dev/serial0 opened
[1.775515] EVENT: Starting Flight controller loop
[1.777858] EVENT: IMU serial port /dev/ttyACM0 opened
[1.778184] EVENT: IMU sensor data loop started
[1.986044] EVENT: Tracking loop started
[2.508767] DEBUG: Frame 0 process time: 0.517047s
[2.650546] DEBUG: Frame 1 process time: 0.092786s
[2.766832] DEBUG: Frame 2 process time: 0.079472s
[2.887294] DEBUG: Frame 3 process time: 0.089255s
[3.008293] DEBUG: Frame 4 process time: 0.080310s
[3.118600] DEBUG: Frame 5 process time: 0.079552s
[3.227590] DEBUG: Frame 6 process time: 0.078464s
[3.335135] DEBUG: Frame 7 process time: 0.076873s
[3.443585] DEBUG: Frame 8 process time: 0.077424s
[3.553020] DEBUG: Frame 9 process time: 0.078626s
[3.661560] DEBUG: Frame 10 process time: 0.077461s
[3.769324] DEBUG: Frame 11 process time: 0.077026s
[3.878229] DEBUG: Frame 12 process time: 0.077870s
[3.986077] DEBUG: Frame 13 process time: 0.076552s
[4.093245] DEBUG: Frame 14 process time: 0.076166s
[4.201510] DEBUG: Frame 15 process time: 0.077137s
[4.309412] DEBUG: Frame 16 process time: 0.076592s
[4.416096] DEBUG: Frame 17 process time: 0.076163s
[4.524019] DEBUG: Frame 18 process time: 0.076740s
[4.632754] DEBUG: Frame 19 process time: 0.077961s
[4.740539] DEBUG: Frame 20 process time: 0.076814s
[4.848086] DEBUG: Frame 21 process time: 0.076303s
[4.955861] DEBUG: Frame 22 process time: 0.076719s
[5.079340] DEBUG: Frame 23 process time: 0.092606s
[5.194942] DEBUG: Frame 24 process time: 0.084608s
[5.304156] DEBUG: Frame 25 process time: 0.078140s
[5.411716] DEBUG: Frame 26 process time: 0.076919s
[5.522879] DEBUG: Frame 27 process time: 0.080273s
[5.631623] DEBUG: Frame 28 process time: 0.078153s
[5.742731] DEBUG: Frame 29 process time: 0.080331s
[5.851072] DEBUG: Frame 30 process time: 0.077401s
[5.958572] DEBUG: Frame 31 process time: 0.076972s
[6.066495] DEBUG: Frame 32 process time: 0.077171s
[6.174679] DEBUG: Frame 33 process time: 0.077640s
[6.282558] DEBUG: Frame 34 process time: 0.076880s
[6.389992] DEBUG: Frame 35 process time: 0.076095s
[6.498767] DEBUG: Frame 36 process time: 0.077340s
[6.606470] DEBUG: Frame 37 process time: 0.077121s
[6.723273] DEBUG: Frame 38 process time: 0.085922s
[6.833988] DEBUG: Frame 39 process time: 0.080154s
[6.943956] DEBUG: Frame 40 process time: 0.079389s
[7.053907] DEBUG: Frame 41 process time: 0.078805s
[8.817401] DEBUG: Frame 42 process time: 0.078013s
[8.926071] DEBUG: Frame 43 process time: 0.077987s
[9.035537] DEBUG: Frame 44 process time: 0.078889s
[9.143570] DEBUG: Frame 45 process time: 0.077672s
[9.256752] DEBUG: Frame 46 process time: 0.082165s
[9.365609] DEBUG: Frame 47 process time: 0.077923s
[9.475685] DEBUG: Frame 48 process time: 0.078959s
[9.584930] DEBUG: Frame 49 process time: 0.078028s
[9.698718] DEBUG: Frame 50 process time: 0.083425s
[9.806400] DEBUG: Frame 51 process time: 0.077240s
[9.914344] DEBUG: Frame 52 process time: 0.076720s
[10.024330] DEBUG: Frame 53 process time: 0.079445s
[10.148047] DEBUG: Frame 54 process time: 0.092369s
[10.258197] DEBUG: Frame 55 process time: 0.078950s
[10.365807] DEBUG: Frame 56 process time: 0.077127s
[10.472682] DEBUG: Frame 57 process time: 0.076009s
[10.579956] DEBUG: Frame 58 process time: 0.076125s
[10.687268] DEBUG: Frame 59 process time: 0.076510s
[10.796379] DEBUG: Frame 60 process time: 0.078175s
[10.904131] DEBUG: Frame 61 process time: 0.077016s
[11.011677] DEBUG: Frame 62 process time: 0.077043s
[11.119921] DEBUG: Frame 63 process time: 0.077592s
[11.232029] DEBUG: Frame 64 process time: 0.081044s
[11.341426] DEBUG: Frame 65 process time: 0.078878s
[11.450977] DEBUG: Frame 66 process time: 0.078570s
[11.560306] DEBUG: Frame 67 process time: 0.078291s
[11.670838] DEBUG: Frame 68 process time: 0.079618s
[11.780965] DEBUG: Frame 69 process time: 0.078831s
[11.891747] DEBUG: Frame 70 process time: 0.078545s
[12.000596] DEBUG: Frame 71 process time: 0.078289s
[12.109083] DEBUG: Frame 72 process time: 0.077704s
[12.222460] DEBUG: Frame 73 process time: 0.082675s
[12.331828] DEBUG: Frame 74 process time: 0.078995s
[12.440359] DEBUG: Frame 75 process time: 0.078032s
[12.551876] DEBUG: Frame 76 process time: 0.080761s
[12.664065] DEBUG: Frame 77 process time: 0.081020s
[12.772847] DEBUG: Frame 78 process time: 0.078018s
[12.880947] DEBUG: Frame 79 process time: 0.077698s
[12.988000] DEBUG: Frame 80 process time: 0.076350s
[13.096320] DEBUG: Frame 81 process time: 0.077186s
[13.207124] DEBUG: Frame 82 process time: 0.080263s
[13.315570] DEBUG: Frame 83 process time: 0.077172s
[13.425529] DEBUG: Frame 84 process time: 0.079430s
[13.536265] DEBUG: Frame 85 process time: 0.080275s
[13.645492] DEBUG: Frame 86 process time: 0.078845s
[13.755217] DEBUG: Frame 87 process time: 0.078859s
[13.864462] DEBUG: Frame 88 process time: 0.078593s
[13.973568] DEBUG: Frame 89 process time: 0.078677s
[14.082330] DEBUG: Frame 90 process time: 0.077982s
[14.191137] DEBUG: Frame 91 process time: 0.078256s
[14.299194] DEBUG: Frame 92 process time: 0.077489s
[14.407227] DEBUG: Frame 93 process time: 0.077369s
[14.515527] DEBUG: Frame 94 process time: 0.077324s
[14.623844] DEBUG: Frame 95 process time: 0.077943s
[14.732844] DEBUG: Frame 96 process time: 0.078402s
[14.840173] DEBUG: Frame 97 process time: 0.076656s
[14.948795] DEBUG: Frame 98 process time: 0.077774s
[15.065413] DEBUG: Frame 99 process time: 0.086231s
[15.096528] EVENT: Calculated point: nan nan nan
[15.096667] EVENT: Sent [LAT:nan] to Ground Station
[15.096862] EVENT: Sent [LON:nan] to Ground Station
[15.096887] CLOSE: Closing Logger :)
