[0.004197] INIT: Logger started :)
[0.004651] EVENT: Parameters parsed for blob detector
[0.004871] EVENT: Parameters parsed for math config
[0.005117] EVENT: Parameters parsed for color detection
[0.005270] EVENT: Parameters parsed for system config
[0.280391] EVENT: Camera Initialized Successfully
[1.449941] EVENT: Serial port /dev/serial0 opened
[1.450274] EVENT: Starting Flight controller loop
[1.452024] EVENT: IMU serial port /dev/ttyACM0 opened
[1.452363] EVENT: IMU sensor data loop started
[1.697434] EVENT: Tracking loop started
[2.217153] DEBUG: Frame 0 process time: 0.519484s
[2.357669] DEBUG: Frame 1 process time: 0.093492s
[2.481987] DEBUG: Frame 2 process time: 0.081626s
[2.604491] DEBUG: Frame 3 process time: 0.091303s
[2.728911] DEBUG: Frame 4 process time: 0.083762s
[2.843099] DEBUG: Frame 5 process time: 0.083665s
[2.958683] DEBUG: Frame 6 process time: 0.085083s
[3.068058] DEBUG: Frame 7 process time: 0.078214s
[3.177348] DEBUG: Frame 8 process time: 0.078625s
[3.288253] DEBUG: Frame 9 process time: 0.080276s
[3.398996] DEBUG: Frame 10 process time: 0.080157s
[3.509550] DEBUG: Frame 11 process time: 0.079235s
[3.619164] DEBUG: Frame 12 process time: 0.078813s
[3.728713] DEBUG: Frame 13 process time: 0.078913s
[3.838481] DEBUG: Frame 14 process time: 0.078488s
[3.950940] DEBUG: Frame 15 process time: 0.082065s
[4.062075] DEBUG: Frame 16 process time: 0.080689s
[4.174232] DEBUG: Frame 17 process time: 0.081037s
[4.285610] DEBUG: Frame 18 process time: 0.080221s
[4.399548] DEBUG: Frame 19 process time: 0.082890s
[4.509434] DEBUG: Frame 20 process time: 0.079425s
[4.619713] DEBUG: Frame 21 process time: 0.079203s
[4.731444] DEBUG: Frame 22 process time: 0.080641s
[4.841506] DEBUG: Frame 23 process time: 0.079522s
[4.953941] DEBUG: Frame 24 process time: 0.081307s
[5.078157] DEBUG: Frame 25 process time: 0.092654s
[5.197881] DEBUG: Frame 26 process time: 0.083498s
[5.309944] DEBUG: Frame 27 process time: 0.081077s
[5.424176] DEBUG: Frame 28 process time: 0.083337s
[5.534644] DEBUG: Frame 29 process time: 0.079457s
[5.642632] DEBUG: Frame 30 process time: 0.077170s
[5.750044] DEBUG: Frame 31 process time: 0.076437s
[5.858578] DEBUG: Frame 32 process time: 0.077375s
[5.967793] DEBUG: Frame 33 process time: 0.078068s
[6.077420] DEBUG: Frame 34 process time: 0.078597s
[6.187613] DEBUG: Frame 35 process time: 0.079016s
[6.297395] DEBUG: Frame 36 process time: 0.078722s
[6.412723] DEBUG: Frame 37 process time: 0.084253s
[6.522405] DEBUG: Frame 38 process time: 0.079116s
[6.630686] DEBUG: Frame 39 process time: 0.077198s
[6.738525] DEBUG: Frame 40 process time: 0.077352s
[6.847095] DEBUG: Frame 41 process time: 0.077332s
[6.956125] DEBUG: Frame 42 process time: 0.077939s
[7.064549] DEBUG: Frame 43 process time: 0.077748s
[7.172758] DEBUG: Frame 44 process time: 0.077273s
[7.282265] DEBUG: Frame 45 process time: 0.079048s
[7.391086] DEBUG: Frame 46 process time: 0.077602s
[7.499843] DEBUG: Frame 47 process time: 0.077839s
[7.607900] DEBUG: Frame 48 process time: 0.076795s
[7.716560] DEBUG: Frame 49 process time: 0.078226s
[7.824995] DEBUG: Frame 50 process time: 0.078098s
[7.935308] DEBUG: Frame 51 process time: 0.079230s
[8.042929] DEBUG: Frame 52 process time: 0.076697s
[8.151161] DEBUG: Frame 53 process time: 0.077615s
[8.259730] DEBUG: Frame 54 process time: 0.077508s
[8.368735] DEBUG: Frame 55 process time: 0.077851s
[8.477542] DEBUG: Frame 56 process time: 0.077836s
[8.586097] DEBUG: Frame 57 process time: 0.077546s
[8.694851] DEBUG: Frame 58 process time: 0.077982s
[8.803809] DEBUG: Frame 59 process time: 0.077791s
[8.912953] DEBUG: Frame 60 process time: 0.078169s
[9.021288] DEBUG: Frame 61 process time: 0.077743s
[9.129676] DEBUG: Frame 62 process time: 0.077155s
[9.238347] DEBUG: Frame 63 process time: 0.078154s
[9.346276] DEBUG: Frame 64 process time: 0.077577s
[9.455061] DEBUG: Frame 65 process time: 0.077529s
[9.564189] DEBUG: Frame 66 process time: 0.077796s
[9.672693] DEBUG: Frame 67 process time: 0.077820s
[9.780986] DEBUG: Frame 68 process time: 0.077450s
[9.889406] DEBUG: Frame 69 process time: 0.077712s
[9.998825] DEBUG: Frame 70 process time: 0.077948s
[10.131152] DEBUG: Frame 71 process time: 0.100791s
[10.246041] DEBUG: Frame 72 process time: 0.080686s
[10.357218] DEBUG: Frame 73 process time: 0.080445s
[10.466605] DEBUG: Frame 74 process time: 0.078475s
[10.575674] DEBUG: Frame 75 process time: 0.078058s
[10.684299] DEBUG: Frame 76 process time: 0.077421s
[10.793230] DEBUG: Frame 77 process time: 0.077801s
[10.903151] DEBUG: Frame 78 process time: 0.079463s
[11.011623] DEBUG: Frame 79 process time: 0.077725s
[11.120434] DEBUG: Frame 80 process time: 0.077388s
[11.229187] DEBUG: Frame 81 process time: 0.078023s
[11.339834] DEBUG: Frame 82 process time: 0.079217s
[11.448594] DEBUG: Frame 83 process time: 0.077384s
[11.557099] DEBUG: Frame 84 process time: 0.077995s
[11.666034] DEBUG: Frame 85 process time: 0.078082s
[11.773447] DEBUG: Frame 86 process time: 0.076664s
[11.882339] DEBUG: Frame 87 process time: 0.078421s
[11.989965] DEBUG: Frame 88 process time: 0.076845s
[12.096021] DEBUG: Frame 89 process time: 0.075425s
[12.205407] DEBUG: Frame 90 process time: 0.078749s
[12.312927] DEBUG: Frame 91 process time: 0.077007s
[12.423537] DEBUG: Frame 92 process time: 0.079833s
[12.531537] DEBUG: Frame 93 process time: 0.077463s
[12.639702] DEBUG: Frame 94 process time: 0.076854s
[12.745533] DEBUG: Frame 95 process time: 0.075355s
[12.852943] DEBUG: Frame 96 process time: 0.076666s
[12.963896] DEBUG: Frame 97 process time: 0.080421s
[13.071258] DEBUG: Frame 98 process time: 0.076246s
[13.178126] DEBUG: Frame 99 process time: 0.075564s
[13.208678] EVENT: Calculated point: nan nan nan
[13.208888] EVENT: Sent [LAT:nan] to Ground Station
[13.209019] EVENT: Sent [LON:nan] to Ground Station
[13.209045] CLOSE: Closing Logger :)
