[0.000812] INIT: Logger started :)
[0.001372] EVENT: Parameters parsed for blob detector
[0.007750] EVENT: Parameters parsed for math config
[0.007890] EVENT: Parameters parsed for color detection
[0.007983] EVENT: Parameters parsed for system config
[0.263120] EVENT: Camera Initialized Successfully
[1.511516] EVENT: Serial port /dev/serial0 opened
[1.512055] EVENT: Starting Flight controller loop
[1.514515] EVENT: IMU serial port /dev/ttyACM0 opened
[1.515173] EVENT: IMU sensor data loop started
[1.749059] EVENT: Tracking loop started
[2.264731] DEBUG: Frame 0 process time: 0.515466s
[2.393425] DEBUG: Frame 1 process time: 0.089878s
[2.513899] DEBUG: Frame 2 process time: 0.081152s
[2.628969] DEBUG: Frame 3 process time: 0.084720s
[2.754140] DEBUG: Frame 4 process time: 0.080878s
[2.865978] DEBUG: Frame 5 process time: 0.081066s
[2.976991] DEBUG: Frame 6 process time: 0.080501s
[3.084605] DEBUG: Frame 7 process time: 0.077325s
[3.191475] DEBUG: Frame 8 process time: 0.075755s
[3.300839] DEBUG: Frame 9 process time: 0.078722s
[3.412192] DEBUG: Frame 10 process time: 0.080110s
[3.520125] DEBUG: Frame 11 process time: 0.077481s
[3.625598] DEBUG: Frame 12 process time: 0.074223s
[3.731384] DEBUG: Frame 13 process time: 0.075453s
[3.837430] DEBUG: Frame 14 process time: 0.074692s
[3.943474] DEBUG: Frame 15 process time: 0.074833s
[4.051050] DEBUG: Frame 16 process time: 0.077072s
[4.157611] DEBUG: Frame 17 process time: 0.075452s
[4.262591] DEBUG: Frame 18 process time: 0.074706s
[4.368291] DEBUG: Frame 19 process time: 0.074692s
[4.477430] DEBUG: Frame 20 process time: 0.078625s
[4.584605] DEBUG: Frame 21 process time: 0.076383s
[4.690644] DEBUG: Frame 22 process time: 0.075435s
[4.797301] DEBUG: Frame 23 process time: 0.075386s
[4.904462] DEBUG: Frame 24 process time: 0.075885s
[5.016673] DEBUG: Frame 25 process time: 0.081669s
[5.188711] DEBUG: Frame 26 process time: 0.131180s
[6.010824] DEBUG: Frame 27 process time: 0.106725s
[6.120578] DEBUG: Frame 28 process time: 0.079213s
[6.227875] DEBUG: Frame 29 process time: 0.076336s
[6.335285] DEBUG: Frame 30 process time: 0.076172s
[6.451750] DEBUG: Frame 31 process time: 0.085439s
[6.561447] DEBUG: Frame 32 process time: 0.078649s
[6.668532] DEBUG: Frame 33 process time: 0.076011s
[6.777035] DEBUG: Frame 34 process time: 0.077281s
[6.886300] DEBUG: Frame 35 process time: 0.078060s
[7.003427] DEBUG: Frame 36 process time: 0.086106s
[7.112057] DEBUG: Frame 37 process time: 0.078245s
[7.221597] DEBUG: Frame 38 process time: 0.078213s
[7.332393] DEBUG: Frame 39 process time: 0.079967s
[7.446513] DEBUG: Frame 40 process time: 0.083698s
[7.556997] DEBUG: Frame 41 process time: 0.079243s
[7.664405] DEBUG: Frame 42 process time: 0.076191s
[7.770909] DEBUG: Frame 43 process time: 0.076137s
[7.877512] DEBUG: Frame 44 process time: 0.076033s
[7.993381] DEBUG: Frame 45 process time: 0.084599s
[8.101679] DEBUG: Frame 46 process time: 0.077057s
[8.208963] DEBUG: Frame 47 process time: 0.076798s
[8.318037] DEBUG: Frame 48 process time: 0.078140s
[8.428460] DEBUG: Frame 49 process time: 0.079510s
[8.554851] DEBUG: Frame 50 process time: 0.096108s
[8.665847] DEBUG: Frame 51 process time: 0.080525s
[8.776619] DEBUG: Frame 52 process time: 0.079990s
[8.888756] DEBUG: Frame 53 process time: 0.081174s
[9.001874] DEBUG: Frame 54 process time: 0.082128s
[9.113914] DEBUG: Frame 55 process time: 0.081045s
[9.226393] DEBUG: Frame 56 process time: 0.082104s
[9.339452] DEBUG: Frame 57 process time: 0.081811s
[9.456959] DEBUG: Frame 58 process time: 0.086826s
[9.569906] DEBUG: Frame 59 process time: 0.081812s
[9.684326] DEBUG: Frame 60 process time: 0.083103s
[9.797939] DEBUG: Frame 61 process time: 0.082530s
[9.911839] DEBUG: Frame 62 process time: 0.083556s
[10.030470] DEBUG: Frame 63 process time: 0.087938s
[10.155136] DEBUG: Frame 64 process time: 0.094268s
[10.269190] DEBUG: Frame 65 process time: 0.082985s
[10.385552] DEBUG: Frame 66 process time: 0.085470s
[10.506003] DEBUG: Frame 67 process time: 0.089851s
[10.622081] DEBUG: Frame 68 process time: 0.085609s
[10.738185] DEBUG: Frame 69 process time: 0.085106s
[10.853533] DEBUG: Frame 70 process time: 0.084299s
[10.972018] DEBUG: Frame 71 process time: 0.087261s
[11.088205] DEBUG: Frame 72 process time: 0.085543s
[11.204449] DEBUG: Frame 73 process time: 0.085012s
[11.321170] DEBUG: Frame 74 process time: 0.086091s
[11.439320] DEBUG: Frame 75 process time: 0.087312s
[11.555239] DEBUG: Frame 76 process time: 0.085309s
[11.670255] DEBUG: Frame 77 process time: 0.084210s
[11.786278] DEBUG: Frame 78 process time: 0.085120s
[11.901578] DEBUG: Frame 79 process time: 0.084674s
[12.020250] DEBUG: Frame 80 process time: 0.087689s
[12.135313] DEBUG: Frame 81 process time: 0.084266s
[12.252471] DEBUG: Frame 82 process time: 0.086150s
[12.368519] DEBUG: Frame 83 process time: 0.085444s
[12.486994] DEBUG: Frame 84 process time: 0.087256s
[12.602533] DEBUG: Frame 85 process time: 0.084875s
[12.726858] DEBUG: Frame 86 process time: 0.093111s
[12.852238] DEBUG: Frame 87 process time: 0.094257s
[12.974218] DEBUG: Frame 88 process time: 0.091312s
[13.090636] DEBUG: Frame 89 process time: 0.085381s
[13.206689] DEBUG: Frame 90 process time: 0.084875s
[13.321418] DEBUG: Frame 91 process time: 0.083663s
[13.439934] DEBUG: Frame 92 process time: 0.088196s
[13.569679] DEBUG: Frame 93 process time: 0.099276s
[13.686101] DEBUG: Frame 94 process time: 0.085417s
[13.801312] DEBUG: Frame 95 process time: 0.083989s
[13.917715] DEBUG: Frame 96 process time: 0.085797s
[14.036196] DEBUG: Frame 97 process time: 0.087227s
[14.149453] DEBUG: Frame 98 process time: 0.082573s
[14.256065] DEBUG: Frame 99 process time: 0.075539s
[14.286444] EVENT: Calculated point:      155.034     -18.4149 -1.77636e-16
[14.286538] EVENT: Sent [LAT:155.034317] to Ground Station
[14.287185] EVENT: Sent [LON:-18.414930] to Ground Station
[14.287205] CLOSE: Closing Logger :)
