[0.000428] INIT: Logger started :)
[0.000778] EVENT: Parameters parsed for blob detector
[0.000943] EVENT: Parameters parsed for math config
[0.001052] EVENT: Parameters parsed for color detection
[0.001134] EVENT: Parameters parsed for system config
[0.223209] EVENT: Camera Initialized Successfully
[0.769249] EVENT: Serial port /dev/ttyACM1 opened
[0.769565] EVENT: Starting Flight controller loop
[0.771505] EVENT: IMU serial port /dev/ttyACM0 opened
[0.771835] EVENT: IMU sensor data loop started
[1.830365] EVENT: Tracking loop started
[2.394914] DEBUG: Frame 0 process time: 0.564408s
[2.520878] DEBUG: Frame 1 process time: 0.075416s
[2.637938] DEBUG: Frame 2 process time: 0.076530s
[2.789503] DEBUG: Frame 3 process time: 0.076101s
[2.921994] DEBUG: Frame 4 process time: 0.076591s
[3.058743] DEBUG: Frame 5 process time: 0.077375s
[3.211707] DEBUG: Frame 6 process time: 0.078320s
[3.758296] DEBUG: Frame 7 process time: 0.076804s
[3.901592] DEBUG: Frame 8 process time: 0.094072s
[4.013682] DEBUG: Frame 9 process time: 0.081839s
[4.230787] DEBUG: Frame 10 process time: 0.077204s
[4.343098] DEBUG: Frame 11 process time: 0.081500s
[4.454497] DEBUG: Frame 12 process time: 0.081195s
[4.569934] DEBUG: Frame 13 process time: 0.084937s
[4.683027] DEBUG: Frame 14 process time: 0.078152s
[4.795701] DEBUG: Frame 15 process time: 0.081697s
[4.906762] DEBUG: Frame 16 process time: 0.080849s
[5.023416] DEBUG: Frame 17 process time: 0.082878s
[5.139980] DEBUG: Frame 18 process time: 0.084401s
[5.252196] DEBUG: Frame 19 process time: 0.081188s
[5.362264] DEBUG: Frame 20 process time: 0.076474s
[5.474970] DEBUG: Frame 21 process time: 0.082021s
[5.650724] DEBUG: Frame 22 process time: 0.077141s
[5.765718] DEBUG: Frame 23 process time: 0.083794s
[5.946219] DEBUG: Frame 24 process time: 0.076587s
[6.061591] DEBUG: Frame 25 process time: 0.084510s
[6.173008] DEBUG: Frame 26 process time: 0.081218s
[6.288454] DEBUG: Frame 27 process time: 0.084523s
[6.398999] DEBUG: Frame 28 process time: 0.080331s
[6.590388] DEBUG: Frame 29 process time: 0.076715s
[6.703024] DEBUG: Frame 30 process time: 0.082034s
[6.886943] DEBUG: Frame 31 process time: 0.077329s
[7.001237] DEBUG: Frame 32 process time: 0.083353s
[7.172322] DEBUG: Frame 33 process time: 0.078623s
[7.285605] DEBUG: Frame 34 process time: 0.082420s
[7.482817] DEBUG: Frame 35 process time: 0.077129s
[7.610344] DEBUG: Frame 36 process time: 0.076673s
[7.968257] DEBUG: Frame 37 process time: 0.078525s
[8.292039] DEBUG: Frame 38 process time: 0.077958s
[8.405712] DEBUG: Frame 39 process time: 0.082645s
[8.597950] DEBUG: Frame 40 process time: 0.076233s
[8.708729] DEBUG: Frame 41 process time: 0.080363s
[8.883289] DEBUG: Frame 42 process time: 0.077491s
[9.010722] DEBUG: Frame 43 process time: 0.096138s
[9.173616] DEBUG: Frame 44 process time: 0.077431s
[9.286720] DEBUG: Frame 45 process time: 0.082735s
[9.461711] DEBUG: Frame 46 process time: 0.075901s
[9.574693] DEBUG: Frame 47 process time: 0.082446s
[9.684871] DEBUG: Frame 48 process time: 0.079949s
[9.799145] DEBUG: Frame 49 process time: 0.080787s
[9.908376] DEBUG: Frame 50 process time: 0.078990s
[10.020400] DEBUG: Frame 51 process time: 0.081102s
[10.131363] DEBUG: Frame 52 process time: 0.080665s
[10.248092] DEBUG: Frame 53 process time: 0.085919s
[10.358063] DEBUG: Frame 54 process time: 0.079756s
[10.466959] DEBUG: Frame 55 process time: 0.077142s
[10.580618] DEBUG: Frame 56 process time: 0.083169s
[10.749975] DEBUG: Frame 57 process time: 0.076324s
[10.861821] DEBUG: Frame 58 process time: 0.081043s
[11.022340] DEBUG: Frame 59 process time: 0.076497s
[11.136878] DEBUG: Frame 60 process time: 0.083752s
[11.307513] DEBUG: Frame 61 process time: 0.077577s
[11.421695] DEBUG: Frame 62 process time: 0.083214s
[11.590558] DEBUG: Frame 63 process time: 0.076480s
[11.705994] DEBUG: Frame 64 process time: 0.084744s
[11.887459] DEBUG: Frame 65 process time: 0.077402s
[12.001973] DEBUG: Frame 66 process time: 0.083683s
[12.113430] DEBUG: Frame 67 process time: 0.081212s
[12.234630] DEBUG: Frame 68 process time: 0.090397s
[12.344260] DEBUG: Frame 69 process time: 0.079404s
[12.458349] DEBUG: Frame 70 process time: 0.083309s
[12.569905] DEBUG: Frame 71 process time: 0.081295s
[12.695907] DEBUG: Frame 72 process time: 0.081794s
[12.808224] DEBUG: Frame 73 process time: 0.082083s
[12.921401] DEBUG: Frame 74 process time: 0.082367s
[13.031879] DEBUG: Frame 75 process time: 0.080100s
[13.149443] DEBUG: Frame 76 process time: 0.083171s
[13.259096] DEBUG: Frame 77 process time: 0.079427s
[13.455230] DEBUG: Frame 78 process time: 0.076948s
[13.582642] DEBUG: Frame 79 process time: 0.096577s
[13.700012] DEBUG: Frame 80 process time: 0.087038s
[13.813360] DEBUG: Frame 81 process time: 0.082469s
[14.007468] DEBUG: Frame 82 process time: 0.077187s
[14.135116] DEBUG: Frame 83 process time: 0.097292s
[14.284034] DEBUG: Frame 84 process time: 0.077863s
[14.415541] DEBUG: Frame 85 process time: 0.098658s
[14.579679] DEBUG: Frame 86 process time: 0.077556s
[14.703860] DEBUG: Frame 87 process time: 0.092872s
[14.867587] DEBUG: Frame 88 process time: 0.077279s
[14.997790] DEBUG: Frame 89 process time: 0.098774s
[15.155441] DEBUG: Frame 90 process time: 0.077326s
[15.282732] DEBUG: Frame 91 process time: 0.096371s
[15.401351] DEBUG: Frame 92 process time: 0.088341s
[15.533349] DEBUG: Frame 93 process time: 0.096272s
[15.651123] DEBUG: Frame 94 process time: 0.087544s
[15.775822] DEBUG: Frame 95 process time: 0.083507s
[15.898046] DEBUG: Frame 96 process time: 0.091987s
[16.123255] DEBUG: Frame 97 process time: 0.077043s
[16.249838] DEBUG: Frame 98 process time: 0.096170s
[16.420496] DEBUG: Frame 99 process time: 0.078230s
[16.451205] EVENT: Calculated point: 0.853832 0.477303        0
[16.451262] CLOSE: Closing Logger :)
